#
# There is insufficient memory for the Java Runtime Environment to continue.
# Native memory allocation (malloc) failed to allocate 1346736 bytes for Chunk::new
# Possible reasons:
#   The system is out of physical RAM or swap space
#   In 32 bit mode, the process size limit was hit
# Possible solutions:
#   Reduce memory load on the system
#   Increase physical memory or swap space
#   Check if swap backing store is full
#   Use 64 bit Java on a 64 bit OS
#   Decrease Java heap size (-Xmx/-Xms)
#   Decrease number of Java threads
#   Decrease Java thread stack sizes (-Xss)
#   Set larger code cache with -XX:ReservedCodeCacheSize=
# This output file may be truncated or incomplete.
#
#  Out of Memory Error (allocation.cpp:390), pid=6272, tid=6184
#
# JRE version: Java(TM) SE Runtime Environment (8.0_91-b15) (build 1.8.0_91-b15)
# Java VM: Java HotSpot(TM) 64-Bit Server VM (25.91-b15 mixed mode windows-amd64 compressed oops)
# Failed to write core dump. Minidumps are not enabled by default on client versions of Windows
#

---------------  T H R E A D  ---------------

Current thread (0x00000000148c0000):  JavaThread "C2 CompilerThread1" daemon [_thread_in_native, id=6184, stack(0x0000000015ff0000,0x00000000160f0000)]

Stack: [0x0000000015ff0000,0x00000000160f0000]
[error occurred during error reporting (printing stack bounds), id 0xc0000005]

Native frames: (J=compiled Java code, j=interpreted, Vv=VM code, C=native code)


Current CompileTask:
C2:   2855 1037   !   4       com.android.dx.cf.code.BytecodeArray::parseInstruction (2764 bytes)


---------------  P R O C E S S  ---------------

Java Threads: ( => current thread )
  0x0000000016471000 JavaThread "pool-1-thread-4" [_thread_blocked, id=6968, stack(0x0000000016bf0000,0x0000000016cf0000)]
  0x000000001647d800 JavaThread "pool-1-thread-3" [_thread_in_Java, id=5532, stack(0x0000000016af0000,0x0000000016bf0000)]
  0x000000001632c000 JavaThread "pool-1-thread-2" [_thread_in_Java, id=7068, stack(0x00000000169f0000,0x0000000016af0000)]
  0x000000001633e000 JavaThread "pool-2-thread-1" [_thread_blocked, id=7904, stack(0x00000000168f0000,0x00000000169f0000)]
  0x0000000016334000 JavaThread "pool-1-thread-1" [_thread_in_Java, id=5784, stack(0x00000000167f0000,0x00000000168f0000)]
  0x00000000161f5800 JavaThread "Service Thread" daemon [_thread_blocked, id=8420, stack(0x00000000165f0000,0x00000000166f0000)]
  0x0000000014919000 JavaThread "C1 CompilerThread2" daemon [_thread_blocked, id=6200, stack(0x00000000160f0000,0x00000000161f0000)]
=>0x00000000148c0000 JavaThread "C2 CompilerThread1" daemon [_thread_in_native, id=6184, stack(0x0000000015ff0000,0x00000000160f0000)]
  0x00000000148bd000 JavaThread "C2 CompilerThread0" daemon [_thread_in_native, id=7280, stack(0x0000000015ef0000,0x0000000015ff0000)]
  0x00000000148bb000 JavaThread "Attach Listener" daemon [_thread_blocked, id=5920, stack(0x0000000015df0000,0x0000000015ef0000)]
  0x00000000148b9800 JavaThread "Signal Dispatcher" daemon [_thread_blocked, id=8500, stack(0x0000000015cf0000,0x0000000015df0000)]
  0x00000000148aa800 JavaThread "Finalizer" daemon [_thread_blocked, id=7676, stack(0x0000000015b10000,0x0000000015c10000)]
  0x00000000021e0000 JavaThread "Reference Handler" daemon [_thread_blocked, id=5368, stack(0x0000000015a10000,0x0000000015b10000)]
  0x00000000020f1000 JavaThread "main" [_thread_blocked, id=8172, stack(0x0000000001ff0000,0x00000000020f0000)]

Other Threads:
  0x0000000014887800 VMThread [stack: 0x0000000015910000,0x0000000015a10000] [id=6752]
  0x0000000016202800 WatcherThread [stack: 0x00000000166f0000,0x00000000167f0000] [id=8780]

VM state:not at safepoint (normal execution)

VM Mutex/Monitor currently owned by a thread: None

Heap:
 PSYoungGen      total 18944K, used 11154K [0x00000000eab00000, 0x00000000ec000000, 0x0000000100000000)
  eden space 16384K, 52% used [0x00000000eab00000,0x00000000eb369dc0,0x00000000ebb00000)
  from space 2560K, 99% used [0x00000000ebb00000,0x00000000ebd7aac8,0x00000000ebd80000)
  to   space 2560K, 0% used [0x00000000ebd80000,0x00000000ebd80000,0x00000000ec000000)
 ParOldGen       total 44032K, used 2172K [0x00000000c0000000, 0x00000000c2b00000, 0x00000000eab00000)
  object space 44032K, 4% used [0x00000000c0000000,0x00000000c021f240,0x00000000c2b00000)
 Metaspace       used 5942K, capacity 6900K, committed 7040K, reserved 1056768K
  class space    used 606K, capacity 620K, committed 640K, reserved 1048576K

Card table byte_map: [0x00000000115b0000,0x00000000117c0000] byte_map_base: 0x0000000010fb0000

Marking Bits: (ParMarkBitMap*) 0x00000000607f2f70
 Begin Bits: [0x0000000011d20000, 0x0000000012d20000)
 End Bits:   [0x0000000012d20000, 0x0000000013d20000)

Polling page: 0x0000000000810000

CodeCache: size=245760Kb used=4305Kb max_used=4317Kb free=241454Kb
 bounds [0x00000000021f0000, 0x0000000002630000, 0x00000000111f0000]
 total_blobs=1348 nmethods=1079 adapters=182
 compilation: enabled

Compilation events (10 events):
Event: 2.847 Thread 0x0000000014919000 1081       1       com.android.dx.cf.code.RopperMachine::getReturnPosition (5 bytes)
Event: 2.847 Thread 0x0000000014919000 nmethod 1081 0x0000000002625850 code [0x00000000026259a0, 0x0000000002625ab0]
Event: 2.847 Thread 0x0000000014919000 1072       1       com.android.dx.cf.attrib.BaseLocalVariables::getLocalVariables (5 bytes)
Event: 2.847 Thread 0x0000000014919000 nmethod 1072 0x0000000002625b10 code [0x0000000002625c60, 0x0000000002625d70]
Event: 2.847 Thread 0x0000000014919000 1075       1       com.android.dx.cf.attrib.AttCode::getAttributes (5 bytes)
Event: 2.847 Thread 0x0000000014919000 nmethod 1075 0x0000000002625dd0 code [0x0000000002625f20, 0x0000000002626030]
Event: 2.847 Thread 0x0000000014919000 1076       1       com.android.dx.cf.attrib.AttLineNumberTable::getLineNumbers (5 bytes)
Event: 2.847 Thread 0x0000000014919000 nmethod 1076 0x0000000002626090 code [0x00000000026261e0, 0x00000000026262f0]
Event: 2.847 Thread 0x0000000014919000 1082       1       com.android.dx.rop.code.Rop::getSources (5 bytes)
Event: 2.848 Thread 0x0000000014919000 nmethod 1082 0x0000000002626350 code [0x00000000026264a0, 0x00000000026265b0]

GC Heap History (2 events):
Event: 2.331 GC heap before
{Heap before GC invocations=1 (full 0):
 PSYoungGen      total 18944K, used 16384K [0x00000000eab00000, 0x00000000ec000000, 0x0000000100000000)
  eden space 16384K, 100% used [0x00000000eab00000,0x00000000ebb00000,0x00000000ebb00000)
  from space 2560K, 0% used [0x00000000ebd80000,0x00000000ebd80000,0x00000000ec000000)
  to   space 2560K, 0% used [0x00000000ebb00000,0x00000000ebb00000,0x00000000ebd80000)
 ParOldGen       total 44032K, used 0K [0x00000000c0000000, 0x00000000c2b00000, 0x00000000eab00000)
  object space 44032K, 0% used [0x00000000c0000000,0x00000000c0000000,0x00000000c2b00000)
 Metaspace       used 5854K, capacity 6832K, committed 7040K, reserved 1056768K
  class space    used 602K, capacity 616K, committed 640K, reserved 1048576K
Event: 2.352 GC heap after
Heap after GC invocations=1 (full 0):
 PSYoungGen      total 18944K, used 2538K [0x00000000eab00000, 0x00000000ec000000, 0x0000000100000000)
  eden space 16384K, 0% used [0x00000000eab00000,0x00000000eab00000,0x00000000ebb00000)
  from space 2560K, 99% used [0x00000000ebb00000,0x00000000ebd7aac8,0x00000000ebd80000)
  to   space 2560K, 0% used [0x00000000ebd80000,0x00000000ebd80000,0x00000000ec000000)
 ParOldGen       total 44032K, used 2172K [0x00000000c0000000, 0x00000000c2b00000, 0x00000000eab00000)
  object space 44032K, 4% used [0x00000000c0000000,0x00000000c021f240,0x00000000c2b00000)
 Metaspace       used 5854K, capacity 6832K, committed 7040K, reserved 1056768K
  class space    used 602K, capacity 616K, committed 640K, reserved 1048576K
}

Deoptimization events (7 events):
Event: 1.199 Thread 0x00000000020f1000 Uncommon trap: reason=unstable_if action=reinterpret pc=0x0000000002419a3c method=java.util.HashMap.getNode(ILjava/lang/Object;)Ljava/util/HashMap$Node; @ 62
Event: 1.884 Thread 0x00000000020f1000 Uncommon trap: reason=unstable_if action=reinterpret pc=0x00000000024893cc method=java.util.HashMap.getNode(ILjava/lang/Object;)Ljava/util/HashMap$Node; @ 129
Event: 1.962 Thread 0x000000001647d800 Uncommon trap: reason=class_check action=maybe_recompile pc=0x0000000002503a68 method=com.android.dx.rop.type.Type.equals(Ljava/lang/Object;)Z @ 8
Event: 2.005 Thread 0x000000001647d800 Uncommon trap: reason=class_check action=maybe_recompile pc=0x0000000002503a68 method=com.android.dx.rop.type.Type.equals(Ljava/lang/Object;)Z @ 8
Event: 2.305 Thread 0x000000001632c000 Uncommon trap: reason=unstable_if action=reinterpret pc=0x000000000259a1dc method=com.android.dx.rop.cst.Constant.compareTo(Lcom/android/dx/rop/cst/Constant;)I @ 12
Event: 2.375 Thread 0x000000001647d800 Uncommon trap: reason=class_check action=maybe_recompile pc=0x0000000002503a68 method=com.android.dx.rop.type.Type.equals(Ljava/lang/Object;)Z @ 8
Event: 2.377 Thread 0x000000001647d800 Uncommon trap: reason=class_check action=maybe_recompile pc=0x0000000002503a68 method=com.android.dx.rop.type.Type.equals(Ljava/lang/Object;)Z @ 8

Internal exceptions (2 events):
Event: 0.207 Thread 0x00000000020f1000 Exception <a 'java/lang/NoSuchMethodError': Method sun.misc.Unsafe.defineClass(Ljava/lang/String;[BII)Ljava/lang/Class; name or signature does not match> (0x00000000eab07cc0) thrown at [C:\re\workspace\8-2-build-windows-amd64-cygwin\jdk8u91\7017\hotspot\srnÑn“Î~ ?
Event: 0.207 Thread 0x00000000020f1000 Exception <a 'java/lang/NoSuchMethodError': Method sun.misc.Unsafe.prefetchRead(Ljava/lang/Object;J)V name or signature does not match> (0x00000000eab07fa8) thrown at [C:\re\workspace\8-2-build-windows-amd64-cygwin\jdk8u91\7017\hotspot\src\share\vm\prims\j

Events (10 events):
Event: 2.382 loading class java/util/TreeMap$EntrySet
Event: 2.382 loading class java/util/TreeMap$EntrySet done
Event: 2.382 loading class java/util/TreeMap$EntryIterator
Event: 2.382 loading class java/util/TreeMap$EntryIterator done
Event: 2.382 Executing VM operation: Deoptimize
Event: 2.385 Executing VM operation: Deoptimize done
Event: 2.777 loading class java/util/HashMap$KeySet
Event: 2.778 loading class java/util/HashMap$KeySet done
Event: 2.778 loading class java/util/HashMap$KeyIterator
Event: 2.778 loading class java/util/HashMap$KeyIterator done


Dynamic libraries:
0x00007ff6dab80000 - 0x00007ff6dabb7000 	C:\Program Files\Java\jdk1.8.0_91\bin\java.exe
0x00007ffca5d70000 - 0x00007ffca5f31000 	C:\WINDOWS\SYSTEM32\ntdll.dll
0x00007ffca4a10000 - 0x00007ffca4abd000 	C:\WINDOWS\system32\KERNEL32.DLL
0x00007ffca26a0000 - 0x00007ffca2888000 	C:\WINDOWS\system32\KERNELBASE.dll
0x00007ffca4ad0000 - 0x00007ffca4b77000 	C:\WINDOWS\system32\ADVAPI32.dll
0x00007ffca54d0000 - 0x00007ffca556d000 	C:\WINDOWS\system32\msvcrt.dll
0x00007ffca4ce0000 - 0x00007ffca4d3b000 	C:\WINDOWS\system32\sechost.dll
0x00007ffca5970000 - 0x00007ffca5a8c000 	C:\WINDOWS\system32\RPCRT4.dll
0x00007ffca4b80000 - 0x00007ffca4cd6000 	C:\WINDOWS\system32\USER32.dll
0x00007ffca3170000 - 0x00007ffca32f6000 	C:\WINDOWS\system32\GDI32.dll
0x00007ffc97da0000 - 0x00007ffc98014000 	C:\WINDOWS\WinSxS\amd64_microsoft.windows.common-controls_6595b64144ccf1df_6.0.10586.494_none_a2d8b04ea53e3145\COMCTL32.dll
0x00007ffca5af0000 - 0x00007ffca5d6d000 	C:\WINDOWS\system32\combase.dll
0x00007ffca2890000 - 0x00007ffca28fa000 	C:\WINDOWS\system32\bcryptPrimitives.dll
0x00007ffca5430000 - 0x00007ffca546b000 	C:\WINDOWS\system32\IMM32.DLL
0x000000005fe00000 - 0x000000005fed2000 	C:\Program Files\Java\jdk1.8.0_91\jre\bin\msvcr100.dll
0x000000005ffe0000 - 0x0000000060873000 	C:\Program Files\Java\jdk1.8.0_91\jre\bin\server\jvm.dll
0x00007ffca55e0000 - 0x00007ffca55e8000 	C:\WINDOWS\system32\PSAPI.DLL
0x00007ffc8db70000 - 0x00007ffc8db79000 	C:\WINDOWS\SYSTEM32\WSOCK32.dll
0x00007ffca53c0000 - 0x00007ffca542b000 	C:\WINDOWS\system32\WS2_32.dll
0x00007ffca0920000 - 0x00007ffca0943000 	C:\WINDOWS\SYSTEM32\WINMM.dll
0x00007ffc9ff80000 - 0x00007ffc9ff8a000 	C:\WINDOWS\SYSTEM32\VERSION.dll
0x00007ffca08c0000 - 0x00007ffca08ec000 	C:\WINDOWS\SYSTEM32\WINMMBASE.dll
0x00007ffca2ad0000 - 0x00007ffca2b13000 	C:\WINDOWS\system32\cfgmgr32.dll
0x0000000061900000 - 0x000000006190f000 	C:\Program Files\Java\jdk1.8.0_91\jre\bin\verify.dll
0x00000000618d0000 - 0x00000000618f9000 	C:\Program Files\Java\jdk1.8.0_91\jre\bin\java.dll
0x00000000618b0000 - 0x00000000618c6000 	C:\Program Files\Java\jdk1.8.0_91\jre\bin\zip.dll
0x00007ffca34b0000 - 0x00007ffca4a0c000 	C:\WINDOWS\system32\SHELL32.dll
0x00007ffca2b20000 - 0x00007ffca3165000 	C:\WINDOWS\system32\windows.storage.dll
0x00007ffca5a90000 - 0x00007ffca5ae2000 	C:\WINDOWS\system32\shlwapi.dll
0x00007ffca2400000 - 0x00007ffca240f000 	C:\WINDOWS\system32\kernel.appcore.dll
0x00007ffca2900000 - 0x00007ffca29b5000 	C:\WINDOWS\system32\shcore.dll
0x00007ffca23b0000 - 0x00007ffca23fb000 	C:\WINDOWS\system32\powrprof.dll
0x00007ffca2390000 - 0x00007ffca23a4000 	C:\WINDOWS\system32\profapi.dll

VM Arguments:
jvm_args: -Djava.awt.headless=true -Xmx1024M -Dfile.encoding=windows-1252 -Duser.country=IN -Duser.language=en -Duser.variant 
java_command: com.android.dx.command.Main --dex --num-threads=4 --output F:\Androidwk\AtmLocatorfnder\AtmLocatorfnder\AtmLocatorfnder\app\build\intermediates\pre-dexed\debug\com.android.support-support-vector-drawable-23.2.1_da392e5446658ce5c9999903cd3ccfd16b66e043.jar F:\Androidwk\AtmLocatorfnder\AtmLocatorfnder\AtmLocatorfnder\app\build\intermediates\exploded-aar\com.android.support\support-vector-drawable\23.2.1\jars\classes.jar
java_class_path (initial): C:\Users\AJAY DHIMAN\AppData\Local\Android\Sdk\build-tools\23.0.3\lib\dx.jar
Launcher Type: SUN_STANDARD

Environment Variables:
PATH=C:\ProgramData\Oracle\Java\javapath;C:\Program Files\Java\jdk1.7.0_25\bin;C:\WINDOWS\system32;C:\WINDOWS;C:\WINDOWS\System32\Wbem;C:\WINDOWS\System32\WindowsPowerShell\v1.0\;C:\Program Files (x86)\Common Files\lenovo\easyplussdk\bin;C:\Program Files (x86)\Skype\Phone\;C:\Program Files (x86)\GtkSharp\2.12\bin;C:\Program Files\Java\jdk1.7.0_25\bin;C:\WINDOWS\system32;C:\WINDOWS;C:\WINDOWS\System32\Wbem;C:\WINDOWS\System32\WindowsPowerShell\v1.0\;C:\Program Files (x86)\Common Files\lenovo\easyplussdk\bin;C:\Program Files (x86)\Skype\Phone\
USERNAME=AJAY DHIMAN
OS=Windows_NT
PROCESSOR_IDENTIFIER=Intel64 Family 6 Model 69 Stepping 1, GenuineIntel



---------------  S Y S T E M  ---------------

OS: Windows 10.0 , 64 bit Build 10586 (10.0.10586.0)

CPU:total 4 (2 cores per cpu, 2 threads per core) family 6 model 69 stepping 1, cmov, cx8, fxsr, mmx, sse, sse2, sse3, ssse3, sse4.1, sse4.2, popcnt, avx, avx2, aes, clmul, erms, lzcnt, ht, tsc, tscinvbit, bmi1, bmi2

Memory: 4k page, physical 4122776k(448668k free), swap 5555352k(5208k free)

vm_info: Java HotSpot(TM) 64-Bit Server VM (25.91-b15) for windows-amd64 JRE (1.8.0_91-b15), built on May 20 2016 17:43:15 by "java_re" with MS VC++ 10.0 (VS2010)

time: Tue Aug 02 17:13:34 2016
elapsed time: 2 seconds (0d 0h 0m 2s)

