#
# There is insufficient memory for the Java Runtime Environment to continue.
# Native memory allocation (malloc) failed to allocate 1329456 bytes for Chunk::new
# Possible reasons:
#   The system is out of physical RAM or swap space
#   In 32 bit mode, the process size limit was hit
# Possible solutions:
#   Reduce memory load on the system
#   Increase physical memory or swap space
#   Check if swap backing store is full
#   Use 64 bit Java on a 64 bit OS
#   Decrease Java heap size (-Xmx/-Xms)
#   Decrease number of Java threads
#   Decrease Java thread stack sizes (-Xss)
#   Set larger code cache with -XX:ReservedCodeCacheSize=
# This output file may be truncated or incomplete.
#
#  Out of Memory Error (allocation.cpp:390), pid=6304, tid=2884
#
# JRE version: Java(TM) SE Runtime Environment (8.0_91-b15) (build 1.8.0_91-b15)
# Java VM: Java HotSpot(TM) 64-Bit Server VM (25.91-b15 mixed mode windows-amd64 compressed oops)
# Failed to write core dump. Minidumps are not enabled by default on client versions of Windows
#

---------------  T H R E A D  ---------------

Current thread (0x0000000014b2d000):  JavaThread "C2 CompilerThread0" daemon [_thread_in_native, id=2884, stack(0x0000000016170000,0x0000000016270000)]

Stack: [0x0000000016170000,0x0000000016270000]
[error occurred during error reporting (printing stack bounds), id 0xc0000005]

Native frames: (J=compiled Java code, j=interpreted, Vv=VM code, C=native code)


Current CompileTask:
C2:   2260 1179   !   4       com.android.dx.cf.code.BytecodeArray::parseInstruction (2764 bytes)


---------------  P R O C E S S  ---------------

Java Threads: ( => current thread )
  0x00000000165fd800 JavaThread "pool-1-thread-4" [_thread_blocked, id=4828, stack(0x0000000016e70000,0x0000000016f70000)]
  0x00000000165fc000 JavaThread "pool-1-thread-3" [_thread_in_Java, id=1296, stack(0x0000000016d70000,0x0000000016e70000)]
  0x00000000165ea000 JavaThread "pool-1-thread-2" [_thread_in_vm, id=6580, stack(0x0000000016c70000,0x0000000016d70000)]
  0x00000000165e7800 JavaThread "pool-2-thread-1" [_thread_blocked, id=9020, stack(0x0000000016b70000,0x0000000016c70000)]
  0x0000000016680800 JavaThread "pool-1-thread-1" [_thread_blocked, id=6804, stack(0x0000000016a70000,0x0000000016b70000)]
  0x0000000014b8e800 JavaThread "Service Thread" daemon [_thread_blocked, id=4212, stack(0x0000000016870000,0x0000000016970000)]
  0x0000000016378800 JavaThread "C1 CompilerThread2" daemon [_thread_in_native, id=6692, stack(0x0000000016770000,0x0000000016870000)]
  0x0000000014b30000 JavaThread "C2 CompilerThread1" daemon [_thread_in_native, id=8348, stack(0x0000000016270000,0x0000000016370000)]
=>0x0000000014b2d000 JavaThread "C2 CompilerThread0" daemon [_thread_in_native, id=2884, stack(0x0000000016170000,0x0000000016270000)]
  0x0000000014b2b000 JavaThread "Attach Listener" daemon [_thread_blocked, id=5752, stack(0x0000000016070000,0x0000000016170000)]
  0x0000000014b29800 JavaThread "Signal Dispatcher" daemon [_thread_blocked, id=4128, stack(0x0000000015f70000,0x0000000016070000)]
  0x0000000014b1a800 JavaThread "Finalizer" daemon [_thread_blocked, id=8408, stack(0x0000000015d90000,0x0000000015e90000)]
  0x0000000002370000 JavaThread "Reference Handler" daemon [_thread_blocked, id=5340, stack(0x0000000015c90000,0x0000000015d90000)]
  0x0000000002281000 JavaThread "main" [_thread_blocked, id=7492, stack(0x00000000020c0000,0x00000000021c0000)]

Other Threads:
  0x0000000014af7800 VMThread [stack: 0x0000000015b90000,0x0000000015c90000] [id=6208]
  0x0000000016381800 WatcherThread [stack: 0x0000000016970000,0x0000000016a70000] [id=4696]

VM state:not at safepoint (normal execution)

VM Mutex/Monitor currently owned by a thread: None

Heap:
 PSYoungGen      total 18944K, used 15490K [0x00000000eab00000, 0x00000000ec000000, 0x0000000100000000)
  eden space 16384K, 79% used [0x00000000eab00000,0x00000000eb7a5de8,0x00000000ebb00000)
  from space 2560K, 99% used [0x00000000ebb00000,0x00000000ebd7aaa8,0x00000000ebd80000)
  to   space 2560K, 0% used [0x00000000ebd80000,0x00000000ebd80000,0x00000000ec000000)
 ParOldGen       total 44032K, used 1376K [0x00000000c0000000, 0x00000000c2b00000, 0x00000000eab00000)
  object space 44032K, 3% used [0x00000000c0000000,0x00000000c01580c8,0x00000000c2b00000)
 Metaspace       used 5994K, capacity 6898K, committed 7040K, reserved 1056768K
  class space    used 600K, capacity 618K, committed 640K, reserved 1048576K

Card table byte_map: [0x0000000011820000,0x0000000011a30000] byte_map_base: 0x0000000011220000

Marking Bits: (ParMarkBitMap*) 0x00000000607f2f70
 Begin Bits: [0x0000000011f90000, 0x0000000012f90000)
 End Bits:   [0x0000000012f90000, 0x0000000013f90000)

Polling page: 0x0000000000880000

CodeCache: size=245760Kb used=4686Kb max_used=4686Kb free=241073Kb
 bounds [0x0000000002460000, 0x0000000002900000, 0x0000000011460000]
 total_blobs=1446 nmethods=1178 adapters=181
 compilation: enabled

Compilation events (10 events):
Event: 2.246 Thread 0x0000000016378800 1190       1       com.android.dx.dex.file.DexFile::getTypeIds (5 bytes)
Event: 2.246 Thread 0x0000000016378800 nmethod 1190 0x00000000028d8910 code [0x00000000028d8a60, 0x00000000028d8b70]
Event: 2.248 Thread 0x0000000016378800 1191       3       com.android.dx.cf.code.ConcreteMethod::getMaxLocals (8 bytes)
Event: 2.249 Thread 0x0000000016378800 nmethod 1191 0x00000000028e6510 code [0x00000000028e6660, 0x00000000028e6850]
Event: 2.249 Thread 0x0000000016378800 1192       3       com.android.dx.rop.type.Prototype::compareTo (120 bytes)
Event: 2.251 Thread 0x0000000016378800 nmethod 1192 0x00000000028ecf90 code [0x00000000028ed1a0, 0x00000000028ee038]
Event: 2.252 Thread 0x0000000016378800 1193       3       com.android.dx.ssa.DomFront::<init> (60 bytes)
Event: 2.253 Thread 0x0000000016378800 nmethod 1193 0x00000000028ee750 code [0x00000000028ee8e0, 0x00000000028eef30]
Event: 2.253 Thread 0x0000000016378800 1194       3       com.android.dx.ssa.DomFront::run (264 bytes)
Event: 2.257 Thread 0x0000000016378800 nmethod 1194 0x00000000028ef210 code [0x00000000028ef780, 0x00000000028f2de8]

GC Heap History (2 events):
Event: 1.165 GC heap before
{Heap before GC invocations=1 (full 0):
 PSYoungGen      total 18944K, used 16384K [0x00000000eab00000, 0x00000000ec000000, 0x0000000100000000)
  eden space 16384K, 100% used [0x00000000eab00000,0x00000000ebb00000,0x00000000ebb00000)
  from space 2560K, 0% used [0x00000000ebd80000,0x00000000ebd80000,0x00000000ec000000)
  to   space 2560K, 0% used [0x00000000ebb00000,0x00000000ebb00000,0x00000000ebd80000)
 ParOldGen       total 44032K, used 0K [0x00000000c0000000, 0x00000000c2b00000, 0x00000000eab00000)
  object space 44032K, 0% used [0x00000000c0000000,0x00000000c0000000,0x00000000c2b00000)
 Metaspace       used 5698K, capacity 6642K, committed 6784K, reserved 1056768K
  class space    used 599K, capacity 618K, committed 640K, reserved 1048576K
Event: 1.218 GC heap after
Heap after GC invocations=1 (full 0):
 PSYoungGen      total 18944K, used 2538K [0x00000000eab00000, 0x00000000ec000000, 0x0000000100000000)
  eden space 16384K, 0% used [0x00000000eab00000,0x00000000eab00000,0x00000000ebb00000)
  from space 2560K, 99% used [0x00000000ebb00000,0x00000000ebd7aaa8,0x00000000ebd80000)
  to   space 2560K, 0% used [0x00000000ebd80000,0x00000000ebd80000,0x00000000ec000000)
 ParOldGen       total 44032K, used 1376K [0x00000000c0000000, 0x00000000c2b00000, 0x00000000eab00000)
  object space 44032K, 3% used [0x00000000c0000000,0x00000000c01580c8,0x00000000c2b00000)
 Metaspace       used 5698K, capacity 6642K, committed 6784K, reserved 1056768K
  class space    used 599K, capacity 618K, committed 640K, reserved 1048576K
}

Deoptimization events (3 events):
Event: 0.918 Thread 0x0000000016680800 Uncommon trap: reason=unstable_if action=reinterpret pc=0x00000000026955d8 method=java.util.HashMap.getNode(ILjava/lang/Object;)Ljava/util/HashMap$Node; @ 62
Event: 1.071 Thread 0x00000000165fd800 Uncommon trap: reason=unstable_if action=reinterpret pc=0x00000000026c5370 method=java.util.BitSet.ensureCapacity(I)V @ 6
Event: 1.270 Thread 0x00000000165fc000 Uncommon trap: reason=unstable_if action=reinterpret pc=0x00000000026cb2b4 method=java.util.BitSet.ensureCapacity(I)V @ 6

Internal exceptions (2 events):
Event: 0.195 Thread 0x0000000002281000 Exception <a 'java/lang/NoSuchMethodError': Method sun.misc.Unsafe.defineClass(Ljava/lang/String;[BII)Ljava/lang/Class; name or signature does not match> (0x00000000eab07cc0) thrown at [C:\re\workspace\8-2-build-windows-amd64-cygwin\jdk8u91\7017\hotspot\sr_o,TMһ?
Event: 0.195 Thread 0x0000000002281000 Exception <a 'java/lang/NoSuchMethodError': Method sun.misc.Unsafe.prefetchRead(Ljava/lang/Object;J)V name or signature does not match> (0x00000000eab07fa8) thrown at [C:\re\workspace\8-2-build-windows-amd64-cygwin\jdk8u91\7017\hotspot\src\share\vm\prims\j

Events (10 events):
Event: 1.081 loading class com/android/dx/rop/code/LocalItem done
Event: 1.084 Executing VM operation: ParallelGCFailedAllocation
Event: 1.218 Executing VM operation: ParallelGCFailedAllocation done
Event: 1.248 loading class java/util/DualPivotQuicksort
Event: 1.249 loading class java/util/DualPivotQuicksort done
Event: 1.270 Thread 0x00000000165fc000 Uncommon trap: trap_request=0xffffff65 fr.pc=0x00000000026cb2b4
Event: 1.270 Thread 0x00000000165fc000 DEOPT PACKING pc=0x00000000026cb2b4 sp=0x0000000016e6eb40
Event: 1.270 Thread 0x00000000165fc000 DEOPT UNPACKING pc=0x00000000024a582a sp=0x0000000016e6ea28 mode 2
Event: 2.161 Executing VM operation: ForceSafepoint
Event: 2.169 Executing VM operation: ForceSafepoint done


Dynamic libraries:
0x00007ff6dab80000 - 0x00007ff6dabb7000 	C:\Program Files\Java\jdk1.8.0_91\bin\java.exe
0x00007ffca5d70000 - 0x00007ffca5f31000 	C:\WINDOWS\SYSTEM32\ntdll.dll
0x00007ffca4a10000 - 0x00007ffca4abd000 	C:\WINDOWS\system32\KERNEL32.DLL
0x00007ffca26a0000 - 0x00007ffca2888000 	C:\WINDOWS\system32\KERNELBASE.dll
0x00007ffca4ad0000 - 0x00007ffca4b77000 	C:\WINDOWS\system32\ADVAPI32.dll
0x00007ffca54d0000 - 0x00007ffca556d000 	C:\WINDOWS\system32\msvcrt.dll
0x00007ffca4ce0000 - 0x00007ffca4d3b000 	C:\WINDOWS\system32\sechost.dll
0x00007ffca5970000 - 0x00007ffca5a8c000 	C:\WINDOWS\system32\RPCRT4.dll
0x00007ffca4b80000 - 0x00007ffca4cd6000 	C:\WINDOWS\system32\USER32.dll
0x00007ffca3170000 - 0x00007ffca32f6000 	C:\WINDOWS\system32\GDI32.dll
0x00007ffc97da0000 - 0x00007ffc98014000 	C:\WINDOWS\WinSxS\amd64_microsoft.windows.common-controls_6595b64144ccf1df_6.0.10586.494_none_a2d8b04ea53e3145\COMCTL32.dll
0x00007ffca5af0000 - 0x00007ffca5d6d000 	C:\WINDOWS\system32\combase.dll
0x00007ffca2890000 - 0x00007ffca28fa000 	C:\WINDOWS\system32\bcryptPrimitives.dll
0x00007ffca5430000 - 0x00007ffca546b000 	C:\WINDOWS\system32\IMM32.DLL
0x000000005fe00000 - 0x000000005fed2000 	C:\Program Files\Java\jdk1.8.0_91\jre\bin\msvcr100.dll
0x000000005ffe0000 - 0x0000000060873000 	C:\Program Files\Java\jdk1.8.0_91\jre\bin\server\jvm.dll
0x00007ffca55e0000 - 0x00007ffca55e8000 	C:\WINDOWS\system32\PSAPI.DLL
0x00007ffc8db70000 - 0x00007ffc8db79000 	C:\WINDOWS\SYSTEM32\WSOCK32.dll
0x00007ffca53c0000 - 0x00007ffca542b000 	C:\WINDOWS\system32\WS2_32.dll
0x00007ffca0920000 - 0x00007ffca0943000 	C:\WINDOWS\SYSTEM32\WINMM.dll
0x00007ffc9ff80000 - 0x00007ffc9ff8a000 	C:\WINDOWS\SYSTEM32\VERSION.dll
0x00007ffca08c0000 - 0x00007ffca08ec000 	C:\WINDOWS\SYSTEM32\WINMMBASE.dll
0x00007ffca2ad0000 - 0x00007ffca2b13000 	C:\WINDOWS\system32\cfgmgr32.dll
0x0000000061900000 - 0x000000006190f000 	C:\Program Files\Java\jdk1.8.0_91\jre\bin\verify.dll
0x00000000618d0000 - 0x00000000618f9000 	C:\Program Files\Java\jdk1.8.0_91\jre\bin\java.dll
0x00000000618b0000 - 0x00000000618c6000 	C:\Program Files\Java\jdk1.8.0_91\jre\bin\zip.dll
0x00007ffca34b0000 - 0x00007ffca4a0c000 	C:\WINDOWS\system32\SHELL32.dll
0x00007ffca2b20000 - 0x00007ffca3165000 	C:\WINDOWS\system32\windows.storage.dll
0x00007ffca5a90000 - 0x00007ffca5ae2000 	C:\WINDOWS\system32\shlwapi.dll
0x00007ffca2400000 - 0x00007ffca240f000 	C:\WINDOWS\system32\kernel.appcore.dll
0x00007ffca2900000 - 0x00007ffca29b5000 	C:\WINDOWS\system32\shcore.dll
0x00007ffca23b0000 - 0x00007ffca23fb000 	C:\WINDOWS\system32\powrprof.dll
0x00007ffca2390000 - 0x00007ffca23a4000 	C:\WINDOWS\system32\profapi.dll

VM Arguments:
jvm_args: -Djava.awt.headless=true -Xmx1024M -Dfile.encoding=windows-1252 -Duser.country=IN -Duser.language=en -Duser.variant 
java_command: com.android.dx.command.Main --dex --num-threads=4 --output F:\Androidwk\AtmLocatorfnder\AtmLocatorfnder\AtmLocatorfnder\app\build\intermediates\pre-dexed\debug\com.google.android.gms-play-services-base-9.0.1_ac6f30102f2975fba40ea1b433d696dc978dfd85.jar F:\Androidwk\AtmLocatorfnder\AtmLocatorfnder\AtmLocatorfnder\app\build\intermediates\exploded-aar\com.google.android.gms\play-services-base\9.0.1\jars\classes.jar
java_class_path (initial): C:\Users\AJAY DHIMAN\AppData\Local\Android\Sdk\build-tools\23.0.3\lib\dx.jar
Launcher Type: SUN_STANDARD

Environment Variables:
PATH=C:\ProgramData\Oracle\Java\javapath;C:\Program Files\Java\jdk1.7.0_25\bin;C:\WINDOWS\system32;C:\WINDOWS;C:\WINDOWS\System32\Wbem;C:\WINDOWS\System32\WindowsPowerShell\v1.0\;C:\Program Files (x86)\Common Files\lenovo\easyplussdk\bin;C:\Program Files (x86)\Skype\Phone\;C:\Program Files (x86)\GtkSharp\2.12\bin;C:\Program Files\Java\jdk1.7.0_25\bin;C:\WINDOWS\system32;C:\WINDOWS;C:\WINDOWS\System32\Wbem;C:\WINDOWS\System32\WindowsPowerShell\v1.0\;C:\Program Files (x86)\Common Files\lenovo\easyplussdk\bin;C:\Program Files (x86)\Skype\Phone\
USERNAME=AJAY DHIMAN
OS=Windows_NT
PROCESSOR_IDENTIFIER=Intel64 Family 6 Model 69 Stepping 1, GenuineIntel



---------------  S Y S T E M  ---------------

OS: Windows 10.0 , 64 bit Build 10586 (10.0.10586.0)

CPU:total 4 (2 cores per cpu, 2 threads per core) family 6 model 69 stepping 1, cmov, cx8, fxsr, mmx, sse, sse2, sse3, ssse3, sse4.1, sse4.2, popcnt, avx, avx2, aes, clmul, erms, lzcnt, ht, tsc, tscinvbit, bmi1, bmi2

Memory: 4k page, physical 4122776k(466112k free), swap 5555352k(4568k free)

vm_info: Java HotSpot(TM) 64-Bit Server VM (25.91-b15) for windows-amd64 JRE (1.8.0_91-b15), built on May 20 2016 17:43:15 by "java_re" with MS VC++ 10.0 (VS2010)

time: Tue Aug 02 17:13:33 2016
elapsed time: 2 seconds (0d 0h 0m 2s)

