#
# There is insufficient memory for the Java Runtime Environment to continue.
# Native memory allocation (malloc) failed to allocate 76736 bytes for Chunk::new
# Possible reasons:
#   The system is out of physical RAM or swap space
#   In 32 bit mode, the process size limit was hit
# Possible solutions:
#   Reduce memory load on the system
#   Increase physical memory or swap space
#   Check if swap backing store is full
#   Use 64 bit Java on a 64 bit OS
#   Decrease Java heap size (-Xmx/-Xms)
#   Decrease number of Java threads
#   Decrease Java thread stack sizes (-Xss)
#   Set larger code cache with -XX:ReservedCodeCacheSize=
# This output file may be truncated or incomplete.
#
#  Out of Memory Error (allocation.cpp:390), pid=8808, tid=1300
#
# JRE version: Java(TM) SE Runtime Environment (8.0_91-b15) (build 1.8.0_91-b15)
# Java VM: Java HotSpot(TM) 64-Bit Server VM (25.91-b15 mixed mode windows-amd64 compressed oops)
# Failed to write core dump. Minidumps are not enabled by default on client versions of Windows
#

---------------  T H R E A D  ---------------

Current thread (0x000000001511d000):  JavaThread "C2 CompilerThread0" daemon [_thread_in_native, id=1300, stack(0x0000000016750000,0x0000000016850000)]

Stack: [0x0000000016750000,0x0000000016850000]
[error occurred during error reporting (printing stack bounds), id 0xc0000005]

Native frames: (J=compiled Java code, j=interpreted, Vv=VM code, C=native code)


Current CompileTask:
C2:   8107 1253   !   4       com.android.dx.cf.code.BytecodeArray::parseInstruction (2764 bytes)


---------------  P R O C E S S  ---------------

Java Threads: ( => current thread )
  0x0000000016c04800 JavaThread "pool-1-thread-4" [_thread_blocked, id=8476, stack(0x0000000017450000,0x0000000017550000)]
  0x0000000016c04000 JavaThread "pool-1-thread-3" [_thread_in_Java, id=6728, stack(0x0000000017350000,0x0000000017450000)]
  0x0000000016beb800 JavaThread "pool-1-thread-2" [_thread_in_Java, id=7720, stack(0x0000000017250000,0x0000000017350000)]
  0x0000000016bea800 JavaThread "pool-2-thread-1" [_thread_blocked, id=1388, stack(0x0000000017150000,0x0000000017250000)]
  0x0000000016bbd800 JavaThread "pool-1-thread-1" [_thread_in_Java, id=4452, stack(0x0000000017050000,0x0000000017150000)]
  0x0000000016956800 JavaThread "Service Thread" daemon [_thread_blocked, id=6216, stack(0x0000000016e50000,0x0000000016f50000)]
  0x000000001517c000 JavaThread "C1 CompilerThread2" daemon [_thread_in_native, id=3764, stack(0x0000000016d50000,0x0000000016e50000)]
  0x0000000015179800 JavaThread "C2 CompilerThread1" daemon [_thread_in_native, id=932, stack(0x0000000016850000,0x0000000016950000)]
=>0x000000001511d000 JavaThread "C2 CompilerThread0" daemon [_thread_in_native, id=1300, stack(0x0000000016750000,0x0000000016850000)]
  0x000000001511b000 JavaThread "Attach Listener" daemon [_thread_blocked, id=6136, stack(0x0000000016650000,0x0000000016750000)]
  0x0000000015119800 JavaThread "Signal Dispatcher" daemon [_thread_blocked, id=3804, stack(0x0000000016550000,0x0000000016650000)]
  0x0000000002a45000 JavaThread "Finalizer" daemon [_thread_blocked, id=2524, stack(0x0000000016370000,0x0000000016470000)]
  0x0000000002a40000 JavaThread "Reference Handler" daemon [_thread_blocked, id=6116, stack(0x0000000016270000,0x0000000016370000)]
  0x0000000002951000 JavaThread "main" [_thread_in_Java, id=4896, stack(0x00000000010b0000,0x00000000011b0000)]

Other Threads:
  0x00000000150e7800 VMThread [stack: 0x0000000016170000,0x0000000016270000] [id=3884]
  0x0000000016963800 WatcherThread [stack: 0x0000000016f50000,0x0000000017050000] [id=7172]

VM state:not at safepoint (normal execution)

VM Mutex/Monitor currently owned by a thread: None

Heap:
 PSYoungGen      total 35328K, used 10559K [0x00000000eab00000, 0x00000000ed000000, 0x0000000100000000)
  eden space 32768K, 24% used [0x00000000eab00000,0x00000000eb2d7d50,0x00000000ecb00000)
  from space 2560K, 98% used [0x00000000ecd80000,0x00000000ecff8018,0x00000000ed000000)
  to   space 2560K, 0% used [0x00000000ecb00000,0x00000000ecb00000,0x00000000ecd80000)
 ParOldGen       total 44032K, used 3034K [0x00000000c0000000, 0x00000000c2b00000, 0x00000000eab00000)
  object space 44032K, 6% used [0x00000000c0000000,0x00000000c02f6820,0x00000000c2b00000)
 Metaspace       used 6041K, capacity 6960K, committed 7040K, reserved 1056768K
  class space    used 594K, capacity 616K, committed 640K, reserved 1048576K

Card table byte_map: [0x0000000011e10000,0x0000000012020000] byte_map_base: 0x0000000011810000

Marking Bits: (ParMarkBitMap*) 0x00000000607c2f70
 Begin Bits: [0x0000000012580000, 0x0000000013580000)
 End Bits:   [0x0000000013580000, 0x0000000014580000)

Polling page: 0x0000000000d30000

CodeCache: size=245760Kb used=5162Kb max_used=5162Kb free=240597Kb
 bounds [0x0000000002a50000, 0x0000000002f60000, 0x0000000011a50000]
 total_blobs=1554 nmethods=1286 adapters=181
 compilation: enabled

Compilation events (10 events):
Event: 8.098 Thread 0x000000001517c000 nmethod 1290 0x0000000002f5a210 code [0x0000000002f5a360, 0x0000000002f5a490]
Event: 8.098 Thread 0x000000001517c000 1288       3       java.util.concurrent.locks.AbstractQueuedSynchronizer::compareAndSetState (13 bytes)
Event: 8.098 Thread 0x000000001517c000 nmethod 1288 0x0000000002f5a510 code [0x0000000002f5a660, 0x0000000002f5a7d0]
Event: 8.099 Thread 0x000000001517c000 1291       3       com.android.dx.ssa.back.InterferenceGraph::<init> (42 bytes)
Event: 8.100 Thread 0x000000001517c000 nmethod 1291 0x0000000002f5a850 code [0x0000000002f5aa60, 0x0000000002f5b528]
Event: 8.100 Thread 0x000000001517c000 1292       3       com.android.dx.ssa.back.LivenessAnalyzer::constructInterferenceGraph (47 bytes)
Event: 8.101 Thread 0x000000001517c000 nmethod 1292 0x0000000002f5bb90 code [0x0000000002f5bd40, 0x0000000002f5c178]
Event: 8.101 Thread 0x000000001517c000 1293       3       com.android.dx.ssa.back.FirstFitLocalCombiningAllocator::handleUnassociatedParameters (60 bytes)
Event: 8.102 Thread 0x000000001517c000 nmethod 1293 0x0000000002f5c350 code [0x0000000002f5c500, 0x0000000002f5cb98]
Event: 8.102 Thread 0x000000001517c000 1294       3       com.android.dx.ssa.back.IdenticalBlockCombiner::replaceSucc (83 bytes)

GC Heap History (4 events):
Event: 4.995 GC heap before
{Heap before GC invocations=1 (full 0):
 PSYoungGen      total 18944K, used 16384K [0x00000000eab00000, 0x00000000ec000000, 0x0000000100000000)
  eden space 16384K, 100% used [0x00000000eab00000,0x00000000ebb00000,0x00000000ebb00000)
  from space 2560K, 0% used [0x00000000ebd80000,0x00000000ebd80000,0x00000000ec000000)
  to   space 2560K, 0% used [0x00000000ebb00000,0x00000000ebb00000,0x00000000ebd80000)
 ParOldGen       total 44032K, used 0K [0x00000000c0000000, 0x00000000c2b00000, 0x00000000eab00000)
  object space 44032K, 0% used [0x00000000c0000000,0x00000000c0000000,0x00000000c2b00000)
 Metaspace       used 5615K, capacity 6576K, committed 6784K, reserved 1056768K
  class space    used 592K, capacity 616K, committed 640K, reserved 1048576K
Event: 5.325 GC heap after
Heap after GC invocations=1 (full 0):
 PSYoungGen      total 18944K, used 2552K [0x00000000eab00000, 0x00000000ed000000, 0x0000000100000000)
  eden space 16384K, 0% used [0x00000000eab00000,0x00000000eab00000,0x00000000ebb00000)
  from space 2560K, 99% used [0x00000000ebb00000,0x00000000ebd7e3f0,0x00000000ebd80000)
  to   space 2560K, 0% used [0x00000000ecd80000,0x00000000ecd80000,0x00000000ed000000)
 ParOldGen       total 44032K, used 1187K [0x00000000c0000000, 0x00000000c2b00000, 0x00000000eab00000)
  object space 44032K, 2% used [0x00000000c0000000,0x00000000c0128c60,0x00000000c2b00000)
 Metaspace       used 5615K, capacity 6576K, committed 6784K, reserved 1056768K
  class space    used 592K, capacity 616K, committed 640K, reserved 1048576K
}
Event: 8.028 GC heap before
{Heap before GC invocations=2 (full 0):
 PSYoungGen      total 18944K, used 18936K [0x00000000eab00000, 0x00000000ed000000, 0x0000000100000000)
  eden space 16384K, 100% used [0x00000000eab00000,0x00000000ebb00000,0x00000000ebb00000)
  from space 2560K, 99% used [0x00000000ebb00000,0x00000000ebd7e3f0,0x00000000ebd80000)
  to   space 2560K, 0% used [0x00000000ecd80000,0x00000000ecd80000,0x00000000ed000000)
 ParOldGen       total 44032K, used 1187K [0x00000000c0000000, 0x00000000c2b00000, 0x00000000eab00000)
  object space 44032K, 2% used [0x00000000c0000000,0x00000000c0128c60,0x00000000c2b00000)
 Metaspace       used 5999K, capacity 6896K, committed 7040K, reserved 1056768K
  class space    used 594K, capacity 616K, committed 640K, reserved 1048576K
Event: 8.042 GC heap after
Heap after GC invocations=2 (full 0):
 PSYoungGen      total 35328K, used 2528K [0x00000000eab00000, 0x00000000ed000000, 0x0000000100000000)
  eden space 32768K, 0% used [0x00000000eab00000,0x00000000eab00000,0x00000000ecb00000)
  from space 2560K, 98% used [0x00000000ecd80000,0x00000000ecff8018,0x00000000ed000000)
  to   space 2560K, 0% used [0x00000000ecb00000,0x00000000ecb00000,0x00000000ecd80000)
 ParOldGen       total 44032K, used 3034K [0x00000000c0000000, 0x00000000c2b00000, 0x00000000eab00000)
  object space 44032K, 6% used [0x00000000c0000000,0x00000000c02f6820,0x00000000c2b00000)
 Metaspace       used 5999K, capacity 6896K, committed 7040K, reserved 1056768K
  class space    used 594K, capacity 616K, committed 640K, reserved 1048576K
}

Deoptimization events (3 events):
Event: 5.340 Thread 0x0000000016c04800 Uncommon trap: reason=unstable_if action=reinterpret pc=0x0000000002c56348 method=java.util.HashMap.getNode(ILjava/lang/Object;)Ljava/util/HashMap$Node; @ 129
Event: 5.409 Thread 0x0000000002951000 Uncommon trap: reason=unstable_if action=reinterpret pc=0x0000000002c58ef0 method=java.util.BitSet.nextSetBit(I)I @ 87
Event: 7.540 Thread 0x0000000002951000 Uncommon trap: reason=unstable_if action=reinterpret pc=0x0000000002d9c254 method=com.android.dx.ssa.SsaMethod.onSourcesChanged(Lcom/android/dx/ssa/SsaInsn;Lcom/android/dx/rop/code/RegisterSpecList;)V @ 4

Internal exceptions (2 events):
Event: 0.091 Thread 0x0000000002951000 Exception <a 'java/lang/NoSuchMethodError': Method sun.misc.Unsafe.defineClass(Ljava/lang/String;[BII)Ljava/lang/Class; name or signature does not match> (0x00000000eab07cc0) thrown at [C:\re\workspace\8-2-build-windows-amd64-cygwin\jdk8u91\7017\hotspot\srûâ3pÏ\·?
Event: 0.091 Thread 0x0000000002951000 Exception <a 'java/lang/NoSuchMethodError': Method sun.misc.Unsafe.prefetchRead(Ljava/lang/Object;J)V name or signature does not match> (0x00000000eab07fa8) thrown at [C:\re\workspace\8-2-build-windows-amd64-cygwin\jdk8u91\7017\hotspot\src\share\vm\prims\j

Events (10 events):
Event: 5.409 Thread 0x0000000002951000 DEOPT UNPACKING pc=0x0000000002a9582a sp=0x00000000011ae208 mode 2
Event: 6.318 loading class java/util/DualPivotQuicksort
Event: 6.319 loading class java/util/DualPivotQuicksort done
Event: 7.540 Thread 0x0000000002951000 DEOPT PACKING pc=0x0000000002c9c4a8 sp=0x00000000011ae1a0
Event: 7.540 Thread 0x0000000002951000 DEOPT UNPACKING pc=0x0000000002a9787f sp=0x00000000011adf90 mode 0
Event: 7.540 Thread 0x0000000002951000 Uncommon trap: trap_request=0xffffff65 fr.pc=0x0000000002d9c254
Event: 7.540 Thread 0x0000000002951000 DEOPT PACKING pc=0x0000000002d9c254 sp=0x00000000011ae140
Event: 7.540 Thread 0x0000000002951000 DEOPT UNPACKING pc=0x0000000002a9582a sp=0x00000000011ae090 mode 2
Event: 8.028 Executing VM operation: ParallelGCFailedAllocation
Event: 8.042 Executing VM operation: ParallelGCFailedAllocation done


Dynamic libraries:
0x00007ff763f90000 - 0x00007ff763fc7000 	C:\Program Files\Java\jdk1.8.0_91\bin\java.exe
0x00007ffca5d70000 - 0x00007ffca5f31000 	C:\WINDOWS\SYSTEM32\ntdll.dll
0x00007ffca4a10000 - 0x00007ffca4abd000 	C:\WINDOWS\system32\KERNEL32.DLL
0x00007ffca26a0000 - 0x00007ffca2888000 	C:\WINDOWS\system32\KERNELBASE.dll
0x00007ffca4ad0000 - 0x00007ffca4b77000 	C:\WINDOWS\system32\ADVAPI32.dll
0x00007ffca54d0000 - 0x00007ffca556d000 	C:\WINDOWS\system32\msvcrt.dll
0x00007ffca4ce0000 - 0x00007ffca4d3b000 	C:\WINDOWS\system32\sechost.dll
0x00007ffca5970000 - 0x00007ffca5a8c000 	C:\WINDOWS\system32\RPCRT4.dll
0x00007ffca4b80000 - 0x00007ffca4cd6000 	C:\WINDOWS\system32\USER32.dll
0x00007ffca3170000 - 0x00007ffca32f6000 	C:\WINDOWS\system32\GDI32.dll
0x00007ffc97da0000 - 0x00007ffc98014000 	C:\WINDOWS\WinSxS\amd64_microsoft.windows.common-controls_6595b64144ccf1df_6.0.10586.494_none_a2d8b04ea53e3145\COMCTL32.dll
0x00007ffca5af0000 - 0x00007ffca5d6d000 	C:\WINDOWS\system32\combase.dll
0x00007ffca2890000 - 0x00007ffca28fa000 	C:\WINDOWS\system32\bcryptPrimitives.dll
0x00007ffca5430000 - 0x00007ffca546b000 	C:\WINDOWS\system32\IMM32.DLL
0x000000005faf0000 - 0x000000005fbc2000 	C:\Program Files\Java\jdk1.8.0_91\jre\bin\msvcr100.dll
0x000000005ffb0000 - 0x0000000060843000 	C:\Program Files\Java\jdk1.8.0_91\jre\bin\server\jvm.dll
0x00007ffca55e0000 - 0x00007ffca55e8000 	C:\WINDOWS\system32\PSAPI.DLL
0x00007ffc8db70000 - 0x00007ffc8db79000 	C:\WINDOWS\SYSTEM32\WSOCK32.dll
0x00007ffca53c0000 - 0x00007ffca542b000 	C:\WINDOWS\system32\WS2_32.dll
0x00007ffca0920000 - 0x00007ffca0943000 	C:\WINDOWS\SYSTEM32\WINMM.dll
0x00007ffc9ff80000 - 0x00007ffc9ff8a000 	C:\WINDOWS\SYSTEM32\VERSION.dll
0x00007ffca08c0000 - 0x00007ffca08ec000 	C:\WINDOWS\SYSTEM32\WINMMBASE.dll
0x00007ffca2ad0000 - 0x00007ffca2b13000 	C:\WINDOWS\system32\cfgmgr32.dll
0x000000005ffa0000 - 0x000000005ffaf000 	C:\Program Files\Java\jdk1.8.0_91\jre\bin\verify.dll
0x000000005ff70000 - 0x000000005ff99000 	C:\Program Files\Java\jdk1.8.0_91\jre\bin\java.dll
0x000000005ff50000 - 0x000000005ff66000 	C:\Program Files\Java\jdk1.8.0_91\jre\bin\zip.dll
0x00007ffca34b0000 - 0x00007ffca4a0c000 	C:\WINDOWS\system32\SHELL32.dll
0x00007ffca2b20000 - 0x00007ffca3165000 	C:\WINDOWS\system32\windows.storage.dll
0x00007ffca5a90000 - 0x00007ffca5ae2000 	C:\WINDOWS\system32\shlwapi.dll
0x00007ffca2400000 - 0x00007ffca240f000 	C:\WINDOWS\system32\kernel.appcore.dll
0x00007ffca2900000 - 0x00007ffca29b5000 	C:\WINDOWS\system32\shcore.dll
0x00007ffca23b0000 - 0x00007ffca23fb000 	C:\WINDOWS\system32\powrprof.dll
0x00007ffca2390000 - 0x00007ffca23a4000 	C:\WINDOWS\system32\profapi.dll

VM Arguments:
jvm_args: -Djava.awt.headless=true -Xmx1024M -Dfile.encoding=windows-1252 -Duser.country=IN -Duser.language=en -Duser.variant 
java_command: com.android.dx.command.Main --dex --num-threads=4 --output F:\Androidwk\AtmLocatorfnder\AtmLocatorfnder\AtmLocatorfnder\app\build\intermediates\pre-dexed\debug\com.google.android.gms-play-services-maps-9.0.1_0cc563b44aec5ce0f32873fdc018d7597c121314.jar F:\Androidwk\AtmLocatorfnder\AtmLocatorfnder\AtmLocatorfnder\app\build\intermediates\exploded-aar\com.google.android.gms\play-services-maps\9.0.1\jars\classes.jar
java_class_path (initial): C:\Users\AJAY DHIMAN\AppData\Local\Android\Sdk\build-tools\23.0.3\lib\dx.jar
Launcher Type: SUN_STANDARD

Environment Variables:
PATH=C:\ProgramData\Oracle\Java\javapath;C:\Program Files\Java\jdk1.7.0_25\bin;C:\WINDOWS\system32;C:\WINDOWS;C:\WINDOWS\System32\Wbem;C:\WINDOWS\System32\WindowsPowerShell\v1.0\;C:\Program Files (x86)\Common Files\lenovo\easyplussdk\bin;C:\Program Files (x86)\Skype\Phone\;C:\Program Files (x86)\GtkSharp\2.12\bin;C:\Program Files\Java\jdk1.7.0_25\bin;C:\WINDOWS\system32;C:\WINDOWS;C:\WINDOWS\System32\Wbem;C:\WINDOWS\System32\WindowsPowerShell\v1.0\;C:\Program Files (x86)\Common Files\lenovo\easyplussdk\bin;C:\Program Files (x86)\Skype\Phone\
USERNAME=AJAY DHIMAN
OS=Windows_NT
PROCESSOR_IDENTIFIER=Intel64 Family 6 Model 69 Stepping 1, GenuineIntel



---------------  S Y S T E M  ---------------

OS: Windows 10.0 , 64 bit Build 10586 (10.0.10586.0)

CPU:total 4 (2 cores per cpu, 2 threads per core) family 6 model 69 stepping 1, cmov, cx8, fxsr, mmx, sse, sse2, sse3, ssse3, sse4.1, sse4.2, popcnt, avx, avx2, aes, clmul, erms, lzcnt, ht, tsc, tscinvbit, bmi1, bmi2

Memory: 4k page, physical 4122776k(223620k free), swap 5555352k(5232k free)

vm_info: Java HotSpot(TM) 64-Bit Server VM (25.91-b15) for windows-amd64 JRE (1.8.0_91-b15), built on May 20 2016 17:43:15 by "java_re" with MS VC++ 10.0 (VS2010)

time: Mon Aug 01 21:58:26 2016
elapsed time: 8 seconds (0d 0h 0m 8s)

