#
# There is insufficient memory for the Java Runtime Environment to continue.
# Native memory allocation (malloc) failed to allocate 758176 bytes for Chunk::new
# Possible reasons:
#   The system is out of physical RAM or swap space
#   In 32 bit mode, the process size limit was hit
# Possible solutions:
#   Reduce memory load on the system
#   Increase physical memory or swap space
#   Check if swap backing store is full
#   Use 64 bit Java on a 64 bit OS
#   Decrease Java heap size (-Xmx/-Xms)
#   Decrease number of Java threads
#   Decrease Java thread stack sizes (-Xss)
#   Set larger code cache with -XX:ReservedCodeCacheSize=
# This output file may be truncated or incomplete.
#
#  Out of Memory Error (allocation.cpp:390), pid=3528, tid=7880
#
# JRE version: Java(TM) SE Runtime Environment (8.0_91-b15) (build 1.8.0_91-b15)
# Java VM: Java HotSpot(TM) 64-Bit Server VM (25.91-b15 mixed mode windows-amd64 compressed oops)
# Failed to write core dump. Minidumps are not enabled by default on client versions of Windows
#

---------------  T H R E A D  ---------------

Current thread (0x00000000151e1800):  JavaThread "C2 CompilerThread1" daemon [_thread_in_native, id=7880, stack(0x00000000167e0000,0x00000000168e0000)]

Stack: [0x00000000167e0000,0x00000000168e0000]
[error occurred during error reporting (printing stack bounds), id 0xc0000005]

Native frames: (J=compiled Java code, j=interpreted, Vv=VM code, C=native code)


Current CompileTask:
C2:   7850 1253       4       com.android.dx.ssa.LocalVariableExtractor::processBlock (383 bytes)


---------------  P R O C E S S  ---------------

Java Threads: ( => current thread )
  0x0000000016c38000 JavaThread "pool-1-thread-4" [_thread_in_Java, id=2388, stack(0x00000000173e0000,0x00000000174e0000)]
  0x0000000016c2c000 JavaThread "pool-1-thread-3" [_thread_blocked, id=5416, stack(0x00000000172e0000,0x00000000173e0000)]
  0x0000000016bc4800 JavaThread "pool-2-thread-1" [_thread_blocked, id=8428, stack(0x00000000170e0000,0x00000000171e0000)]
  0x00000000169e6000 JavaThread "Service Thread" daemon [_thread_blocked, id=5956, stack(0x0000000016de0000,0x0000000016ee0000)]
  0x00000000151ec800 JavaThread "C1 CompilerThread2" daemon [_thread_blocked, id=1672, stack(0x00000000168e0000,0x00000000169e0000)]
=>0x00000000151e1800 JavaThread "C2 CompilerThread1" daemon [_thread_in_native, id=7880, stack(0x00000000167e0000,0x00000000168e0000)]
  0x0000000015198800 JavaThread "C2 CompilerThread0" daemon [_thread_in_native, id=8508, stack(0x00000000166e0000,0x00000000167e0000)]
  0x0000000015197000 JavaThread "Attach Listener" daemon [_thread_blocked, id=1212, stack(0x00000000165e0000,0x00000000166e0000)]
  0x0000000015195800 JavaThread "Signal Dispatcher" daemon [_thread_blocked, id=6784, stack(0x00000000164e0000,0x00000000165e0000)]
  0x0000000002aba800 JavaThread "Finalizer" daemon [_thread_blocked, id=4856, stack(0x00000000163e0000,0x00000000164e0000)]
  0x0000000002ab0000 JavaThread "Reference Handler" daemon [_thread_blocked, id=6192, stack(0x00000000162e0000,0x00000000163e0000)]
  0x00000000029c1000 JavaThread "main" [_thread_blocked, id=3876, stack(0x00000000028c0000,0x00000000029c0000)]

Other Threads:
  0x0000000015157800 VMThread [stack: 0x00000000161e0000,0x00000000162e0000] [id=7320]
  0x0000000016a03800 WatcherThread [stack: 0x0000000016ee0000,0x0000000016fe0000] [id=2592]

VM state:not at safepoint (normal execution)

VM Mutex/Monitor currently owned by a thread: None

Heap:
 PSYoungGen      total 35328K, used 7314K [0x00000000eab00000, 0x00000000ed000000, 0x0000000100000000)
  eden space 32768K, 14% used [0x00000000eab00000,0x00000000eafa8bd8,0x00000000ecb00000)
  from space 2560K, 99% used [0x00000000ecd80000,0x00000000ecffc020,0x00000000ed000000)
  to   space 2560K, 0% used [0x00000000ecb00000,0x00000000ecb00000,0x00000000ecd80000)
 ParOldGen       total 44032K, used 3846K [0x00000000c0000000, 0x00000000c2b00000, 0x00000000eab00000)
  object space 44032K, 8% used [0x00000000c0000000,0x00000000c03c1890,0x00000000c2b00000)
 Metaspace       used 6031K, capacity 6966K, committed 7040K, reserved 1056768K
  class space    used 606K, capacity 622K, committed 640K, reserved 1048576K

Card table byte_map: [0x0000000011e80000,0x0000000012090000] byte_map_base: 0x0000000011880000

Marking Bits: (ParMarkBitMap*) 0x00000000607c2f70
 Begin Bits: [0x00000000125f0000, 0x00000000135f0000)
 End Bits:   [0x00000000135f0000, 0x00000000145f0000)

Polling page: 0x0000000000c30000

CodeCache: size=245760Kb used=5058Kb max_used=5071Kb free=240701Kb
 bounds [0x0000000002ac0000, 0x0000000002fc0000, 0x0000000011ac0000]
 total_blobs=1513 nmethods=1244 adapters=182
 compilation: enabled

Compilation events (10 events):
Event: 7.747 Thread 0x00000000151ec800 1266       3       com.android.dx.rop.code.Rops::opMoveParam (69 bytes)
Event: 7.748 Thread 0x00000000151ec800 nmethod 1266 0x0000000002fac950 code [0x0000000002facb80, 0x0000000002fad758]
Event: 7.749 Thread 0x00000000151ec800 1267       3       com.android.dx.cf.code.BasicBlocker::getBlockList (208 bytes)
Event: 7.751 Thread 0x00000000151ec800 nmethod 1267 0x0000000002fadcd0 code [0x0000000002fadf40, 0x0000000002faf188]
Event: 7.758 Thread 0x00000000151ec800 1270       3       com.android.dx.rop.type.Type::compareTo (9 bytes)
Event: 7.759 Thread 0x00000000151ec800 nmethod 1270 0x0000000002fafc10 code [0x0000000002fafd80, 0x0000000002fb0168]
Event: 7.792 Thread 0x00000000151e1800 nmethod 1251 0x0000000002fb4310 code [0x0000000002fb4540, 0x0000000002fb5908]
Event: 7.792 Thread 0x00000000151e1800 1255       4       com.android.dx.rop.code.RegisterSpecSet::localItemToSpec (49 bytes)
Event: 7.799 Thread 0x00000000151e1800 nmethod 1255 0x0000000002fb07d0 code [0x0000000002fb0920, 0x0000000002fb0db8]
Event: 7.799 Thread 0x00000000151e1800 1253       4       com.android.dx.ssa.LocalVariableExtractor::processBlock (383 bytes)

GC Heap History (4 events):
Event: 4.515 GC heap before
{Heap before GC invocations=1 (full 0):
 PSYoungGen      total 18944K, used 16384K [0x00000000eab00000, 0x00000000ec000000, 0x0000000100000000)
  eden space 16384K, 100% used [0x00000000eab00000,0x00000000ebb00000,0x00000000ebb00000)
  from space 2560K, 0% used [0x00000000ebd80000,0x00000000ebd80000,0x00000000ec000000)
  to   space 2560K, 0% used [0x00000000ebb00000,0x00000000ebb00000,0x00000000ebd80000)
 ParOldGen       total 44032K, used 0K [0x00000000c0000000, 0x00000000c2b00000, 0x00000000eab00000)
  object space 44032K, 0% used [0x00000000c0000000,0x00000000c0000000,0x00000000c2b00000)
 Metaspace       used 5792K, capacity 6770K, committed 7040K, reserved 1056768K
  class space    used 603K, capacity 618K, committed 640K, reserved 1048576K
Event: 5.001 GC heap after
Heap after GC invocations=1 (full 0):
 PSYoungGen      total 18944K, used 2544K [0x00000000eab00000, 0x00000000ed000000, 0x0000000100000000)
  eden space 16384K, 0% used [0x00000000eab00000,0x00000000eab00000,0x00000000ebb00000)
  from space 2560K, 99% used [0x00000000ebb00000,0x00000000ebd7c010,0x00000000ebd80000)
  to   space 2560K, 0% used [0x00000000ecd80000,0x00000000ecd80000,0x00000000ed000000)
 ParOldGen       total 44032K, used 1820K [0x00000000c0000000, 0x00000000c2b00000, 0x00000000eab00000)
  object space 44032K, 4% used [0x00000000c0000000,0x00000000c01c71a8,0x00000000c2b00000)
 Metaspace       used 5792K, capacity 6770K, committed 7040K, reserved 1056768K
  class space    used 603K, capacity 618K, committed 640K, reserved 1048576K
}
Event: 6.679 GC heap before
{Heap before GC invocations=2 (full 0):
 PSYoungGen      total 18944K, used 18928K [0x00000000eab00000, 0x00000000ed000000, 0x0000000100000000)
  eden space 16384K, 100% used [0x00000000eab00000,0x00000000ebb00000,0x00000000ebb00000)
  from space 2560K, 99% used [0x00000000ebb00000,0x00000000ebd7c010,0x00000000ebd80000)
  to   space 2560K, 0% used [0x00000000ecd80000,0x00000000ecd80000,0x00000000ed000000)
 ParOldGen       total 44032K, used 1820K [0x00000000c0000000, 0x00000000c2b00000, 0x00000000eab00000)
  object space 44032K, 4% used [0x00000000c0000000,0x00000000c01c71a8,0x00000000c2b00000)
 Metaspace       used 6013K, capacity 6966K, committed 7040K, reserved 1056768K
  class space    used 606K, capacity 622K, committed 640K, reserved 1048576K
Event: 7.609 GC heap after
Heap after GC invocations=2 (full 0):
 PSYoungGen      total 35328K, used 2544K [0x00000000eab00000, 0x00000000ed000000, 0x0000000100000000)
  eden space 32768K, 0% used [0x00000000eab00000,0x00000000eab00000,0x00000000ecb00000)
  from space 2560K, 99% used [0x00000000ecd80000,0x00000000ecffc020,0x00000000ed000000)
  to   space 2560K, 0% used [0x00000000ecb00000,0x00000000ecb00000,0x00000000ecd80000)
 ParOldGen       total 44032K, used 3846K [0x00000000c0000000, 0x00000000c2b00000, 0x00000000eab00000)
  object space 44032K, 8% used [0x00000000c0000000,0x00000000c03c1890,0x00000000c2b00000)
 Metaspace       used 6013K, capacity 6966K, committed 7040K, reserved 1056768K
  class space    used 606K, capacity 622K, committed 640K, reserved 1048576K
}

Deoptimization events (10 events):
Event: 3.585 Thread 0x0000000016c2c000 Uncommon trap: reason=unstable_if action=reinterpret pc=0x0000000002d376c0 method=java.util.HashMap.getNode(ILjava/lang/Object;)Ljava/util/HashMap$Node; @ 129
Event: 3.897 Thread 0x0000000016c2c000 Uncommon trap: reason=unstable_if action=reinterpret pc=0x0000000002d28cbc method=java.util.HashMap.getNode(ILjava/lang/Object;)Ljava/util/HashMap$Node; @ 129
Event: 5.617 Thread 0x0000000016c38000 Uncommon trap: reason=unstable_if action=reinterpret pc=0x0000000002eba93c method=com.android.dx.util.IntList.binarysearch(I)I @ 105
Event: 5.661 Thread 0x0000000016c38000 Uncommon trap: reason=bimorphic action=maybe_recompile pc=0x0000000002df8e68 method=java.util.HashMap.getNode(ILjava/lang/Object;)Ljava/util/HashMap$Node; @ 126
Event: 5.661 Thread 0x0000000016c38000 Uncommon trap: reason=class_check action=maybe_recompile pc=0x0000000002e6c000 method=java.util.HashMap.putVal(ILjava/lang/Object;Ljava/lang/Object;ZZ)Ljava/lang/Object; @ 203
Event: 6.376 Thread 0x0000000016bc7800 Uncommon trap: reason=unstable_if action=reinterpret pc=0x0000000002e2e0ec method=com.android.dx.rop.code.RegisterSpecSet.put(Lcom/android/dx/rop/code/RegisterSpec;)V @ 77
Event: 6.376 Thread 0x0000000016bc7800 Uncommon trap: reason=unstable_if action=reinterpret pc=0x0000000002e2f36c method=com.android.dx.rop.code.RegisterSpecSet.put(Lcom/android/dx/rop/code/RegisterSpec;)V @ 77
Event: 6.379 Thread 0x0000000016bc7800 Uncommon trap: reason=bimorphic action=maybe_recompile pc=0x0000000002df8e68 method=java.util.HashMap.getNode(ILjava/lang/Object;)Ljava/util/HashMap$Node; @ 126
Event: 6.379 Thread 0x0000000016bc7800 Uncommon trap: reason=class_check action=maybe_recompile pc=0x0000000002e6c000 method=java.util.HashMap.putVal(ILjava/lang/Object;Ljava/lang/Object;ZZ)Ljava/lang/Object; @ 203
Event: 6.419 Thread 0x0000000016c2c000 Uncommon trap: reason=unstable_if action=reinterpret pc=0x0000000002dd803c method=com.android.dx.rop.code.RegisterSpec.equals(ILcom/android/dx/rop/type/TypeBearer;Lcom/android/dx/rop/code/LocalItem;)Z @ 42

Internal exceptions (2 events):
Event: 0.058 Thread 0x00000000029c1000 Exception <a 'java/lang/NoSuchMethodError': Method sun.misc.Unsafe.defineClass(Ljava/lang/String;[BII)Ljava/lang/Class; name or signature does not match> (0x00000000eab07cc0) thrown at [C:\re\workspace\8-2-build-windows-amd64-cygwin\jdk8u91\7017\hotspot\sr†YZà_²­?
Event: 0.058 Thread 0x00000000029c1000 Exception <a 'java/lang/NoSuchMethodError': Method sun.misc.Unsafe.prefetchRead(Ljava/lang/Object;J)V name or signature does not match> (0x00000000eab07fa8) thrown at [C:\re\workspace\8-2-build-windows-amd64-cygwin\jdk8u91\7017\hotspot\src\share\vm\prims\j

Events (10 events):
Event: 6.379 Thread 0x0000000016bc7800 Uncommon trap: trap_request=0xffffffde fr.pc=0x0000000002e6c000
Event: 6.379 Thread 0x0000000016bc7800 DEOPT PACKING pc=0x0000000002e6c000 sp=0x00000000172deb00
Event: 6.379 Thread 0x0000000016bc7800 DEOPT UNPACKING pc=0x0000000002b0582a sp=0x00000000172dea88 mode 2
Event: 6.419 Thread 0x0000000016c2c000 Uncommon trap: trap_request=0xffffff65 fr.pc=0x0000000002dd803c
Event: 6.419 Thread 0x0000000016c2c000 DEOPT PACKING pc=0x0000000002dd803c sp=0x00000000173de800
Event: 6.419 Thread 0x0000000016c2c000 DEOPT UNPACKING pc=0x0000000002b0582a sp=0x00000000173de788 mode 2
Event: 6.421 Executing VM operation: ParallelGCFailedAllocation
Event: 7.609 Executing VM operation: ParallelGCFailedAllocation done
Event: 7.624 Thread 0x0000000016bbf000 Thread exited: 0x0000000016bbf000
Event: 7.738 Thread 0x0000000016bc7800 Thread exited: 0x0000000016bc7800


Dynamic libraries:
0x00007ff763f90000 - 0x00007ff763fc7000 	C:\Program Files\Java\jdk1.8.0_91\bin\java.exe
0x00007ffca5d70000 - 0x00007ffca5f31000 	C:\WINDOWS\SYSTEM32\ntdll.dll
0x00007ffca4a10000 - 0x00007ffca4abd000 	C:\WINDOWS\system32\KERNEL32.DLL
0x00007ffca26a0000 - 0x00007ffca2888000 	C:\WINDOWS\system32\KERNELBASE.dll
0x00007ffca4ad0000 - 0x00007ffca4b77000 	C:\WINDOWS\system32\ADVAPI32.dll
0x00007ffca54d0000 - 0x00007ffca556d000 	C:\WINDOWS\system32\msvcrt.dll
0x00007ffca4ce0000 - 0x00007ffca4d3b000 	C:\WINDOWS\system32\sechost.dll
0x00007ffca5970000 - 0x00007ffca5a8c000 	C:\WINDOWS\system32\RPCRT4.dll
0x00007ffca4b80000 - 0x00007ffca4cd6000 	C:\WINDOWS\system32\USER32.dll
0x00007ffca3170000 - 0x00007ffca32f6000 	C:\WINDOWS\system32\GDI32.dll
0x00007ffc97da0000 - 0x00007ffc98014000 	C:\WINDOWS\WinSxS\amd64_microsoft.windows.common-controls_6595b64144ccf1df_6.0.10586.494_none_a2d8b04ea53e3145\COMCTL32.dll
0x00007ffca5af0000 - 0x00007ffca5d6d000 	C:\WINDOWS\system32\combase.dll
0x00007ffca2890000 - 0x00007ffca28fa000 	C:\WINDOWS\system32\bcryptPrimitives.dll
0x00007ffca5430000 - 0x00007ffca546b000 	C:\WINDOWS\system32\IMM32.DLL
0x000000005faf0000 - 0x000000005fbc2000 	C:\Program Files\Java\jdk1.8.0_91\jre\bin\msvcr100.dll
0x000000005ffb0000 - 0x0000000060843000 	C:\Program Files\Java\jdk1.8.0_91\jre\bin\server\jvm.dll
0x00007ffca55e0000 - 0x00007ffca55e8000 	C:\WINDOWS\system32\PSAPI.DLL
0x00007ffc8db70000 - 0x00007ffc8db79000 	C:\WINDOWS\SYSTEM32\WSOCK32.dll
0x00007ffca0920000 - 0x00007ffca0943000 	C:\WINDOWS\SYSTEM32\WINMM.dll
0x00007ffca53c0000 - 0x00007ffca542b000 	C:\WINDOWS\system32\WS2_32.dll
0x00007ffc9ff80000 - 0x00007ffc9ff8a000 	C:\WINDOWS\SYSTEM32\VERSION.dll
0x00007ffca08c0000 - 0x00007ffca08ec000 	C:\WINDOWS\SYSTEM32\WINMMBASE.dll
0x00007ffca2ad0000 - 0x00007ffca2b13000 	C:\WINDOWS\system32\cfgmgr32.dll
0x000000005ffa0000 - 0x000000005ffaf000 	C:\Program Files\Java\jdk1.8.0_91\jre\bin\verify.dll
0x000000005ff70000 - 0x000000005ff99000 	C:\Program Files\Java\jdk1.8.0_91\jre\bin\java.dll
0x000000005ff50000 - 0x000000005ff66000 	C:\Program Files\Java\jdk1.8.0_91\jre\bin\zip.dll
0x00007ffca34b0000 - 0x00007ffca4a0c000 	C:\WINDOWS\system32\SHELL32.dll
0x00007ffca2b20000 - 0x00007ffca3165000 	C:\WINDOWS\system32\windows.storage.dll
0x00007ffca5a90000 - 0x00007ffca5ae2000 	C:\WINDOWS\system32\shlwapi.dll
0x00007ffca2400000 - 0x00007ffca240f000 	C:\WINDOWS\system32\kernel.appcore.dll
0x00007ffca2900000 - 0x00007ffca29b5000 	C:\WINDOWS\system32\shcore.dll
0x00007ffca23b0000 - 0x00007ffca23fb000 	C:\WINDOWS\system32\powrprof.dll
0x00007ffca2390000 - 0x00007ffca23a4000 	C:\WINDOWS\system32\profapi.dll

VM Arguments:
jvm_args: -Djava.awt.headless=true -Xmx1024M -Dfile.encoding=windows-1252 -Duser.country=IN -Duser.language=en -Duser.variant 
java_command: com.android.dx.command.Main --dex --num-threads=4 --output F:\Androidwk\AtmLocatorfnder\AtmLocatorfnder\AtmLocatorfnder\app\build\intermediates\pre-dexed\debug\com.android.support-support-vector-drawable-23.2.1_da392e5446658ce5c9999903cd3ccfd16b66e043.jar F:\Androidwk\AtmLocatorfnder\AtmLocatorfnder\AtmLocatorfnder\app\build\intermediates\exploded-aar\com.android.support\support-vector-drawable\23.2.1\jars\classes.jar
java_class_path (initial): C:\Users\AJAY DHIMAN\AppData\Local\Android\Sdk\build-tools\23.0.3\lib\dx.jar
Launcher Type: SUN_STANDARD

Environment Variables:
PATH=C:\ProgramData\Oracle\Java\javapath;C:\Program Files\Java\jdk1.7.0_25\bin;C:\WINDOWS\system32;C:\WINDOWS;C:\WINDOWS\System32\Wbem;C:\WINDOWS\System32\WindowsPowerShell\v1.0\;C:\Program Files (x86)\Common Files\lenovo\easyplussdk\bin;C:\Program Files (x86)\Skype\Phone\;C:\Program Files (x86)\GtkSharp\2.12\bin;C:\Program Files\Java\jdk1.7.0_25\bin;C:\WINDOWS\system32;C:\WINDOWS;C:\WINDOWS\System32\Wbem;C:\WINDOWS\System32\WindowsPowerShell\v1.0\;C:\Program Files (x86)\Common Files\lenovo\easyplussdk\bin;C:\Program Files (x86)\Skype\Phone\
USERNAME=AJAY DHIMAN
OS=Windows_NT
PROCESSOR_IDENTIFIER=Intel64 Family 6 Model 69 Stepping 1, GenuineIntel



---------------  S Y S T E M  ---------------

OS: Windows 10.0 , 64 bit Build 10586 (10.0.10586.0)

CPU:total 4 (2 cores per cpu, 2 threads per core) family 6 model 69 stepping 1, cmov, cx8, fxsr, mmx, sse, sse2, sse3, ssse3, sse4.1, sse4.2, popcnt, avx, avx2, aes, clmul, erms, lzcnt, ht, tsc, tscinvbit, bmi1, bmi2

Memory: 4k page, physical 4122776k(222688k free), swap 5555352k(8376k free)

vm_info: Java HotSpot(TM) 64-Bit Server VM (25.91-b15) for windows-amd64 JRE (1.8.0_91-b15), built on May 20 2016 17:43:15 by "java_re" with MS VC++ 10.0 (VS2010)

time: Mon Aug 01 21:58:25 2016
elapsed time: 7 seconds (0d 0h 0m 7s)

