#
# There is insufficient memory for the Java Runtime Environment to continue.
# Native memory allocation (malloc) failed to allocate 32744 bytes for ChunkPool::allocate
# Possible reasons:
#   The system is out of physical RAM or swap space
#   In 32 bit mode, the process size limit was hit
# Possible solutions:
#   Reduce memory load on the system
#   Increase physical memory or swap space
#   Check if swap backing store is full
#   Use 64 bit Java on a 64 bit OS
#   Decrease Java heap size (-Xmx/-Xms)
#   Decrease number of Java threads
#   Decrease Java thread stack sizes (-Xss)
#   Set larger code cache with -XX:ReservedCodeCacheSize=
# This output file may be truncated or incomplete.
#
#  Out of Memory Error (allocation.cpp:273), pid=7080, tid=3188
#
# JRE version: Java(TM) SE Runtime Environment (8.0_91-b15) (build 1.8.0_91-b15)
# Java VM: Java HotSpot(TM) 64-Bit Server VM (25.91-b15 mixed mode windows-amd64 compressed oops)
# Failed to write core dump. Minidumps are not enabled by default on client versions of Windows
#

---------------  T H R E A D  ---------------

Current thread (0x0000000014f91800):  JavaThread "C2 CompilerThread1" daemon [_thread_in_native, id=3188, stack(0x0000000016680000,0x0000000016780000)]

Stack: [0x0000000016680000,0x0000000016780000]
[error occurred during error reporting (printing stack bounds), id 0xc0000005]

Native frames: (J=compiled Java code, j=interpreted, Vv=VM code, C=native code)


Current CompileTask:
C2:   1449  618       4       java.util.BitSet::set (58 bytes)


---------------  P R O C E S S  ---------------

Java Threads: ( => current thread )
  0x0000000016b3a800 JavaThread "pool-1-thread-4" [_thread_in_Java, id=7576, stack(0x0000000017280000,0x0000000017380000)]
  0x0000000016b39000 JavaThread "pool-1-thread-3" [_thread_in_Java, id=2180, stack(0x0000000017180000,0x0000000017280000)]
  0x0000000016b2c000 JavaThread "pool-1-thread-2" [_thread_in_Java, id=7704, stack(0x0000000017080000,0x0000000017180000)]
  0x0000000016ae8000 JavaThread "pool-2-thread-1" [_thread_blocked, id=8008, stack(0x0000000016f80000,0x0000000017080000)]
  0x0000000016ae0800 JavaThread "pool-1-thread-1" [_thread_in_Java, id=4128, stack(0x0000000016e80000,0x0000000016f80000)]
  0x0000000016885000 JavaThread "Service Thread" daemon [_thread_blocked, id=7108, stack(0x0000000016c80000,0x0000000016d80000)]
  0x0000000014f9c000 JavaThread "C1 CompilerThread2" daemon [_thread_in_native, id=8072, stack(0x0000000016780000,0x0000000016880000)]
=>0x0000000014f91800 JavaThread "C2 CompilerThread1" daemon [_thread_in_native, id=3188, stack(0x0000000016680000,0x0000000016780000)]
  0x0000000014f3c800 JavaThread "C2 CompilerThread0" daemon [_thread_in_native, id=5816, stack(0x0000000016580000,0x0000000016680000)]
  0x0000000014f3b000 JavaThread "Attach Listener" daemon [_thread_blocked, id=6140, stack(0x0000000016480000,0x0000000016580000)]
  0x0000000014f3a000 JavaThread "Signal Dispatcher" daemon [_thread_blocked, id=6164, stack(0x0000000016380000,0x0000000016480000)]
  0x0000000014f2a800 JavaThread "Finalizer" daemon [_thread_blocked, id=3628, stack(0x00000000161a0000,0x00000000162a0000)]
  0x0000000002860000 JavaThread "Reference Handler" daemon [_thread_blocked, id=7984, stack(0x00000000160a0000,0x00000000161a0000)]
  0x0000000002771000 JavaThread "main" [_thread_in_Java, id=3764, stack(0x0000000002660000,0x0000000002760000)]

Other Threads:
  0x0000000014f07800 VMThread [stack: 0x0000000015fa0000,0x00000000160a0000] [id=1332]
  0x000000001688a000 WatcherThread [stack: 0x0000000016d80000,0x0000000016e80000] [id=2324]

VM state:not at safepoint (normal execution)

VM Mutex/Monitor currently owned by a thread: None

Heap:
 PSYoungGen      total 18944K, used 15053K [0x00000000eab00000, 0x00000000ec000000, 0x0000000100000000)
  eden space 16384K, 91% used [0x00000000eab00000,0x00000000eb9b37f8,0x00000000ebb00000)
  from space 2560K, 0% used [0x00000000ebd80000,0x00000000ebd80000,0x00000000ec000000)
  to   space 2560K, 0% used [0x00000000ebb00000,0x00000000ebb00000,0x00000000ebd80000)
 ParOldGen       total 44032K, used 0K [0x00000000c0000000, 0x00000000c2b00000, 0x00000000eab00000)
  object space 44032K, 0% used [0x00000000c0000000,0x00000000c0000000,0x00000000c2b00000)
 Metaspace       used 5681K, capacity 6642K, committed 6784K, reserved 1058816K
  class space    used 599K, capacity 618K, committed 640K, reserved 1048576K

Card table byte_map: [0x0000000011c30000,0x0000000011e40000] byte_map_base: 0x0000000011630000

Marking Bits: (ParMarkBitMap*) 0x00000000607c2f70
 Begin Bits: [0x00000000123a0000, 0x00000000133a0000)
 End Bits:   [0x00000000133a0000, 0x00000000143a0000)

Polling page: 0x00000000025b0000

CodeCache: size=245760Kb used=2290Kb max_used=2302Kb free=243469Kb
 bounds [0x0000000002870000, 0x0000000002ae0000, 0x0000000011870000]
 total_blobs=862 nmethods=593 adapters=182
 compilation: enabled

Compilation events (10 events):
Event: 1.402 Thread 0x0000000014f9c000  535       3       com.android.dx.cf.code.ByteOps::opInfo (6 bytes)
Event: 1.402 Thread 0x0000000014f9c000 nmethod 535 0x0000000002ab0610 code [0x0000000002ab0760, 0x0000000002ab08b0]
Event: 1.402 Thread 0x0000000014f9c000  541   !   3       com.android.dx.cf.code.BytecodeArray::parseInstruction (2764 bytes)
Event: 1.402 Thread 0x0000000014f3c800 nmethod 592 0x0000000002ab0990 code [0x0000000002ab0ae0, 0x0000000002ab0e38]
Event: 1.402 Thread 0x0000000014f91800  612       4       com.android.dx.rop.code.RegisterSpec::getCategory (13 bytes)
Event: 1.402 Thread 0x0000000014f3c800  611       4       java.util.HashMap::containsKey (18 bytes)
Event: 1.404 Thread 0x0000000014f91800 nmethod 612 0x0000000002ab1010 code [0x0000000002ab1160, 0x0000000002ab1238]
Event: 1.404 Thread 0x0000000014f91800  616       4       java.util.BitSet::expandTo (23 bytes)
Event: 1.405 Thread 0x0000000014f91800 nmethod 616 0x0000000002aab050 code [0x0000000002aab180, 0x0000000002aab218]
Event: 1.405 Thread 0x0000000014f91800  618       4       java.util.BitSet::set (58 bytes)

GC Heap History (0 events):
No events

Deoptimization events (0 events):
No events

Internal exceptions (2 events):
Event: 0.268 Thread 0x0000000002771000 Exception <a 'java/lang/NoSuchMethodError': Method sun.misc.Unsafe.defineClass(Ljava/lang/String;[BII)Ljava/lang/Class; name or signature does not match> (0x00000000eab07cc0) thrown at [C:\re\workspace\8-2-build-windows-amd64-cygwin\jdk8u91\7017\hotspot\srT-%{)Ñ?
Event: 0.268 Thread 0x0000000002771000 Exception <a 'java/lang/NoSuchMethodError': Method sun.misc.Unsafe.prefetchRead(Ljava/lang/Object;J)V name or signature does not match> (0x00000000eab07fa8) thrown at [C:\re\workspace\8-2-build-windows-amd64-cygwin\jdk8u91\7017\hotspot\src\share\vm\prims\j

Events (10 events):
Event: 1.362 loading class com/android/dx/dex/file/MethodAnnotationStruct
Event: 1.362 loading class com/android/dx/dex/file/MethodAnnotationStruct done
Event: 1.371 loading class com/android/dx/ssa/back/FirstFitLocalCombiningAllocator$Multiset
Event: 1.371 loading class com/android/dx/ssa/back/FirstFitLocalCombiningAllocator$Multiset done
Event: 1.375 Executing VM operation: CollectForMetadataAllocation
Event: 1.375 Executing VM operation: CollectForMetadataAllocation done
Event: 1.391 loading class java/util/TreeMap$EntrySet
Event: 1.391 loading class java/util/TreeMap$EntrySet done
Event: 1.391 loading class java/util/TreeMap$EntryIterator
Event: 1.391 loading class java/util/TreeMap$EntryIterator done


Dynamic libraries:
0x00007ff740880000 - 0x00007ff7408b7000 	C:\Program Files\Java\jdk1.8.0_91\bin\java.exe
0x00007ffca5d70000 - 0x00007ffca5f31000 	C:\WINDOWS\SYSTEM32\ntdll.dll
0x00007ffca4a10000 - 0x00007ffca4abd000 	C:\WINDOWS\system32\KERNEL32.DLL
0x00007ffca26a0000 - 0x00007ffca2888000 	C:\WINDOWS\system32\KERNELBASE.dll
0x00007ffca4ad0000 - 0x00007ffca4b77000 	C:\WINDOWS\system32\ADVAPI32.dll
0x00007ffca54d0000 - 0x00007ffca556d000 	C:\WINDOWS\system32\msvcrt.dll
0x00007ffca4ce0000 - 0x00007ffca4d3b000 	C:\WINDOWS\system32\sechost.dll
0x00007ffca5970000 - 0x00007ffca5a8c000 	C:\WINDOWS\system32\RPCRT4.dll
0x00007ffca4b80000 - 0x00007ffca4cd6000 	C:\WINDOWS\system32\USER32.dll
0x00007ffca3170000 - 0x00007ffca32f6000 	C:\WINDOWS\system32\GDI32.dll
0x00007ffc97da0000 - 0x00007ffc98014000 	C:\WINDOWS\WinSxS\amd64_microsoft.windows.common-controls_6595b64144ccf1df_6.0.10586.494_none_a2d8b04ea53e3145\COMCTL32.dll
0x00007ffca5af0000 - 0x00007ffca5d6d000 	C:\WINDOWS\system32\combase.dll
0x00007ffca2890000 - 0x00007ffca28fa000 	C:\WINDOWS\system32\bcryptPrimitives.dll
0x00007ffca5430000 - 0x00007ffca546b000 	C:\WINDOWS\system32\IMM32.DLL
0x000000005faf0000 - 0x000000005fbc2000 	C:\Program Files\Java\jdk1.8.0_91\jre\bin\msvcr100.dll
0x000000005ffb0000 - 0x0000000060843000 	C:\Program Files\Java\jdk1.8.0_91\jre\bin\server\jvm.dll
0x00007ffca55e0000 - 0x00007ffca55e8000 	C:\WINDOWS\system32\PSAPI.DLL
0x00007ffc8db70000 - 0x00007ffc8db79000 	C:\WINDOWS\SYSTEM32\WSOCK32.dll
0x00007ffca53c0000 - 0x00007ffca542b000 	C:\WINDOWS\system32\WS2_32.dll
0x00007ffca0920000 - 0x00007ffca0943000 	C:\WINDOWS\SYSTEM32\WINMM.dll
0x00007ffc9ff80000 - 0x00007ffc9ff8a000 	C:\WINDOWS\SYSTEM32\VERSION.dll
0x00007ffca08c0000 - 0x00007ffca08ec000 	C:\WINDOWS\SYSTEM32\WINMMBASE.dll
0x00007ffca2ad0000 - 0x00007ffca2b13000 	C:\WINDOWS\system32\cfgmgr32.dll
0x000000005ffa0000 - 0x000000005ffaf000 	C:\Program Files\Java\jdk1.8.0_91\jre\bin\verify.dll
0x000000005ff70000 - 0x000000005ff99000 	C:\Program Files\Java\jdk1.8.0_91\jre\bin\java.dll
0x000000005ff50000 - 0x000000005ff66000 	C:\Program Files\Java\jdk1.8.0_91\jre\bin\zip.dll
0x00007ffca34b0000 - 0x00007ffca4a0c000 	C:\WINDOWS\system32\SHELL32.dll
0x00007ffca2b20000 - 0x00007ffca3165000 	C:\WINDOWS\system32\windows.storage.dll
0x00007ffca5a90000 - 0x00007ffca5ae2000 	C:\WINDOWS\system32\shlwapi.dll
0x00007ffca2400000 - 0x00007ffca240f000 	C:\WINDOWS\system32\kernel.appcore.dll
0x00007ffca2900000 - 0x00007ffca29b5000 	C:\WINDOWS\system32\shcore.dll
0x00007ffca23b0000 - 0x00007ffca23fb000 	C:\WINDOWS\system32\powrprof.dll
0x00007ffca2390000 - 0x00007ffca23a4000 	C:\WINDOWS\system32\profapi.dll

VM Arguments:
jvm_args: -Djava.awt.headless=true -Xmx1024M -Dfile.encoding=windows-1252 -Duser.country=IN -Duser.language=en -Duser.variant 
java_command: com.android.dx.command.Main --dex --num-threads=4 --output F:\Androidwk\AtmLocatorfnder\AtmLocatorfnder\AtmLocatorfnder\app\build\intermediates\pre-dexed\debug\com.android.support-recyclerview-v7-23.2.1_a1bbca924d2df629e408c297dc66ee17b4b69a3b.jar F:\Androidwk\AtmLocatorfnder\AtmLocatorfnder\AtmLocatorfnder\app\build\intermediates\exploded-aar\com.android.support\recyclerview-v7\23.2.1\jars\classes.jar
java_class_path (initial): C:\Users\AJAY DHIMAN\AppData\Local\Android\Sdk\build-tools\23.0.3\lib\dx.jar
Launcher Type: SUN_STANDARD

Environment Variables:
PATH=C:\ProgramData\Oracle\Java\javapath;C:\Program Files\Java\jdk1.7.0_25\bin;C:\WINDOWS\system32;C:\WINDOWS;C:\WINDOWS\System32\Wbem;C:\WINDOWS\System32\WindowsPowerShell\v1.0\;C:\Program Files (x86)\Common Files\lenovo\easyplussdk\bin;C:\Program Files (x86)\Skype\Phone\;C:\Program Files (x86)\GtkSharp\2.12\bin;C:\Program Files\Java\jdk1.7.0_25\bin;C:\WINDOWS\system32;C:\WINDOWS;C:\WINDOWS\System32\Wbem;C:\WINDOWS\System32\WindowsPowerShell\v1.0\;C:\Program Files (x86)\Common Files\lenovo\easyplussdk\bin;C:\Program Files (x86)\Skype\Phone\
USERNAME=AJAY DHIMAN
OS=Windows_NT
PROCESSOR_IDENTIFIER=Intel64 Family 6 Model 69 Stepping 1, GenuineIntel



---------------  S Y S T E M  ---------------

OS: Windows 10.0 , 64 bit Build 10586 (10.0.10586.0)

CPU:total 4 (2 cores per cpu, 2 threads per core) family 6 model 69 stepping 1, cmov, cx8, fxsr, mmx, sse, sse2, sse3, ssse3, sse4.1, sse4.2, popcnt, avx, avx2, aes, clmul, erms, lzcnt, ht, tsc, tscinvbit, bmi1, bmi2

Memory: 4k page, physical 4122776k(349988k free), swap 5555352k(144412k free)

vm_info: Java HotSpot(TM) 64-Bit Server VM (25.91-b15) for windows-amd64 JRE (1.8.0_91-b15), built on May 20 2016 17:43:15 by "java_re" with MS VC++ 10.0 (VS2010)

time: Mon Aug 01 20:58:18 2016
elapsed time: 1 seconds (0d 0h 0m 1s)

