#
# There is insufficient memory for the Java Runtime Environment to continue.
# Native memory allocation (malloc) failed to allocate 879136 bytes for Chunk::new
# Possible reasons:
#   The system is out of physical RAM or swap space
#   In 32 bit mode, the process size limit was hit
# Possible solutions:
#   Reduce memory load on the system
#   Increase physical memory or swap space
#   Check if swap backing store is full
#   Use 64 bit Java on a 64 bit OS
#   Decrease Java heap size (-Xmx/-Xms)
#   Decrease number of Java threads
#   Decrease Java thread stack sizes (-Xss)
#   Set larger code cache with -XX:ReservedCodeCacheSize=
# This output file may be truncated or incomplete.
#
#  Out of Memory Error (allocation.cpp:390), pid=6908, tid=9028
#
# JRE version: Java(TM) SE Runtime Environment (8.0_91-b15) (build 1.8.0_91-b15)
# Java VM: Java HotSpot(TM) 64-Bit Server VM (25.91-b15 mixed mode windows-amd64 compressed oops)
# Failed to write core dump. Minidumps are not enabled by default on client versions of Windows
#

---------------  T H R E A D  ---------------

Current thread (0x00000000150cc800):  JavaThread "C2 CompilerThread0" daemon [_thread_in_native, id=9028, stack(0x0000000016720000,0x0000000016820000)]

Stack: [0x0000000016720000,0x0000000016820000]
[error occurred during error reporting (printing stack bounds), id 0xc0000005]

Native frames: (J=compiled Java code, j=interpreted, Vv=VM code, C=native code)


Current CompileTask:
C2:   8210 1626       4       com.android.dx.ssa.SCCP::simulateBlock (54 bytes)


---------------  P R O C E S S  ---------------

Java Threads: ( => current thread )
  0x0000000016c00000 JavaThread "pool-1-thread-4" [_thread_blocked, id=8156, stack(0x0000000017420000,0x0000000017520000)]
  0x0000000016bff000 JavaThread "pool-1-thread-3" [_thread_blocked, id=8092, stack(0x0000000017320000,0x0000000017420000)]
  0x0000000016bac800 JavaThread "pool-1-thread-2" [_thread_in_Java, id=6772, stack(0x0000000017220000,0x0000000017320000)]
  0x0000000016c32800 JavaThread "pool-2-thread-1" [_thread_blocked, id=2520, stack(0x0000000017120000,0x0000000017220000)]
  0x0000000016c31800 JavaThread "pool-1-thread-1" [_thread_blocked, id=3596, stack(0x0000000017020000,0x0000000017120000)]
  0x0000000016926000 JavaThread "Service Thread" daemon [_thread_blocked, id=6100, stack(0x0000000016e20000,0x0000000016f20000)]
  0x000000001512c800 JavaThread "C1 CompilerThread2" daemon [_thread_in_native, id=8336, stack(0x0000000016d20000,0x0000000016e20000)]
  0x000000001511e000 JavaThread "C2 CompilerThread1" daemon [_thread_in_native, id=2848, stack(0x0000000016820000,0x0000000016920000)]
=>0x00000000150cc800 JavaThread "C2 CompilerThread0" daemon [_thread_in_native, id=9028, stack(0x0000000016720000,0x0000000016820000)]
  0x00000000150cb000 JavaThread "Attach Listener" daemon [_thread_blocked, id=9096, stack(0x0000000016620000,0x0000000016720000)]
  0x00000000150ca000 JavaThread "Signal Dispatcher" daemon [_thread_blocked, id=228, stack(0x0000000016520000,0x0000000016620000)]
  0x00000000150ba800 JavaThread "Finalizer" daemon [_thread_blocked, id=6452, stack(0x0000000016340000,0x0000000016440000)]
  0x00000000029f0000 JavaThread "Reference Handler" daemon [_thread_blocked, id=7104, stack(0x0000000016240000,0x0000000016340000)]
  0x0000000002901000 JavaThread "main" [_thread_in_Java, id=7060, stack(0x0000000002800000,0x0000000002900000)]

Other Threads:
  0x0000000015097800 VMThread [stack: 0x0000000016140000,0x0000000016240000] [id=6536]
  0x000000001693b000 WatcherThread [stack: 0x0000000016f20000,0x0000000017020000] [id=9088]

VM state:not at safepoint (normal execution)

VM Mutex/Monitor currently owned by a thread: None

Heap:
 PSYoungGen      total 35328K, used 16388K [0x00000000eab00000, 0x00000000ed000000, 0x0000000100000000)
  eden space 32768K, 42% used [0x00000000eab00000,0x00000000eb8810f0,0x00000000ecb00000)
  from space 2560K, 100% used [0x00000000ecb00000,0x00000000ecd80000,0x00000000ecd80000)
  to   space 2560K, 0% used [0x00000000ecd80000,0x00000000ecd80000,0x00000000ed000000)
 ParOldGen       total 44032K, used 7440K [0x00000000c0000000, 0x00000000c2b00000, 0x00000000eab00000)
  object space 44032K, 16% used [0x00000000c0000000,0x00000000c0744340,0x00000000c2b00000)
 Metaspace       used 6263K, capacity 7092K, committed 7296K, reserved 1056768K
  class space    used 605K, capacity 620K, committed 640K, reserved 1048576K

Card table byte_map: [0x0000000011dc0000,0x0000000011fd0000] byte_map_base: 0x00000000117c0000

Marking Bits: (ParMarkBitMap*) 0x00000000607c2f70
 Begin Bits: [0x0000000012530000, 0x0000000013530000)
 End Bits:   [0x0000000013530000, 0x0000000014530000)

Polling page: 0x0000000002770000

CodeCache: size=245760Kb used=6901Kb max_used=6901Kb free=238858Kb
 bounds [0x0000000002a00000, 0x00000000030d0000, 0x0000000011a00000]
 total_blobs=1907 nmethods=1635 adapters=182
 compilation: enabled

Compilation events (10 events):
Event: 8.189 Thread 0x000000001512c800 nmethod 1643 0x00000000030a3650 code [0x00000000030a37a0, 0x00000000030a38b0]
Event: 8.191 Thread 0x000000001512c800 1644       3       com.android.dx.rop.code.RegisterSpecSet::mutableCopy (57 bytes)
Event: 8.192 Thread 0x000000001512c800 nmethod 1644 0x00000000030b2910 code [0x00000000030b2ac0, 0x00000000030b3088]
Event: 8.195 Thread 0x000000001512c800 1645       3       com.android.dx.rop.cst.CstFloat::getType (4 bytes)
Event: 8.195 Thread 0x000000001512c800 nmethod 1645 0x00000000030b3350 code [0x00000000030b34a0, 0x00000000030b35f0]
Event: 8.198 Thread 0x000000001512c800 1647       1       com.android.dx.rop.cst.CstType::getType (4 bytes)
Event: 8.199 Thread 0x000000001512c800 nmethod 1647 0x00000000030b3690 code [0x00000000030b37e0, 0x00000000030b38f0]
Event: 8.200 Thread 0x000000001512c800 1648       3       com.android.dx.ssa.SCCP::simulateBranch (666 bytes)
Event: 8.205 Thread 0x000000001512c800 nmethod 1648 0x00000000030bb850 code [0x00000000030bbd00, 0x00000000030bf8d8]
Event: 8.205 Thread 0x000000001512c800 1652       3       com.android.dx.ssa.SsaMethod::updateOneDefinition (70 bytes)

GC Heap History (6 events):
Event: 3.735 GC heap before
{Heap before GC invocations=1 (full 0):
 PSYoungGen      total 18944K, used 16384K [0x00000000eab00000, 0x00000000ec000000, 0x0000000100000000)
  eden space 16384K, 100% used [0x00000000eab00000,0x00000000ebb00000,0x00000000ebb00000)
  from space 2560K, 0% used [0x00000000ebd80000,0x00000000ebd80000,0x00000000ec000000)
  to   space 2560K, 0% used [0x00000000ebb00000,0x00000000ebb00000,0x00000000ebd80000)
 ParOldGen       total 44032K, used 0K [0x00000000c0000000, 0x00000000c2b00000, 0x00000000eab00000)
  object space 44032K, 0% used [0x00000000c0000000,0x00000000c0000000,0x00000000c2b00000)
 Metaspace       used 5493K, capacity 6448K, committed 6528K, reserved 1056768K
  class space    used 593K, capacity 616K, committed 640K, reserved 1048576K
Event: 4.129 GC heap after
Heap after GC invocations=1 (full 0):
 PSYoungGen      total 18944K, used 2556K [0x00000000eab00000, 0x00000000ed000000, 0x0000000100000000)
  eden space 16384K, 0% used [0x00000000eab00000,0x00000000eab00000,0x00000000ebb00000)
  from space 2560K, 99% used [0x00000000ebb00000,0x00000000ebd7f0c8,0x00000000ebd80000)
  to   space 2560K, 0% used [0x00000000ecd80000,0x00000000ecd80000,0x00000000ed000000)
 ParOldGen       total 44032K, used 716K [0x00000000c0000000, 0x00000000c2b00000, 0x00000000eab00000)
  object space 44032K, 1% used [0x00000000c0000000,0x00000000c00b3140,0x00000000c2b00000)
 Metaspace       used 5493K, capacity 6448K, committed 6528K, reserved 1056768K
  class space    used 593K, capacity 616K, committed 640K, reserved 1048576K
}
Event: 5.297 GC heap before
{Heap before GC invocations=2 (full 0):
 PSYoungGen      total 18944K, used 18940K [0x00000000eab00000, 0x00000000ed000000, 0x0000000100000000)
  eden space 16384K, 100% used [0x00000000eab00000,0x00000000ebb00000,0x00000000ebb00000)
  from space 2560K, 99% used [0x00000000ebb00000,0x00000000ebd7f0c8,0x00000000ebd80000)
  to   space 2560K, 0% used [0x00000000ecd80000,0x00000000ecd80000,0x00000000ed000000)
 ParOldGen       total 44032K, used 716K [0x00000000c0000000, 0x00000000c2b00000, 0x00000000eab00000)
  object space 44032K, 1% used [0x00000000c0000000,0x00000000c00b3140,0x00000000c2b00000)
 Metaspace       used 5907K, capacity 6836K, committed 7040K, reserved 1056768K
  class space    used 598K, capacity 620K, committed 640K, reserved 1048576K
Event: 5.668 GC heap after
Heap after GC invocations=2 (full 0):
 PSYoungGen      total 35328K, used 2538K [0x00000000eab00000, 0x00000000ed000000, 0x0000000100000000)
  eden space 32768K, 0% used [0x00000000eab00000,0x00000000eab00000,0x00000000ecb00000)
  from space 2560K, 99% used [0x00000000ecd80000,0x00000000ecffaaa0,0x00000000ed000000)
  to   space 2560K, 0% used [0x00000000ecb00000,0x00000000ecb00000,0x00000000ecd80000)
 ParOldGen       total 44032K, used 2347K [0x00000000c0000000, 0x00000000c2b00000, 0x00000000eab00000)
  object space 44032K, 5% used [0x00000000c0000000,0x00000000c024aed0,0x00000000c2b00000)
 Metaspace       used 5907K, capacity 6836K, committed 7040K, reserved 1056768K
  class space    used 598K, capacity 620K, committed 640K, reserved 1048576K
}
Event: 7.797 GC heap before
{Heap before GC invocations=3 (full 0):
 PSYoungGen      total 35328K, used 35306K [0x00000000eab00000, 0x00000000ed000000, 0x0000000100000000)
  eden space 32768K, 100% used [0x00000000eab00000,0x00000000ecb00000,0x00000000ecb00000)
  from space 2560K, 99% used [0x00000000ecd80000,0x00000000ecffaaa0,0x00000000ed000000)
  to   space 2560K, 0% used [0x00000000ecb00000,0x00000000ecb00000,0x00000000ecd80000)
 ParOldGen       total 44032K, used 2347K [0x00000000c0000000, 0x00000000c2b00000, 0x00000000eab00000)
  object space 44032K, 5% used [0x00000000c0000000,0x00000000c024aed0,0x00000000c2b00000)
 Metaspace       used 6246K, capacity 7092K, committed 7296K, reserved 1056768K
  class space    used 605K, capacity 620K, committed 640K, reserved 1048576K
Event: 8.129 GC heap after
Heap after GC invocations=3 (full 0):
 PSYoungGen      total 35328K, used 2560K [0x00000000eab00000, 0x00000000ed000000, 0x0000000100000000)
  eden space 32768K, 0% used [0x00000000eab00000,0x00000000eab00000,0x00000000ecb00000)
  from space 2560K, 100% used [0x00000000ecb00000,0x00000000ecd80000,0x00000000ecd80000)
  to   space 2560K, 0% used [0x00000000ecd80000,0x00000000ecd80000,0x00000000ed000000)
 ParOldGen       total 44032K, used 7440K [0x00000000c0000000, 0x00000000c2b00000, 0x00000000eab00000)
  object space 44032K, 16% used [0x00000000c0000000,0x00000000c0744340,0x00000000c2b00000)
 Metaspace       used 6246K, capacity 7092K, committed 7296K, reserved 1056768K
  class space    used 605K, capacity 620K, committed 640K, reserved 1048576K
}

Deoptimization events (10 events):
Event: 0.527 Thread 0x0000000002901000 Uncommon trap: reason=unstable_if action=reinterpret pc=0x0000000002b51594 method=java.lang.String.compareTo(Ljava/lang/String;)I @ 38
Event: 4.156 Thread 0x0000000016bac800 Uncommon trap: reason=unstable_if action=reinterpret pc=0x0000000002c30668 method=java.util.HashMap.getNode(ILjava/lang/Object;)Ljava/util/HashMap$Node; @ 129
Event: 5.254 Thread 0x0000000016bff000 Uncommon trap: reason=unstable_if action=reinterpret pc=0x0000000002d3ca9c method=com.android.dx.rop.cst.Constant.compareTo(Lcom/android/dx/rop/cst/Constant;)I @ 12
Event: 5.933 Thread 0x0000000016c31800 Uncommon trap: reason=null_check action=make_not_entrant pc=0x0000000002cf4e20 method=com.android.dx.ssa.SsaRenamer.getLocalForNewReg(I)Lcom/android/dx/rop/code/LocalItem; @ 19
Event: 7.094 Thread 0x0000000016c00000 Uncommon trap: reason=unstable_if action=reinterpret pc=0x0000000002e71a4c method=com.android.dx.ssa.SCCP.simulateStmt(Lcom/android/dx/ssa/SsaInsn;)V @ 53
Event: 8.143 Thread 0x0000000016bff000 Uncommon trap: reason=bimorphic action=maybe_recompile pc=0x0000000003071920 method=com.android.dx.rop.code.RegisterSpec.withSimpleType()Lcom/android/dx/rop/code/RegisterSpec; @ 21
Event: 8.181 Thread 0x0000000016c31800 Uncommon trap: reason=unstable_if action=reinterpret pc=0x0000000002d8b460 method=com.android.dx.rop.code.RegisterSpecSet.<init>(I)V @ 2
Event: 8.199 Thread 0x0000000016bac800 Uncommon trap: reason=unstable_if action=reinterpret pc=0x0000000002fe8820 method=com.android.dx.ssa.SCCP.simulateBranch(Lcom/android/dx/ssa/SsaInsn;)V @ 64
Event: 8.200 Thread 0x0000000016bac800 Uncommon trap: reason=unloaded action=reinterpret pc=0x0000000002fab868 method=com.android.dx.ssa.LiteralOpUpgrader$1.visitNonMoveInsn(Lcom/android/dx/ssa/NormalSsaInsn;)V @ 72
Event: 8.201 Thread 0x0000000016bac800 Uncommon trap: reason=unstable_if action=reinterpret pc=0x0000000002de599c method=com.android.dx.ssa.SsaMethod.updateOneDefinition(Lcom/android/dx/ssa/SsaInsn;Lcom/android/dx/rop/code/RegisterSpec;)V @ 4

Internal exceptions (3 events):
Event: 0.069 Thread 0x0000000002901000 Exception <a 'java/lang/NoSuchMethodError': Method sun.misc.Unsafe.defineClass(Ljava/lang/String;[BII)Ljava/lang/Class; name or signature does not match> (0x00000000eab07cc0) thrown at [C:\re\workspace\8-2-build-windows-amd64-cygwin\jdk8u91\7017\hotspot\sr¡üâ2ÛÀ±?
Event: 0.070 Thread 0x0000000002901000 Exception <a 'java/lang/NoSuchMethodError': Method sun.misc.Unsafe.prefetchRead(Ljava/lang/Object;J)V name or signature does not match> (0x00000000eab07fa8) thrown at [C:\re\workspace\8-2-build-windows-amd64-cygwin\jdk8u91\7017\hotspot\src\share\vm\prims\jÿ+ph,ª@
Event: 5.933 Thread 0x0000000016c31800 Implicit null exception at 0x0000000002cf3576 to 0x0000000002cf4e01

Events (10 events):
Event: 8.199 Thread 0x0000000016bac800 DEOPT PACKING pc=0x0000000002fe8820 sp=0x000000001731e8d0
Event: 8.200 Thread 0x0000000016bac800 DEOPT UNPACKING pc=0x0000000002a4582a sp=0x000000001731e8c0 mode 2
Event: 8.200 Thread 0x0000000016bac800 Uncommon trap: trap_request=0x0000004e fr.pc=0x0000000002fab868
Event: 8.200 loading class com/android/dx/rop/code/RegOps
Event: 8.200 loading class com/android/dx/rop/code/RegOps done
Event: 8.201 Thread 0x0000000016bac800 DEOPT PACKING pc=0x0000000002fab868 sp=0x000000001731ea50
Event: 8.201 Thread 0x0000000016bac800 DEOPT UNPACKING pc=0x0000000002a4582a sp=0x000000001731ea48 mode 2
Event: 8.201 Thread 0x0000000016bac800 Uncommon trap: trap_request=0xffffff65 fr.pc=0x0000000002de599c
Event: 8.201 Thread 0x0000000016bac800 DEOPT PACKING pc=0x0000000002de599c sp=0x000000001731e8c0
Event: 8.201 Thread 0x0000000016bac800 DEOPT UNPACKING pc=0x0000000002a4582a sp=0x000000001731e868 mode 2


Dynamic libraries:
0x00007ff763f90000 - 0x00007ff763fc7000 	C:\Program Files\Java\jdk1.8.0_91\bin\java.exe
0x00007ffca5d70000 - 0x00007ffca5f31000 	C:\WINDOWS\SYSTEM32\ntdll.dll
0x00007ffca4a10000 - 0x00007ffca4abd000 	C:\WINDOWS\system32\KERNEL32.DLL
0x00007ffca26a0000 - 0x00007ffca2888000 	C:\WINDOWS\system32\KERNELBASE.dll
0x00007ffca4ad0000 - 0x00007ffca4b77000 	C:\WINDOWS\system32\ADVAPI32.dll
0x00007ffca54d0000 - 0x00007ffca556d000 	C:\WINDOWS\system32\msvcrt.dll
0x00007ffca4ce0000 - 0x00007ffca4d3b000 	C:\WINDOWS\system32\sechost.dll
0x00007ffca5970000 - 0x00007ffca5a8c000 	C:\WINDOWS\system32\RPCRT4.dll
0x00007ffca4b80000 - 0x00007ffca4cd6000 	C:\WINDOWS\system32\USER32.dll
0x00007ffca3170000 - 0x00007ffca32f6000 	C:\WINDOWS\system32\GDI32.dll
0x00007ffc97da0000 - 0x00007ffc98014000 	C:\WINDOWS\WinSxS\amd64_microsoft.windows.common-controls_6595b64144ccf1df_6.0.10586.494_none_a2d8b04ea53e3145\COMCTL32.dll
0x00007ffca5af0000 - 0x00007ffca5d6d000 	C:\WINDOWS\system32\combase.dll
0x00007ffca2890000 - 0x00007ffca28fa000 	C:\WINDOWS\system32\bcryptPrimitives.dll
0x00007ffca5430000 - 0x00007ffca546b000 	C:\WINDOWS\system32\IMM32.DLL
0x000000005faf0000 - 0x000000005fbc2000 	C:\Program Files\Java\jdk1.8.0_91\jre\bin\msvcr100.dll
0x000000005ffb0000 - 0x0000000060843000 	C:\Program Files\Java\jdk1.8.0_91\jre\bin\server\jvm.dll
0x00007ffca55e0000 - 0x00007ffca55e8000 	C:\WINDOWS\system32\PSAPI.DLL
0x00007ffc8db70000 - 0x00007ffc8db79000 	C:\WINDOWS\SYSTEM32\WSOCK32.dll
0x00007ffca53c0000 - 0x00007ffca542b000 	C:\WINDOWS\system32\WS2_32.dll
0x00007ffca0920000 - 0x00007ffca0943000 	C:\WINDOWS\SYSTEM32\WINMM.dll
0x00007ffc9ff80000 - 0x00007ffc9ff8a000 	C:\WINDOWS\SYSTEM32\VERSION.dll
0x0000000002740000 - 0x000000000276c000 	C:\WINDOWS\SYSTEM32\WINMMBASE.dll
0x00007ffca2ad0000 - 0x00007ffca2b13000 	C:\WINDOWS\system32\cfgmgr32.dll
0x000000005ffa0000 - 0x000000005ffaf000 	C:\Program Files\Java\jdk1.8.0_91\jre\bin\verify.dll
0x000000005ff70000 - 0x000000005ff99000 	C:\Program Files\Java\jdk1.8.0_91\jre\bin\java.dll
0x000000005ff50000 - 0x000000005ff66000 	C:\Program Files\Java\jdk1.8.0_91\jre\bin\zip.dll
0x00007ffca34b0000 - 0x00007ffca4a0c000 	C:\WINDOWS\system32\SHELL32.dll
0x00007ffca2b20000 - 0x00007ffca3165000 	C:\WINDOWS\system32\windows.storage.dll
0x00007ffca5a90000 - 0x00007ffca5ae2000 	C:\WINDOWS\system32\shlwapi.dll
0x00007ffca2400000 - 0x00007ffca240f000 	C:\WINDOWS\system32\kernel.appcore.dll
0x00007ffca2900000 - 0x00007ffca29b5000 	C:\WINDOWS\system32\shcore.dll
0x00007ffca23b0000 - 0x00007ffca23fb000 	C:\WINDOWS\system32\powrprof.dll
0x00007ffca2390000 - 0x00007ffca23a4000 	C:\WINDOWS\system32\profapi.dll

VM Arguments:
jvm_args: -Djava.awt.headless=true -Xmx1024M -Dfile.encoding=windows-1252 -Duser.country=IN -Duser.language=en -Duser.variant 
java_command: com.android.dx.command.Main --dex --num-threads=4 --output F:\Androidwk\AtmLocatorfnder\AtmLocatorfnder\AtmLocatorfnder\app\build\intermediates\pre-dexed\debug\internal_impl-23.3.0_4fc96b4f5ca963bc7b458f54ea1dd2921e1d0bec.jar F:\Androidwk\AtmLocatorfnder\AtmLocatorfnder\AtmLocatorfnder\app\build\intermediates\exploded-aar\com.android.support\support-v4\23.3.0\jars\libs\internal_impl-23.3.0.jar
java_class_path (initial): C:\Users\AJAY DHIMAN\AppData\Local\Android\Sdk\build-tools\23.0.3\lib\dx.jar
Launcher Type: SUN_STANDARD

Environment Variables:
PATH=C:\ProgramData\Oracle\Java\javapath;C:\Program Files\Java\jdk1.7.0_25\bin;C:\WINDOWS\system32;C:\WINDOWS;C:\WINDOWS\System32\Wbem;C:\WINDOWS\System32\WindowsPowerShell\v1.0\;C:\Program Files (x86)\Common Files\lenovo\easyplussdk\bin;C:\Program Files (x86)\Skype\Phone\;C:\Program Files (x86)\GtkSharp\2.12\bin;C:\Program Files\Java\jdk1.7.0_25\bin;C:\WINDOWS\system32;C:\WINDOWS;C:\WINDOWS\System32\Wbem;C:\WINDOWS\System32\WindowsPowerShell\v1.0\;C:\Program Files (x86)\Common Files\lenovo\easyplussdk\bin;C:\Program Files (x86)\Skype\Phone\
USERNAME=AJAY DHIMAN
OS=Windows_NT
PROCESSOR_IDENTIFIER=Intel64 Family 6 Model 69 Stepping 1, GenuineIntel



---------------  S Y S T E M  ---------------

OS: Windows 10.0 , 64 bit Build 10586 (10.0.10586.0)

CPU:total 4 (2 cores per cpu, 2 threads per core) family 6 model 69 stepping 1, cmov, cx8, fxsr, mmx, sse, sse2, sse3, ssse3, sse4.1, sse4.2, popcnt, avx, avx2, aes, clmul, erms, lzcnt, ht, tsc, tscinvbit, bmi1, bmi2

Memory: 4k page, physical 4122776k(221976k free), swap 5555352k(5308k free)

vm_info: Java HotSpot(TM) 64-Bit Server VM (25.91-b15) for windows-amd64 JRE (1.8.0_91-b15), built on May 20 2016 17:43:15 by "java_re" with MS VC++ 10.0 (VS2010)

time: Mon Aug 01 21:58:26 2016
elapsed time: 8 seconds (0d 0h 0m 8s)

