#
# There is insufficient memory for the Java Runtime Environment to continue.
# Native memory allocation (malloc) failed to allocate 1617056 bytes for Chunk::new
# Possible reasons:
#   The system is out of physical RAM or swap space
#   In 32 bit mode, the process size limit was hit
# Possible solutions:
#   Reduce memory load on the system
#   Increase physical memory or swap space
#   Check if swap backing store is full
#   Use 64 bit Java on a 64 bit OS
#   Decrease Java heap size (-Xmx/-Xms)
#   Decrease number of Java threads
#   Decrease Java thread stack sizes (-Xss)
#   Set larger code cache with -XX:ReservedCodeCacheSize=
# This output file may be truncated or incomplete.
#
#  Out of Memory Error (allocation.cpp:390), pid=2064, tid=3700
#
# JRE version: Java(TM) SE Runtime Environment (8.0_91-b15) (build 1.8.0_91-b15)
# Java VM: Java HotSpot(TM) 64-Bit Server VM (25.91-b15 mixed mode windows-amd64 compressed oops)
# Failed to write core dump. Minidumps are not enabled by default on client versions of Windows
#

---------------  T H R E A D  ---------------

Current thread (0x00000000153f6000):  JavaThread "C2 CompilerThread1" daemon [_thread_in_native, id=3700, stack(0x0000000016ad0000,0x0000000016bd0000)]

Stack: [0x0000000016ad0000,0x0000000016bd0000]
[error occurred during error reporting (printing stack bounds), id 0xc0000005]

Native frames: (J=compiled Java code, j=interpreted, Vv=VM code, C=native code)


Current CompileTask:
C2:   7768 1636   !   4       com.android.dx.cf.code.Ropper::processBlock (1101 bytes)


---------------  P R O C E S S  ---------------

Java Threads: ( => current thread )
  0x0000000016f42800 JavaThread "pool-1-thread-4" [_thread_blocked, id=5272, stack(0x00000000176d0000,0x00000000177d0000)]
  0x0000000016f41800 JavaThread "pool-1-thread-3" [_thread_blocked, id=4696, stack(0x00000000175d0000,0x00000000176d0000)]
  0x0000000016f41000 JavaThread "pool-1-thread-2" [_thread_blocked, id=7412, stack(0x00000000174d0000,0x00000000175d0000)]
  0x0000000016f37800 JavaThread "pool-2-thread-1" [_thread_blocked, id=240, stack(0x00000000173d0000,0x00000000174d0000)]
  0x0000000016f37000 JavaThread "pool-1-thread-1" [_thread_blocked, id=7648, stack(0x00000000172d0000,0x00000000173d0000)]
  0x00000000153fe800 JavaThread "Service Thread" daemon [_thread_blocked, id=7996, stack(0x00000000170d0000,0x00000000171d0000)]
  0x00000000153f9000 JavaThread "C1 CompilerThread2" daemon [_thread_blocked, id=3872, stack(0x0000000016bd0000,0x0000000016cd0000)]
=>0x00000000153f6000 JavaThread "C2 CompilerThread1" daemon [_thread_in_native, id=3700, stack(0x0000000016ad0000,0x0000000016bd0000)]
  0x000000001539d000 JavaThread "C2 CompilerThread0" daemon [_thread_in_native, id=6868, stack(0x00000000169d0000,0x0000000016ad0000)]
  0x000000001539b000 JavaThread "Attach Listener" daemon [_thread_blocked, id=3196, stack(0x00000000168d0000,0x00000000169d0000)]
  0x0000000015399800 JavaThread "Signal Dispatcher" daemon [_thread_blocked, id=7444, stack(0x00000000167d0000,0x00000000168d0000)]
  0x000000001538a800 JavaThread "Finalizer" daemon [_thread_blocked, id=7488, stack(0x00000000165f0000,0x00000000166f0000)]
  0x0000000002cc0000 JavaThread "Reference Handler" daemon [_thread_blocked, id=1084, stack(0x00000000164f0000,0x00000000165f0000)]
  0x0000000002bd1000 JavaThread "main" [_thread_in_vm, id=4896, stack(0x0000000002ab0000,0x0000000002bb0000)]

Other Threads:
  0x0000000015367800 VMThread [stack: 0x00000000163f0000,0x00000000164f0000] [id=7164]
  0x0000000016cd6800 WatcherThread [stack: 0x00000000171d0000,0x00000000172d0000] [id=8176]

VM state:not at safepoint (normal execution)

VM Mutex/Monitor currently owned by a thread:  ([mutex/lock_event])
[0x0000000002bcc3e0] AdapterHandlerLibrary_lock - owner thread: 0x0000000002bd1000

Heap:
 PSYoungGen      total 68096K, used 16696K [0x00000000eab00000, 0x00000000ef000000, 0x0000000100000000)
  eden space 65536K, 21% used [0x00000000eab00000,0x00000000eb8d6378,0x00000000eeb00000)
  from space 2560K, 98% used [0x00000000eed80000,0x00000000eeff8010,0x00000000ef000000)
  to   space 2560K, 0% used [0x00000000eeb00000,0x00000000eeb00000,0x00000000eed80000)
 ParOldGen       total 44032K, used 13032K [0x00000000c0000000, 0x00000000c2b00000, 0x00000000eab00000)
  object space 44032K, 29% used [0x00000000c0000000,0x00000000c0cba220,0x00000000c2b00000)
 Metaspace       used 6271K, capacity 7090K, committed 7296K, reserved 1056768K
  class space    used 602K, capacity 618K, committed 640K, reserved 1048576K

Card table byte_map: [0x0000000012090000,0x00000000122a0000] byte_map_base: 0x0000000011a90000

Marking Bits: (ParMarkBitMap*) 0x00000000607c2f70
 Begin Bits: [0x0000000012800000, 0x0000000013800000)
 End Bits:   [0x0000000013800000, 0x0000000014800000)

Polling page: 0x0000000000f20000

CodeCache: size=245760Kb used=7149Kb max_used=7149Kb free=238610Kb
 bounds [0x0000000002cd0000, 0x00000000033d0000, 0x0000000011cd0000]
 total_blobs=1937 nmethods=1668 adapters=181
 compilation: enabled

Compilation events (10 events):
Event: 7.471 Thread 0x000000001539d000 nmethod 1655 0x00000000031af790 code [0x00000000031af8c0, 0x00000000031af938]
Event: 7.471 Thread 0x000000001539d000 1650       4       com.android.dx.rop.code.ThrowingCstInsn::withNewRegisters (25 bytes)
Event: 7.474 Thread 0x000000001539d000 nmethod 1650 0x0000000003388190 code [0x00000000033882e0, 0x0000000003388518]
Event: 7.474 Thread 0x000000001539d000 1651       4       com.android.dx.ssa.SsaRenamer$BlockRenamer$RenamingMapper::map (28 bytes)
Event: 7.476 Thread 0x000000001539d000 nmethod 1651 0x000000000334a5d0 code [0x000000000334a720, 0x000000000334a828]
Event: 7.476 Thread 0x000000001539d000 1652       4       com.android.dx.rop.code.Rop::hashCode (54 bytes)
Event: 7.481 Thread 0x00000000153f9000 1669       3       com.android.dx.cf.code.SwitchList::getTarget (9 bytes)
Event: 7.481 Thread 0x00000000153f9000 nmethod 1669 0x0000000003387d50 code [0x0000000003387ec0, 0x00000000033880c8]
Event: 7.616 Thread 0x000000001539d000 nmethod 1652 0x0000000003380910 code [0x0000000003380a80, 0x0000000003381198]
Event: 7.616 Thread 0x000000001539d000 1637       4       com.android.dx.rop.code.Rops::ropFor (771 bytes)

GC Heap History (8 events):
Event: 2.860 GC heap before
{Heap before GC invocations=1 (full 0):
 PSYoungGen      total 18944K, used 16384K [0x00000000eab00000, 0x00000000ec000000, 0x0000000100000000)
  eden space 16384K, 100% used [0x00000000eab00000,0x00000000ebb00000,0x00000000ebb00000)
  from space 2560K, 0% used [0x00000000ebd80000,0x00000000ebd80000,0x00000000ec000000)
  to   space 2560K, 0% used [0x00000000ebb00000,0x00000000ebb00000,0x00000000ebd80000)
 ParOldGen       total 44032K, used 0K [0x00000000c0000000, 0x00000000c2b00000, 0x00000000eab00000)
  object space 44032K, 0% used [0x00000000c0000000,0x00000000c0000000,0x00000000c2b00000)
 Metaspace       used 5268K, capacity 6224K, committed 6528K, reserved 1056768K
  class space    used 579K, capacity 584K, committed 640K, reserved 1048576K
Event: 3.012 GC heap after
Heap after GC invocations=1 (full 0):
 PSYoungGen      total 18944K, used 2551K [0x00000000eab00000, 0x00000000ed000000, 0x0000000100000000)
  eden space 16384K, 0% used [0x00000000eab00000,0x00000000eab00000,0x00000000ebb00000)
  from space 2560K, 99% used [0x00000000ebb00000,0x00000000ebd7df90,0x00000000ebd80000)
  to   space 2560K, 0% used [0x00000000ecd80000,0x00000000ecd80000,0x00000000ed000000)
 ParOldGen       total 44032K, used 503K [0x00000000c0000000, 0x00000000c2b00000, 0x00000000eab00000)
  object space 44032K, 1% used [0x00000000c0000000,0x00000000c007de98,0x00000000c2b00000)
 Metaspace       used 5268K, capacity 6224K, committed 6528K, reserved 1056768K
  class space    used 579K, capacity 584K, committed 640K, reserved 1048576K
}
Event: 3.971 GC heap before
{Heap before GC invocations=2 (full 0):
 PSYoungGen      total 18944K, used 18935K [0x00000000eab00000, 0x00000000ed000000, 0x0000000100000000)
  eden space 16384K, 100% used [0x00000000eab00000,0x00000000ebb00000,0x00000000ebb00000)
  from space 2560K, 99% used [0x00000000ebb00000,0x00000000ebd7df90,0x00000000ebd80000)
  to   space 2560K, 0% used [0x00000000ecd80000,0x00000000ecd80000,0x00000000ed000000)
 ParOldGen       total 44032K, used 503K [0x00000000c0000000, 0x00000000c2b00000, 0x00000000eab00000)
  object space 44032K, 1% used [0x00000000c0000000,0x00000000c007de98,0x00000000c2b00000)
 Metaspace       used 5984K, capacity 6898K, committed 7040K, reserved 1056768K
  class space    used 602K, capacity 618K, committed 640K, reserved 1048576K
Event: 4.332 GC heap after
Heap after GC invocations=2 (full 0):
 PSYoungGen      total 35328K, used 2554K [0x00000000eab00000, 0x00000000ed000000, 0x0000000100000000)
  eden space 32768K, 0% used [0x00000000eab00000,0x00000000eab00000,0x00000000ecb00000)
  from space 2560K, 99% used [0x00000000ecd80000,0x00000000ecffeaa0,0x00000000ed000000)
  to   space 2560K, 0% used [0x00000000ecb00000,0x00000000ecb00000,0x00000000ecd80000)
 ParOldGen       total 44032K, used 2176K [0x00000000c0000000, 0x00000000c2b00000, 0x00000000eab00000)
  object space 44032K, 4% used [0x00000000c0000000,0x00000000c0220240,0x00000000c2b00000)
 Metaspace       used 5984K, capacity 6898K, committed 7040K, reserved 1056768K
  class space    used 602K, capacity 618K, committed 640K, reserved 1048576K
}
Event: 5.614 GC heap before
{Heap before GC invocations=3 (full 0):
 PSYoungGen      total 35328K, used 35322K [0x00000000eab00000, 0x00000000ed000000, 0x0000000100000000)
  eden space 32768K, 100% used [0x00000000eab00000,0x00000000ecb00000,0x00000000ecb00000)
  from space 2560K, 99% used [0x00000000ecd80000,0x00000000ecffeaa0,0x00000000ed000000)
  to   space 2560K, 0% used [0x00000000ecb00000,0x00000000ecb00000,0x00000000ecd80000)
 ParOldGen       total 44032K, used 2176K [0x00000000c0000000, 0x00000000c2b00000, 0x00000000eab00000)
  object space 44032K, 4% used [0x00000000c0000000,0x00000000c0220240,0x00000000c2b00000)
 Metaspace       used 6164K, capacity 7026K, committed 7296K, reserved 1056768K
  class space    used 602K, capacity 618K, committed 640K, reserved 1048576K
Event: 5.793 GC heap after
Heap after GC invocations=3 (full 0):
 PSYoungGen      total 35328K, used 2528K [0x00000000eab00000, 0x00000000ef000000, 0x0000000100000000)
  eden space 32768K, 0% used [0x00000000eab00000,0x00000000eab00000,0x00000000ecb00000)
  from space 2560K, 98% used [0x00000000ecb00000,0x00000000ecd78010,0x00000000ecd80000)
  to   space 2560K, 0% used [0x00000000eed80000,0x00000000eed80000,0x00000000ef000000)
 ParOldGen       total 44032K, used 7739K [0x00000000c0000000, 0x00000000c2b00000, 0x00000000eab00000)
  object space 44032K, 17% used [0x00000000c0000000,0x00000000c078ed40,0x00000000c2b00000)
 Metaspace       used 6164K, capacity 7026K, committed 7296K, reserved 1056768K
  class space    used 602K, capacity 618K, committed 640K, reserved 1048576K
}
Event: 7.568 GC heap before
{Heap before GC invocations=4 (full 0):
 PSYoungGen      total 35328K, used 35296K [0x00000000eab00000, 0x00000000ef000000, 0x0000000100000000)
  eden space 32768K, 100% used [0x00000000eab00000,0x00000000ecb00000,0x00000000ecb00000)
  from space 2560K, 98% used [0x00000000ecb00000,0x00000000ecd78010,0x00000000ecd80000)
  to   space 2560K, 0% used [0x00000000eed80000,0x00000000eed80000,0x00000000ef000000)
 ParOldGen       total 44032K, used 7739K [0x00000000c0000000, 0x00000000c2b00000, 0x00000000eab00000)
  object space 44032K, 17% used [0x00000000c0000000,0x00000000c078ed40,0x00000000c2b00000)
 Metaspace       used 6266K, capacity 7090K, committed 7296K, reserved 1056768K
  class space    used 602K, capacity 618K, committed 640K, reserved 1048576K
Event: 7.599 GC heap after
Heap after GC invocations=4 (full 0):
 PSYoungGen      total 68096K, used 2528K [0x00000000eab00000, 0x00000000ef000000, 0x0000000100000000)
  eden space 65536K, 0% used [0x00000000eab00000,0x00000000eab00000,0x00000000eeb00000)
  from space 2560K, 98% used [0x00000000eed80000,0x00000000eeff8010,0x00000000ef000000)
  to   space 2560K, 0% used [0x00000000eeb00000,0x00000000eeb00000,0x00000000eed80000)
 ParOldGen       total 44032K, used 13032K [0x00000000c0000000, 0x00000000c2b00000, 0x00000000eab00000)
  object space 44032K, 29% used [0x00000000c0000000,0x00000000c0cba220,0x00000000c2b00000)
 Metaspace       used 6266K, capacity 7090K, committed 7296K, reserved 1056768K
  class space    used 602K, capacity 618K, committed 640K, reserved 1048576K
}

Deoptimization events (10 events):
Event: 6.307 Thread 0x0000000002bd1000 Uncommon trap: reason=unstable_if action=reinterpret pc=0x0000000002ee3a5c method=java.lang.String.<init>([CII)V @ 18
Event: 6.321 Thread 0x0000000002bd1000 Uncommon trap: reason=unstable_if action=reinterpret pc=0x0000000002ea9aa8 method=java.lang.String.<init>([CII)V @ 18
Event: 6.330 Thread 0x0000000002bd1000 Uncommon trap: reason=unstable_if action=reinterpret pc=0x000000000316af74 method=com.android.dx.ssa.SCCP.simulateStmt(Lcom/android/dx/ssa/SsaInsn;)V @ 53
Event: 6.339 Thread 0x0000000002bd1000 Uncommon trap: reason=uninitialized action=reinterpret pc=0x0000000003186d84 method=com.android.dx.cf.code.BytecodeArray.parseInstruction(ILcom/android/dx/cf/code/BytecodeArray$Visitor;)I @ 1031
Event: 7.210 Thread 0x0000000016f37000 Uncommon trap: reason=unstable_if action=reinterpret pc=0x0000000003277fa4 method=com.android.dx.ssa.SCCP.simulateBranch(Lcom/android/dx/ssa/SsaInsn;)V @ 548
Event: 7.235 Thread 0x0000000016f37000 Uncommon trap: reason=class_check action=maybe_recompile pc=0x000000000320b170 method=java.util.HashMap.putVal(ILjava/lang/Object;Ljava/lang/Object;ZZ)Ljava/lang/Object; @ 203
Event: 7.362 Thread 0x0000000016f42800 Uncommon trap: reason=unstable_if action=reinterpret pc=0x0000000003298054 method=com.android.dx.cf.code.Merger.mergeType(Lcom/android/dx/rop/type/TypeBearer;Lcom/android/dx/rop/type/TypeBearer;)Lcom/android/dx/rop/type/TypeBearer; @ 52
Event: 7.484 Thread 0x0000000002bd1000 Uncommon trap: reason=class_check action=maybe_recompile pc=0x000000000320b170 method=java.util.HashMap.putVal(ILjava/lang/Object;Ljava/lang/Object;ZZ)Ljava/lang/Object; @ 203
Event: 7.484 Thread 0x0000000002bd1000 Uncommon trap: reason=class_check action=maybe_recompile pc=0x000000000320b170 method=java.util.HashMap.putVal(ILjava/lang/Object;Ljava/lang/Object;ZZ)Ljava/lang/Object; @ 203
Event: 7.626 Thread 0x0000000016f42800 Uncommon trap: reason=unstable_if action=reinterpret pc=0x000000000312e210 method=com.android.dx.ssa.SsaMethod.deleteInsns(Ljava/util/Set;)V @ 130

Internal exceptions (3 events):
Event: 1.041 Thread 0x0000000002bd1000 Exception <a 'java/lang/NoSuchMethodError': Method sun.misc.Unsafe.defineClass(Ljava/lang/String;[BII)Ljava/lang/Class; name or signature does not match> (0x00000000eab07cc0) thrown at [C:\re\workspace\8-2-build-windows-amd64-cygwin\jdk8u91\7017\hotspot\srˆÆ"«Ò©?
Event: 1.041 Thread 0x0000000002bd1000 Exception <a 'java/lang/NoSuchMethodError': Method sun.misc.Unsafe.prefetchRead(Ljava/lang/Object;J)V name or signature does not match> (0x00000000eab07fa8) thrown at [C:\re\workspace\8-2-build-windows-amd64-cygwin\jdk8u91\7017\hotspot\src\share\vm\prims\jâÚÒ≈çí@
Event: 4.393 Thread 0x0000000016f41000 Implicit null exception at 0x0000000002fdd462 to 0x0000000002fdd55a

Events (10 events):
Event: 7.484 Thread 0x0000000002bd1000 DEOPT PACKING pc=0x000000000320b170 sp=0x0000000002baddc0
Event: 7.484 Thread 0x0000000002bd1000 DEOPT UNPACKING pc=0x0000000002d1582a sp=0x0000000002badd48 mode 2
Event: 7.484 Thread 0x0000000002bd1000 Uncommon trap: trap_request=0xffffffde fr.pc=0x000000000320b170
Event: 7.484 Thread 0x0000000002bd1000 DEOPT PACKING pc=0x000000000320b170 sp=0x0000000002badf20
Event: 7.484 Thread 0x0000000002bd1000 DEOPT UNPACKING pc=0x0000000002d1582a sp=0x0000000002badea8 mode 2
Event: 7.488 Executing VM operation: ParallelGCFailedAllocation
Event: 7.599 Executing VM operation: ParallelGCFailedAllocation done
Event: 7.626 Thread 0x0000000016f42800 Uncommon trap: trap_request=0xffffff65 fr.pc=0x000000000312e210
Event: 7.626 Thread 0x0000000016f42800 DEOPT PACKING pc=0x000000000312e210 sp=0x00000000177ce800
Event: 7.626 Thread 0x0000000016f42800 DEOPT UNPACKING pc=0x0000000002d1582a sp=0x00000000177ce7c8 mode 2


Dynamic libraries:
0x00007ff740880000 - 0x00007ff7408b7000 	C:\Program Files\Java\jdk1.8.0_91\bin\java.exe
0x00007ffca5d70000 - 0x00007ffca5f31000 	C:\WINDOWS\SYSTEM32\ntdll.dll
0x00007ffca4a10000 - 0x00007ffca4abd000 	C:\WINDOWS\system32\KERNEL32.DLL
0x00007ffca26a0000 - 0x00007ffca2888000 	C:\WINDOWS\system32\KERNELBASE.dll
0x00007ffca4ad0000 - 0x00007ffca4b77000 	C:\WINDOWS\system32\ADVAPI32.dll
0x00007ffca54d0000 - 0x00007ffca556d000 	C:\WINDOWS\system32\msvcrt.dll
0x00007ffca4ce0000 - 0x00007ffca4d3b000 	C:\WINDOWS\system32\sechost.dll
0x00007ffca5970000 - 0x00007ffca5a8c000 	C:\WINDOWS\system32\RPCRT4.dll
0x00007ffca4b80000 - 0x00007ffca4cd6000 	C:\WINDOWS\system32\USER32.dll
0x00007ffca3170000 - 0x00007ffca32f6000 	C:\WINDOWS\system32\GDI32.dll
0x00007ffc97da0000 - 0x00007ffc98014000 	C:\WINDOWS\WinSxS\amd64_microsoft.windows.common-controls_6595b64144ccf1df_6.0.10586.494_none_a2d8b04ea53e3145\COMCTL32.dll
0x00007ffca5af0000 - 0x00007ffca5d6d000 	C:\WINDOWS\system32\combase.dll
0x00007ffca2890000 - 0x00007ffca28fa000 	C:\WINDOWS\system32\bcryptPrimitives.dll
0x00007ffca5430000 - 0x00007ffca546b000 	C:\WINDOWS\system32\IMM32.DLL
0x000000005faf0000 - 0x000000005fbc2000 	C:\Program Files\Java\jdk1.8.0_91\jre\bin\msvcr100.dll
0x000000005ffb0000 - 0x0000000060843000 	C:\Program Files\Java\jdk1.8.0_91\jre\bin\server\jvm.dll
0x00007ffca55e0000 - 0x00007ffca55e8000 	C:\WINDOWS\system32\PSAPI.DLL
0x00007ffc8db70000 - 0x00007ffc8db79000 	C:\WINDOWS\SYSTEM32\WSOCK32.dll
0x00007ffca53c0000 - 0x00007ffca542b000 	C:\WINDOWS\system32\WS2_32.dll
0x00007ffca0920000 - 0x00007ffca0943000 	C:\WINDOWS\SYSTEM32\WINMM.dll
0x00007ffc9ff80000 - 0x00007ffc9ff8a000 	C:\WINDOWS\SYSTEM32\VERSION.dll
0x00007ffca08c0000 - 0x00007ffca08ec000 	C:\WINDOWS\SYSTEM32\WINMMBASE.dll
0x00007ffca2ad0000 - 0x00007ffca2b13000 	C:\WINDOWS\system32\cfgmgr32.dll
0x000000005ffa0000 - 0x000000005ffaf000 	C:\Program Files\Java\jdk1.8.0_91\jre\bin\verify.dll
0x000000005ff70000 - 0x000000005ff99000 	C:\Program Files\Java\jdk1.8.0_91\jre\bin\java.dll
0x000000005ff50000 - 0x000000005ff66000 	C:\Program Files\Java\jdk1.8.0_91\jre\bin\zip.dll
0x00007ffca34b0000 - 0x00007ffca4a0c000 	C:\WINDOWS\system32\SHELL32.dll
0x00007ffca2b20000 - 0x00007ffca3165000 	C:\WINDOWS\system32\windows.storage.dll
0x00007ffca5a90000 - 0x00007ffca5ae2000 	C:\WINDOWS\system32\shlwapi.dll
0x00007ffca2400000 - 0x00007ffca240f000 	C:\WINDOWS\system32\kernel.appcore.dll
0x00007ffca2900000 - 0x00007ffca29b5000 	C:\WINDOWS\system32\shcore.dll
0x00007ffca23b0000 - 0x00007ffca23fb000 	C:\WINDOWS\system32\powrprof.dll
0x00007ffca2390000 - 0x00007ffca23a4000 	C:\WINDOWS\system32\profapi.dll

VM Arguments:
jvm_args: -Djava.awt.headless=true -Xmx1024M -Dfile.encoding=windows-1252 -Duser.country=IN -Duser.language=en -Duser.variant 
java_command: com.android.dx.command.Main --dex --num-threads=4 --output F:\Androidwk\AtmLocatorfnder\AtmLocatorfnder\AtmLocatorfnder\app\build\intermediates\pre-dexed\debug\com.google.android.gms-play-services-basement-9.0.1_3409721ce8db302cef8029cd59f682932d009cd5.jar F:\Androidwk\AtmLocatorfnder\AtmLocatorfnder\AtmLocatorfnder\app\build\intermediates\exploded-aar\com.google.android.gms\play-services-basement\9.0.1\jars\classes.jar
java_class_path (initial): C:\Users\AJAY DHIMAN\AppData\Local\Android\Sdk\build-tools\23.0.3\lib\dx.jar
Launcher Type: SUN_STANDARD

Environment Variables:
PATH=C:\ProgramData\Oracle\Java\javapath;C:\Program Files\Java\jdk1.7.0_25\bin;C:\WINDOWS\system32;C:\WINDOWS;C:\WINDOWS\System32\Wbem;C:\WINDOWS\System32\WindowsPowerShell\v1.0\;C:\Program Files (x86)\Common Files\lenovo\easyplussdk\bin;C:\Program Files (x86)\Skype\Phone\;C:\Program Files (x86)\GtkSharp\2.12\bin;C:\Program Files\Java\jdk1.7.0_25\bin;C:\WINDOWS\system32;C:\WINDOWS;C:\WINDOWS\System32\Wbem;C:\WINDOWS\System32\WindowsPowerShell\v1.0\;C:\Program Files (x86)\Common Files\lenovo\easyplussdk\bin;C:\Program Files (x86)\Skype\Phone\
USERNAME=AJAY DHIMAN
OS=Windows_NT
PROCESSOR_IDENTIFIER=Intel64 Family 6 Model 69 Stepping 1, GenuineIntel



---------------  S Y S T E M  ---------------

OS: Windows 10.0 , 64 bit Build 10586 (10.0.10586.0)

CPU:total 4 (2 cores per cpu, 2 threads per core) family 6 model 69 stepping 1, cmov, cx8, fxsr, mmx, sse, sse2, sse3, ssse3, sse4.1, sse4.2, popcnt, avx, avx2, aes, clmul, erms, lzcnt, ht, tsc, tscinvbit, bmi1, bmi2

Memory: 4k page, physical 4122776k(218152k free), swap 5555352k(3028k free)

vm_info: Java HotSpot(TM) 64-Bit Server VM (25.91-b15) for windows-amd64 JRE (1.8.0_91-b15), built on May 20 2016 17:43:15 by "java_re" with MS VC++ 10.0 (VS2010)

time: Mon Aug 01 20:39:05 2016
elapsed time: 7 seconds (0d 0h 0m 7s)

