#
# There is insufficient memory for the Java Runtime Environment to continue.
# Native memory allocation (malloc) failed to allocate 183856 bytes for Chunk::new
# Possible reasons:
#   The system is out of physical RAM or swap space
#   In 32 bit mode, the process size limit was hit
# Possible solutions:
#   Reduce memory load on the system
#   Increase physical memory or swap space
#   Check if swap backing store is full
#   Use 64 bit Java on a 64 bit OS
#   Decrease Java heap size (-Xmx/-Xms)
#   Decrease number of Java threads
#   Decrease Java thread stack sizes (-Xss)
#   Set larger code cache with -XX:ReservedCodeCacheSize=
# This output file may be truncated or incomplete.
#
#  Out of Memory Error (allocation.cpp:390), pid=4344, tid=5960
#
# JRE version: Java(TM) SE Runtime Environment (8.0_91-b15) (build 1.8.0_91-b15)
# Java VM: Java HotSpot(TM) 64-Bit Server VM (25.91-b15 mixed mode windows-amd64 compressed oops)
# Failed to write core dump. Minidumps are not enabled by default on client versions of Windows
#

---------------  T H R E A D  ---------------

Current thread (0x0000000014d9c800):  JavaThread "C2 CompilerThread0" daemon [_thread_in_native, id=5960, stack(0x00000000163e0000,0x00000000164e0000)]

Stack: [0x00000000163e0000,0x00000000164e0000]
[error occurred during error reporting (printing stack bounds), id 0xc0000005]

Native frames: (J=compiled Java code, j=interpreted, Vv=VM code, C=native code)


Current CompileTask:
C2:   7475 1702   !   4       com.android.dx.rop.code.RegisterSpec::intern (70 bytes)


---------------  P R O C E S S  ---------------

Java Threads: ( => current thread )
  0x0000000016948000 JavaThread "pool-1-thread-4" [_thread_in_Java, id=3208, stack(0x00000000170e0000,0x00000000171e0000)]
  0x0000000016946800 JavaThread "pool-1-thread-3" [_thread_blocked, id=5892, stack(0x0000000016fe0000,0x00000000170e0000)]
  0x0000000016942000 JavaThread "pool-1-thread-2" [_thread_in_Java, id=6904, stack(0x0000000016ee0000,0x0000000016fe0000)]
  0x000000001693e800 JavaThread "pool-2-thread-1" [_thread_blocked, id=7764, stack(0x0000000016de0000,0x0000000016ee0000)]
  0x000000001693c000 JavaThread "pool-1-thread-1" [_thread_in_Java, id=2496, stack(0x0000000016ce0000,0x0000000016de0000)]
  0x00000000166e2000 JavaThread "Service Thread" daemon [_thread_blocked, id=5480, stack(0x0000000016ae0000,0x0000000016be0000)]
  0x0000000014df9000 JavaThread "C1 CompilerThread2" daemon [_thread_blocked, id=928, stack(0x00000000165e0000,0x00000000166e0000)]
  0x0000000014df6000 JavaThread "C2 CompilerThread1" daemon [_thread_in_native, id=2460, stack(0x00000000164e0000,0x00000000165e0000)]
=>0x0000000014d9c800 JavaThread "C2 CompilerThread0" daemon [_thread_in_native, id=5960, stack(0x00000000163e0000,0x00000000164e0000)]
  0x0000000014d9b000 JavaThread "Attach Listener" daemon [_thread_blocked, id=6876, stack(0x00000000162e0000,0x00000000163e0000)]
  0x00000000026ce800 JavaThread "Signal Dispatcher" daemon [_thread_blocked, id=7904, stack(0x00000000161e0000,0x00000000162e0000)]
  0x0000000014d8a800 JavaThread "Finalizer" daemon [_thread_blocked, id=6448, stack(0x0000000016000000,0x0000000016100000)]
  0x00000000026c0000 JavaThread "Reference Handler" daemon [_thread_blocked, id=3580, stack(0x0000000015f00000,0x0000000016000000)]
  0x00000000025d1000 JavaThread "main" [_thread_in_vm, id=3836, stack(0x00000000023d0000,0x00000000024d0000)]

Other Threads:
  0x0000000014d67800 VMThread [stack: 0x0000000015e00000,0x0000000015f00000] [id=3748]
  0x00000000166e6800 WatcherThread [stack: 0x0000000016be0000,0x0000000016ce0000] [id=2852]

VM state:not at safepoint (normal execution)

VM Mutex/Monitor currently owned by a thread: None

Heap:
 PSYoungGen      total 68096K, used 23952K [0x00000000eab00000, 0x00000000ef000000, 0x0000000100000000)
  eden space 65536K, 32% used [0x00000000eab00000,0x00000000ebfeb6c8,0x00000000eeb00000)
  from space 2560K, 98% used [0x00000000eed80000,0x00000000eeff8bb8,0x00000000ef000000)
  to   space 2560K, 0% used [0x00000000eeb00000,0x00000000eeb00000,0x00000000eed80000)
 ParOldGen       total 44032K, used 14105K [0x00000000c0000000, 0x00000000c2b00000, 0x00000000eab00000)
  object space 44032K, 32% used [0x00000000c0000000,0x00000000c0dc67b8,0x00000000c2b00000)
 Metaspace       used 6354K, capacity 7128K, committed 7424K, reserved 1056768K
  class space    used 625K, capacity 656K, committed 768K, reserved 1048576K

Card table byte_map: [0x0000000011a90000,0x0000000011ca0000] byte_map_base: 0x0000000011490000

Marking Bits: (ParMarkBitMap*) 0x00000000607c2f70
 Begin Bits: [0x0000000012200000, 0x0000000013200000)
 End Bits:   [0x0000000013200000, 0x0000000014200000)

Polling page: 0x0000000000970000

CodeCache: size=245760Kb used=7546Kb max_used=7546Kb free=238213Kb
 bounds [0x00000000026d0000, 0x0000000002e40000, 0x00000000116d0000]
 total_blobs=1963 nmethods=1694 adapters=182
 compilation: enabled

Compilation events (10 events):
Event: 7.224 Thread 0x0000000014df6000 nmethod 1703 0x0000000002e0bf50 code [0x0000000002e0c0a0, 0x0000000002e0c5f8]
Event: 7.224 Thread 0x0000000014df6000 1707 %     4       com.android.dx.ssa.SsaMethod::mapRegisters @ 8 (87 bytes)
Event: 7.240 Thread 0x0000000014df9000 1720       2       com.android.dx.dex.file.AnnotationUtils::makeSignature (251 bytes)
Event: 7.243 Thread 0x0000000014df9000 nmethod 1720 0x0000000002e1fb90 code [0x0000000002e1fea0, 0x0000000002e20f68]
Event: 7.264 Thread 0x0000000014df9000 1724       2       com.android.dx.dex.file.AnnotationSetItem::<init> (83 bytes)
Event: 7.265 Thread 0x0000000014df9000 nmethod 1724 0x0000000002e0ae90 code [0x0000000002e0b080, 0x0000000002e0b888]
Event: 7.265 Thread 0x0000000014df9000 1725       2       com.android.dx.cf.code.LocalVariableList$Item::access$000 (5 bytes)
Event: 7.265 Thread 0x0000000014df9000 nmethod 1725 0x0000000002df9e90 code [0x0000000002df9fe0, 0x0000000002dfa110]
Event: 7.265 Thread 0x0000000014df9000 1726       2       com.android.dx.cf.code.LocalVariableList$Item::withSignature (29 bytes)
Event: 7.266 Thread 0x0000000014df9000 nmethod 1726 0x0000000002e0aa50 code [0x0000000002e0abc0, 0x0000000002e0adc8]

GC Heap History (6 events):
Event: 2.538 GC heap before
{Heap before GC invocations=1 (full 0):
 PSYoungGen      total 18944K, used 16384K [0x00000000eab00000, 0x00000000ec000000, 0x0000000100000000)
  eden space 16384K, 100% used [0x00000000eab00000,0x00000000ebb00000,0x00000000ebb00000)
  from space 2560K, 0% used [0x00000000ebd80000,0x00000000ebd80000,0x00000000ec000000)
  to   space 2560K, 0% used [0x00000000ebb00000,0x00000000ebb00000,0x00000000ebd80000)
 ParOldGen       total 44032K, used 0K [0x00000000c0000000, 0x00000000c2b00000, 0x00000000eab00000)
  object space 44032K, 0% used [0x00000000c0000000,0x00000000c0000000,0x00000000c2b00000)
 Metaspace       used 5799K, capacity 6706K, committed 6784K, reserved 1056768K
  class space    used 599K, capacity 618K, committed 640K, reserved 1048576K
Event: 2.568 GC heap after
Heap after GC invocations=1 (full 0):
 PSYoungGen      total 18944K, used 2554K [0x00000000eab00000, 0x00000000ed000000, 0x0000000100000000)
  eden space 16384K, 0% used [0x00000000eab00000,0x00000000eab00000,0x00000000ebb00000)
  from space 2560K, 99% used [0x00000000ebb00000,0x00000000ebd7eab8,0x00000000ebd80000)
  to   space 2560K, 0% used [0x00000000ecd80000,0x00000000ecd80000,0x00000000ed000000)
 ParOldGen       total 44032K, used 1361K [0x00000000c0000000, 0x00000000c2b00000, 0x00000000eab00000)
  object space 44032K, 3% used [0x00000000c0000000,0x00000000c01544a0,0x00000000c2b00000)
 Metaspace       used 5799K, capacity 6706K, committed 6784K, reserved 1056768K
  class space    used 599K, capacity 618K, committed 640K, reserved 1048576K
}
Event: 3.435 GC heap before
{Heap before GC invocations=2 (full 0):
 PSYoungGen      total 18944K, used 18938K [0x00000000eab00000, 0x00000000ed000000, 0x0000000100000000)
  eden space 16384K, 100% used [0x00000000eab00000,0x00000000ebb00000,0x00000000ebb00000)
  from space 2560K, 99% used [0x00000000ebb00000,0x00000000ebd7eab8,0x00000000ebd80000)
  to   space 2560K, 0% used [0x00000000ecd80000,0x00000000ecd80000,0x00000000ed000000)
 ParOldGen       total 44032K, used 1361K [0x00000000c0000000, 0x00000000c2b00000, 0x00000000eab00000)
  object space 44032K, 3% used [0x00000000c0000000,0x00000000c01544a0,0x00000000c2b00000)
 Metaspace       used 6033K, capacity 6898K, committed 7040K, reserved 1056768K
  class space    used 601K, capacity 618K, committed 640K, reserved 1048576K
Event: 3.679 GC heap after
Heap after GC invocations=2 (full 0):
 PSYoungGen      total 35328K, used 2544K [0x00000000eab00000, 0x00000000ed000000, 0x0000000100000000)
  eden space 32768K, 0% used [0x00000000eab00000,0x00000000eab00000,0x00000000ecb00000)
  from space 2560K, 99% used [0x00000000ecd80000,0x00000000ecffc038,0x00000000ed000000)
  to   space 2560K, 0% used [0x00000000ecb00000,0x00000000ecb00000,0x00000000ecd80000)
 ParOldGen       total 44032K, used 3577K [0x00000000c0000000, 0x00000000c2b00000, 0x00000000eab00000)
  object space 44032K, 8% used [0x00000000c0000000,0x00000000c037e7f8,0x00000000c2b00000)
 Metaspace       used 6033K, capacity 6898K, committed 7040K, reserved 1056768K
  class space    used 601K, capacity 618K, committed 640K, reserved 1048576K
}
Event: 5.302 GC heap before
{Heap before GC invocations=3 (full 0):
 PSYoungGen      total 35328K, used 35312K [0x00000000eab00000, 0x00000000ed000000, 0x0000000100000000)
  eden space 32768K, 100% used [0x00000000eab00000,0x00000000ecb00000,0x00000000ecb00000)
  from space 2560K, 99% used [0x00000000ecd80000,0x00000000ecffc038,0x00000000ed000000)
  to   space 2560K, 0% used [0x00000000ecb00000,0x00000000ecb00000,0x00000000ecd80000)
 ParOldGen       total 44032K, used 3577K [0x00000000c0000000, 0x00000000c2b00000, 0x00000000eab00000)
  object space 44032K, 8% used [0x00000000c0000000,0x00000000c037e7f8,0x00000000c2b00000)
 Metaspace       used 6209K, capacity 7090K, committed 7296K, reserved 1056768K
  class space    used 604K, capacity 618K, committed 640K, reserved 1048576K
Event: 5.338 GC heap after
Heap after GC invocations=3 (full 0):
 PSYoungGen      total 35328K, used 2545K [0x00000000eab00000, 0x00000000ef000000, 0x0000000100000000)
  eden space 32768K, 0% used [0x00000000eab00000,0x00000000eab00000,0x00000000ecb00000)
  from space 2560K, 99% used [0x00000000ecb00000,0x00000000ecd7c450,0x00000000ecd80000)
  to   space 2560K, 0% used [0x00000000eed80000,0x00000000eed80000,0x00000000ef000000)
 ParOldGen       total 44032K, used 9128K [0x00000000c0000000, 0x00000000c2b00000, 0x00000000eab00000)
  object space 44032K, 20% used [0x00000000c0000000,0x00000000c08ea078,0x00000000c2b00000)
 Metaspace       used 6209K, capacity 7090K, committed 7296K, reserved 1056768K
  class space    used 604K, capacity 618K, committed 640K, reserved 1048576K
}

Deoptimization events (10 events):
Event: 6.055 Thread 0x0000000016942000 Uncommon trap: reason=class_check action=maybe_recompile pc=0x0000000002cc441c method=com.android.dx.rop.code.RegisterSpec.withSimpleType()Lcom/android/dx/rop/code/RegisterSpec; @ 21
Event: 6.057 Thread 0x0000000016942000 Uncommon trap: reason=class_check action=maybe_recompile pc=0x0000000002cc441c method=com.android.dx.rop.code.RegisterSpec.withSimpleType()Lcom/android/dx/rop/code/RegisterSpec; @ 21
Event: 6.322 Thread 0x0000000016942000 Uncommon trap: reason=unstable_if action=reinterpret pc=0x0000000002a05d6c method=java.util.HashMap.putVal(ILjava/lang/Object;Ljava/lang/Object;ZZ)Ljava/lang/Object; @ 162
Event: 6.327 Thread 0x0000000016942000 Uncommon trap: reason=unstable_if action=reinterpret pc=0x0000000002acbdc4 method=java.util.HashMap.getNode(ILjava/lang/Object;)Ljava/util/HashMap$Node; @ 84
Event: 6.329 Thread 0x0000000016942000 Uncommon trap: reason=unstable_if action=reinterpret pc=0x0000000002b6b1d0 method=java.util.HashMap.getNode(ILjava/lang/Object;)Ljava/util/HashMap$Node; @ 84
Event: 6.332 Thread 0x0000000016942000 Uncommon trap: reason=unstable_if action=reinterpret pc=0x0000000002ae986c method=java.util.HashMap.putVal(ILjava/lang/Object;Ljava/lang/Object;ZZ)Ljava/lang/Object; @ 162
Event: 6.432 Thread 0x0000000016948000 Uncommon trap: reason=unstable_if action=reinterpret pc=0x0000000002a9f0bc method=com.android.dx.util.IntList.binarysearch(I)I @ 105
Event: 6.435 Thread 0x0000000016948000 Uncommon trap: reason=unstable_if action=reinterpret pc=0x0000000002d614d8 method=com.android.dx.ssa.SsaBasicBlock.newFromRop(Lcom/android/dx/rop/code/RopMethod;ILcom/android/dx/ssa/SsaMethod;)Lcom/android/dx/ssa/SsaBasicBlock; @ 164
Event: 6.441 Thread 0x0000000016948000 Uncommon trap: reason=bimorphic action=maybe_recompile pc=0x0000000002ca68b4 method=com.android.dx.ssa.LiteralOpUpgrader.tryReplacingWithConstant(Lcom/android/dx/ssa/NormalSsaInsn;)Z @ 52
Event: 6.448 Thread 0x0000000016948000 Uncommon trap: reason=bimorphic action=maybe_recompile pc=0x0000000002ca68b4 method=com.android.dx.ssa.LiteralOpUpgrader.tryReplacingWithConstant(Lcom/android/dx/ssa/NormalSsaInsn;)Z @ 52

Internal exceptions (7 events):
Event: 0.698 Thread 0x00000000025d1000 Exception <a 'java/lang/NoSuchMethodError': Method sun.misc.Unsafe.defineClass(Ljava/lang/String;[BII)Ljava/lang/Class; name or signature does not match> (0x00000000eab07cc0) thrown at [C:\re\workspace\8-2-build-windows-amd64-cygwin\jdk8u91\7017\hotspot\sr•¨IpÙXÊ?
Event: 0.698 Thread 0x00000000025d1000 Exception <a 'java/lang/NoSuchMethodError': Method sun.misc.Unsafe.prefetchRead(Ljava/lang/Object;J)V name or signature does not match> (0x00000000eab07fa8) thrown at [C:\re\workspace\8-2-build-windows-amd64-cygwin\jdk8u91\7017\hotspot\src\share\vm\prims\j+uÈ∆$@
Event: 2.643 Thread 0x0000000016942000 Implicit null exception at 0x0000000002a55ea2 to 0x0000000002a55f9a
Event: 4.572 Thread 0x0000000016946800 Implicit null exception at 0x0000000002a49b49 to 0x0000000002a4b415
Event: 6.324 Thread 0x0000000016942000 Exception <a 'java/lang/ArrayIndexOutOfBoundsException': 18> (0x00000000ebdd7da0) thrown at [C:\re\workspace\8-2-build-windows-amd64-cygwin\jdk8u91\7017\hotspot\src\share\vm\interpreter\interpreterRuntime.cpp, line 366]
Event: 6.325 Thread 0x0000000016942000 Exception <a 'java/lang/ArrayIndexOutOfBoundsException'> (0x00000000ebdd9920) thrown at [C:\re\workspace\8-2-build-windows-amd64-cygwin\jdk8u91\7017\hotspot\src\share\vm\runtime\sharedRuntime.cpp, line 605]
Event: 6.326 Thread 0x0000000016942000 Exception <a 'java/lang/ArrayIndexOutOfBoundsException'> (0x00000000ebddac08) thrown at [C:\re\workspace\8-2-build-windows-amd64-cygwin\jdk8u91\7017\hotspot\src\share\vm\runtime\sharedRuntime.cpp, line 605]

Events (10 events):
Event: 6.432 Thread 0x0000000016948000 DEOPT UNPACKING pc=0x000000000271582a sp=0x00000000171de6e8 mode 2
Event: 6.435 Thread 0x0000000016948000 Uncommon trap: trap_request=0xffffff65 fr.pc=0x0000000002d614d8
Event: 6.435 Thread 0x0000000016948000 DEOPT PACKING pc=0x0000000002d614d8 sp=0x00000000171de830
Event: 6.435 Thread 0x0000000016948000 DEOPT UNPACKING pc=0x000000000271582a sp=0x00000000171de828 mode 2
Event: 6.441 Thread 0x0000000016948000 Uncommon trap: trap_request=0xffffffc6 fr.pc=0x0000000002ca68b4
Event: 6.441 Thread 0x0000000016948000 DEOPT PACKING pc=0x0000000002ca68b4 sp=0x00000000171de850
Event: 6.441 Thread 0x0000000016948000 DEOPT UNPACKING pc=0x000000000271582a sp=0x00000000171de748 mode 2
Event: 6.448 Thread 0x0000000016948000 Uncommon trap: trap_request=0xffffffc6 fr.pc=0x0000000002ca68b4
Event: 6.448 Thread 0x0000000016948000 DEOPT PACKING pc=0x0000000002ca68b4 sp=0x00000000171de850
Event: 6.448 Thread 0x0000000016948000 DEOPT UNPACKING pc=0x000000000271582a sp=0x00000000171de748 mode 2


Dynamic libraries:
0x00007ff740880000 - 0x00007ff7408b7000 	C:\Program Files\Java\jdk1.8.0_91\bin\java.exe
0x00007ffca5d70000 - 0x00007ffca5f31000 	C:\WINDOWS\SYSTEM32\ntdll.dll
0x00007ffca4a10000 - 0x00007ffca4abd000 	C:\WINDOWS\system32\KERNEL32.DLL
0x00007ffca26a0000 - 0x00007ffca2888000 	C:\WINDOWS\system32\KERNELBASE.dll
0x00007ffca4ad0000 - 0x00007ffca4b77000 	C:\WINDOWS\system32\ADVAPI32.dll
0x00007ffca54d0000 - 0x00007ffca556d000 	C:\WINDOWS\system32\msvcrt.dll
0x00007ffca4ce0000 - 0x00007ffca4d3b000 	C:\WINDOWS\system32\sechost.dll
0x00007ffca5970000 - 0x00007ffca5a8c000 	C:\WINDOWS\system32\RPCRT4.dll
0x00007ffca4b80000 - 0x00007ffca4cd6000 	C:\WINDOWS\system32\USER32.dll
0x00007ffca3170000 - 0x00007ffca32f6000 	C:\WINDOWS\system32\GDI32.dll
0x00007ffc97da0000 - 0x00007ffc98014000 	C:\WINDOWS\WinSxS\amd64_microsoft.windows.common-controls_6595b64144ccf1df_6.0.10586.494_none_a2d8b04ea53e3145\COMCTL32.dll
0x00007ffca5af0000 - 0x00007ffca5d6d000 	C:\WINDOWS\system32\combase.dll
0x00007ffca2890000 - 0x00007ffca28fa000 	C:\WINDOWS\system32\bcryptPrimitives.dll
0x00007ffca5430000 - 0x00007ffca546b000 	C:\WINDOWS\system32\IMM32.DLL
0x000000005faf0000 - 0x000000005fbc2000 	C:\Program Files\Java\jdk1.8.0_91\jre\bin\msvcr100.dll
0x000000005ffb0000 - 0x0000000060843000 	C:\Program Files\Java\jdk1.8.0_91\jre\bin\server\jvm.dll
0x00007ffca55e0000 - 0x00007ffca55e8000 	C:\WINDOWS\system32\PSAPI.DLL
0x00007ffc8db70000 - 0x00007ffc8db79000 	C:\WINDOWS\SYSTEM32\WSOCK32.dll
0x00007ffca53c0000 - 0x00007ffca542b000 	C:\WINDOWS\system32\WS2_32.dll
0x00007ffca0920000 - 0x00007ffca0943000 	C:\WINDOWS\SYSTEM32\WINMM.dll
0x00007ffc9ff80000 - 0x00007ffc9ff8a000 	C:\WINDOWS\SYSTEM32\VERSION.dll
0x00007ffca08c0000 - 0x00007ffca08ec000 	C:\WINDOWS\SYSTEM32\WINMMBASE.dll
0x00007ffca2ad0000 - 0x00007ffca2b13000 	C:\WINDOWS\system32\cfgmgr32.dll
0x000000005ffa0000 - 0x000000005ffaf000 	C:\Program Files\Java\jdk1.8.0_91\jre\bin\verify.dll
0x000000005ff70000 - 0x000000005ff99000 	C:\Program Files\Java\jdk1.8.0_91\jre\bin\java.dll
0x000000005ff50000 - 0x000000005ff66000 	C:\Program Files\Java\jdk1.8.0_91\jre\bin\zip.dll
0x00007ffca34b0000 - 0x00007ffca4a0c000 	C:\WINDOWS\system32\SHELL32.dll
0x00007ffca2b20000 - 0x00007ffca3165000 	C:\WINDOWS\system32\windows.storage.dll
0x00007ffca5a90000 - 0x00007ffca5ae2000 	C:\WINDOWS\system32\shlwapi.dll
0x00007ffca2400000 - 0x00007ffca240f000 	C:\WINDOWS\system32\kernel.appcore.dll
0x00007ffca2900000 - 0x00007ffca29b5000 	C:\WINDOWS\system32\shcore.dll
0x00007ffca23b0000 - 0x00007ffca23fb000 	C:\WINDOWS\system32\powrprof.dll
0x00007ffca2390000 - 0x00007ffca23a4000 	C:\WINDOWS\system32\profapi.dll

VM Arguments:
jvm_args: -Djava.awt.headless=true -Xmx1024M -Dfile.encoding=windows-1252 -Duser.country=IN -Duser.language=en -Duser.variant 
java_command: com.android.dx.command.Main --dex --num-threads=4 --output F:\Androidwk\AtmLocatorfnder\AtmLocatorfnder\AtmLocatorfnder\app\build\intermediates\pre-dexed\debug\com.android.support-recyclerview-v7-23.2.1_a1bbca924d2df629e408c297dc66ee17b4b69a3b.jar F:\Androidwk\AtmLocatorfnder\AtmLocatorfnder\AtmLocatorfnder\app\build\intermediates\exploded-aar\com.android.support\recyclerview-v7\23.2.1\jars\classes.jar
java_class_path (initial): C:\Users\AJAY DHIMAN\AppData\Local\Android\Sdk\build-tools\23.0.3\lib\dx.jar
Launcher Type: SUN_STANDARD

Environment Variables:
PATH=C:\ProgramData\Oracle\Java\javapath;C:\Program Files\Java\jdk1.7.0_25\bin;C:\WINDOWS\system32;C:\WINDOWS;C:\WINDOWS\System32\Wbem;C:\WINDOWS\System32\WindowsPowerShell\v1.0\;C:\Program Files (x86)\Common Files\lenovo\easyplussdk\bin;C:\Program Files (x86)\Skype\Phone\;C:\Program Files (x86)\GtkSharp\2.12\bin;C:\Program Files\Java\jdk1.7.0_25\bin;C:\WINDOWS\system32;C:\WINDOWS;C:\WINDOWS\System32\Wbem;C:\WINDOWS\System32\WindowsPowerShell\v1.0\;C:\Program Files (x86)\Common Files\lenovo\easyplussdk\bin;C:\Program Files (x86)\Skype\Phone\
USERNAME=AJAY DHIMAN
OS=Windows_NT
PROCESSOR_IDENTIFIER=Intel64 Family 6 Model 69 Stepping 1, GenuineIntel



---------------  S Y S T E M  ---------------

OS: Windows 10.0 , 64 bit Build 10586 (10.0.10586.0)

CPU:total 4 (2 cores per cpu, 2 threads per core) family 6 model 69 stepping 1, cmov, cx8, fxsr, mmx, sse, sse2, sse3, ssse3, sse4.1, sse4.2, popcnt, avx, avx2, aes, clmul, erms, lzcnt, ht, tsc, tscinvbit, bmi1, bmi2

Memory: 4k page, physical 4122776k(218152k free), swap 5555352k(3028k free)

vm_info: Java HotSpot(TM) 64-Bit Server VM (25.91-b15) for windows-amd64 JRE (1.8.0_91-b15), built on May 20 2016 17:43:15 by "java_re" with MS VC++ 10.0 (VS2010)

time: Mon Aug 01 20:39:05 2016
elapsed time: 7 seconds (0d 0h 0m 7s)

