#
# There is insufficient memory for the Java Runtime Environment to continue.
# Native memory allocation (malloc) failed to allocate 102656 bytes for Chunk::new
# Possible reasons:
#   The system is out of physical RAM or swap space
#   In 32 bit mode, the process size limit was hit
# Possible solutions:
#   Reduce memory load on the system
#   Increase physical memory or swap space
#   Check if swap backing store is full
#   Use 64 bit Java on a 64 bit OS
#   Decrease Java heap size (-Xmx/-Xms)
#   Decrease number of Java threads
#   Decrease Java thread stack sizes (-Xss)
#   Set larger code cache with -XX:ReservedCodeCacheSize=
# This output file may be truncated or incomplete.
#
#  Out of Memory Error (allocation.cpp:390), pid=5704, tid=1068
#
# JRE version: Java(TM) SE Runtime Environment (8.0_91-b15) (build 1.8.0_91-b15)
# Java VM: Java HotSpot(TM) 64-Bit Server VM (25.91-b15 mixed mode windows-amd64 compressed oops)
# Failed to write core dump. Minidumps are not enabled by default on client versions of Windows
#

---------------  T H R E A D  ---------------

Current thread (0x0000000014efc800):  JavaThread "C2 CompilerThread0" daemon [_thread_in_native, id=1068, stack(0x0000000016540000,0x0000000016640000)]

Stack: [0x0000000016540000,0x0000000016640000]
[error occurred during error reporting (printing stack bounds), id 0xc0000005]

Native frames: (J=compiled Java code, j=interpreted, Vv=VM code, C=native code)


Current CompileTask:
C2:   8614  795       4       java.util.HashMap::getNode (148 bytes)


---------------  P R O C E S S  ---------------

Java Threads: ( => current thread )
  0x0000000016ade800 JavaThread "pool-1-thread-4" [_thread_blocked, id=6184, stack(0x0000000017240000,0x0000000017340000)]
  0x0000000016add000 JavaThread "pool-1-thread-3" [_thread_blocked, id=6320, stack(0x0000000017140000,0x0000000017240000)]
  0x0000000016adc000 JavaThread "pool-1-thread-2" [_thread_in_Java, id=8832, stack(0x0000000017040000,0x0000000017140000)]
  0x0000000016ad2000 JavaThread "pool-2-thread-1" [_thread_blocked, id=1076, stack(0x0000000016f40000,0x0000000017040000)]
  0x0000000016a97800 JavaThread "pool-1-thread-1" [_thread_in_Java, id=1352, stack(0x0000000016e40000,0x0000000016f40000)]
  0x0000000016845000 JavaThread "Service Thread" daemon [_thread_blocked, id=4384, stack(0x0000000016c40000,0x0000000016d40000)]
  0x0000000014f5c000 JavaThread "C1 CompilerThread2" daemon [_thread_in_native, id=3148, stack(0x0000000016740000,0x0000000016840000)]
  0x0000000014f59000 JavaThread "C2 CompilerThread1" daemon [_thread_in_native, id=2936, stack(0x0000000016640000,0x0000000016740000)]
=>0x0000000014efc800 JavaThread "C2 CompilerThread0" daemon [_thread_in_native, id=1068, stack(0x0000000016540000,0x0000000016640000)]
  0x0000000014efa800 JavaThread "Attach Listener" daemon [_thread_blocked, id=5908, stack(0x0000000016440000,0x0000000016540000)]
  0x000000000282e800 JavaThread "Signal Dispatcher" daemon [_thread_blocked, id=2652, stack(0x0000000016340000,0x0000000016440000)]
  0x0000000014eea800 JavaThread "Finalizer" daemon [_thread_blocked, id=5036, stack(0x0000000016160000,0x0000000016260000)]
  0x0000000014ec9000 JavaThread "Reference Handler" daemon [_thread_blocked, id=6212, stack(0x0000000016060000,0x0000000016160000)]
  0x0000000002731000 JavaThread "main" [_thread_in_vm, id=4856, stack(0x00000000025a0000,0x00000000026a0000)]

Other Threads:
  0x0000000014ec7800 VMThread [stack: 0x0000000015f60000,0x0000000016060000] [id=7744]
  0x0000000016863000 WatcherThread [stack: 0x0000000016d40000,0x0000000016e40000] [id=212]

VM state:not at safepoint (normal execution)

VM Mutex/Monitor currently owned by a thread: None

Heap:
 PSYoungGen      total 18944K, used 6658K [0x00000000eab00000, 0x00000000ec000000, 0x0000000100000000)
  eden space 16384K, 25% used [0x00000000eab00000,0x00000000eaf06c60,0x00000000ebb00000)
  from space 2560K, 99% used [0x00000000ebb00000,0x00000000ebd79c68,0x00000000ebd80000)
  to   space 2560K, 0% used [0x00000000ebd80000,0x00000000ebd80000,0x00000000ec000000)
 ParOldGen       total 44032K, used 1408K [0x00000000c0000000, 0x00000000c2b00000, 0x00000000eab00000)
  object space 44032K, 3% used [0x00000000c0000000,0x00000000c01600a0,0x00000000c2b00000)
 Metaspace       used 5846K, capacity 6768K, committed 7040K, reserved 1056768K
  class space    used 600K, capacity 616K, committed 640K, reserved 1048576K

Card table byte_map: [0x0000000011bf0000,0x0000000011e00000] byte_map_base: 0x00000000115f0000

Marking Bits: (ParMarkBitMap*) 0x00000000625a2f70
 Begin Bits: [0x0000000012360000, 0x0000000013360000)
 End Bits:   [0x0000000013360000, 0x0000000014360000)

Polling page: 0x00000000024c0000

CodeCache: size=245760Kb used=3224Kb max_used=3224Kb free=242535Kb
 bounds [0x0000000002830000, 0x0000000002b60000, 0x0000000011830000]
 total_blobs=1060 nmethods=791 adapters=182
 compilation: enabled

Compilation events (10 events):
Event: 8.566 Thread 0x0000000014f5c000 nmethod 784 0x0000000002b1f010 code [0x0000000002b1f1a0, 0x0000000002b1f7a8]
Event: 8.566 Thread 0x0000000014f5c000  767       3       com.android.dx.ssa.back.FirstFitLocalCombiningAllocator$1::processInsn (169 bytes)
Event: 8.566 Thread 0x0000000014f59000  792       4       java.util.BitSet::clear (70 bytes)
Event: 8.566 Thread 0x0000000014efc800  793       4       com.android.dx.rop.code.RegisterSpecList::<init> (6 bytes)
Event: 8.568 Thread 0x0000000014efc800 nmethod 793 0x0000000002b22bd0 code [0x0000000002b22d20, 0x0000000002b22e58]
Event: 8.568 Thread 0x0000000014f59000 nmethod 792 0x0000000002b22f50 code [0x0000000002b230a0, 0x0000000002b231b8]
Event: 8.568 Thread 0x0000000014f5c000 nmethod 767 0x0000000002b232d0 code [0x0000000002b23680, 0x0000000002b25bc8]
Event: 8.568 Thread 0x0000000014f5c000  790       3       com.android.dx.ssa.SsaMethod::deleteInsns (239 bytes)
Event: 8.569 Thread 0x0000000014efc800  795       4       java.util.HashMap::getNode (148 bytes)
Event: 8.571 Thread 0x0000000014f59000  798   !   4       com.android.dx.rop.code.RegisterSpecSet::put (104 bytes)

GC Heap History (2 events):
Event: 8.470 GC heap before
{Heap before GC invocations=1 (full 0):
 PSYoungGen      total 18944K, used 16384K [0x00000000eab00000, 0x00000000ec000000, 0x0000000100000000)
  eden space 16384K, 100% used [0x00000000eab00000,0x00000000ebb00000,0x00000000ebb00000)
  from space 2560K, 0% used [0x00000000ebd80000,0x00000000ebd80000,0x00000000ec000000)
  to   space 2560K, 0% used [0x00000000ebb00000,0x00000000ebb00000,0x00000000ebd80000)
 ParOldGen       total 44032K, used 0K [0x00000000c0000000, 0x00000000c2b00000, 0x00000000eab00000)
  object space 44032K, 0% used [0x00000000c0000000,0x00000000c0000000,0x00000000c2b00000)
 Metaspace       used 5716K, capacity 6704K, committed 6784K, reserved 1056768K
  class space    used 598K, capacity 616K, committed 640K, reserved 1048576K
Event: 8.523 GC heap after
Heap after GC invocations=1 (full 0):
 PSYoungGen      total 18944K, used 2535K [0x00000000eab00000, 0x00000000ec000000, 0x0000000100000000)
  eden space 16384K, 0% used [0x00000000eab00000,0x00000000eab00000,0x00000000ebb00000)
  from space 2560K, 99% used [0x00000000ebb00000,0x00000000ebd79c68,0x00000000ebd80000)
  to   space 2560K, 0% used [0x00000000ebd80000,0x00000000ebd80000,0x00000000ec000000)
 ParOldGen       total 44032K, used 1408K [0x00000000c0000000, 0x00000000c2b00000, 0x00000000eab00000)
  object space 44032K, 3% used [0x00000000c0000000,0x00000000c01600a0,0x00000000c2b00000)
 Metaspace       used 5716K, capacity 6704K, committed 6784K, reserved 1056768K
  class space    used 598K, capacity 616K, committed 640K, reserved 1048576K
}

Deoptimization events (4 events):
Event: 6.177 Thread 0x0000000002731000 Uncommon trap: reason=unstable_if action=reinterpret pc=0x000000000298a514 method=java.lang.String.compareTo(Ljava/lang/String;)I @ 38
Event: 8.170 Thread 0x0000000016add000 Uncommon trap: reason=unstable_if action=reinterpret pc=0x0000000002a60bfc method=java.util.HashMap.getNode(ILjava/lang/Object;)Ljava/util/HashMap$Node; @ 129
Event: 8.348 Thread 0x0000000016adc000 Uncommon trap: reason=unstable_if action=reinterpret pc=0x0000000002a611b0 method=java.util.BitSet.nextSetBit(I)I @ 87
Event: 8.532 Thread 0x0000000016a97800 Uncommon trap: reason=unstable_if action=reinterpret pc=0x0000000002ab6e0c method=com.android.dx.rop.code.LocalItem.hashCode()I @ 25

Internal exceptions (2 events):
Event: 3.302 Thread 0x0000000002731000 Exception <a 'java/lang/NoSuchMethodError': Method sun.misc.Unsafe.defineClass(Ljava/lang/String;[BII)Ljava/lang/Class; name or signature does not match> (0x00000000eab07cc0) thrown at [C:\re\workspace\8-2-build-windows-amd64-cygwin\jdk8u91\7017\hotspot\sr6×ËQk
@
Event: 3.302 Thread 0x0000000002731000 Exception <a 'java/lang/NoSuchMethodError': Method sun.misc.Unsafe.prefetchRead(Ljava/lang/Object;J)V name or signature does not match> (0x00000000eab07fa8) thrown at [C:\re\workspace\8-2-build-windows-amd64-cygwin\jdk8u91\7017\hotspot\src\share\vm\prims\j

Events (10 events):
Event: 8.356 loading class com/android/dx/dex/file/UniformListItem done
Event: 8.357 loading class com/android/dx/dex/file/AnnotationSetRefItem
Event: 8.357 loading class com/android/dx/dex/file/AnnotationSetRefItem done
Event: 8.402 Executing VM operation: ParallelGCFailedAllocation
Event: 8.523 Executing VM operation: ParallelGCFailedAllocation done
Event: 8.532 Thread 0x0000000016a97800 Uncommon trap: trap_request=0xffffff65 fr.pc=0x0000000002ab6e0c
Event: 8.532 Thread 0x0000000016a97800 DEOPT PACKING pc=0x0000000002ab6e0c sp=0x0000000016f3e050
Event: 8.532 Thread 0x0000000016a97800 DEOPT UNPACKING pc=0x000000000287582a sp=0x0000000016f3df88 mode 2
Event: 8.537 loading class com/android/dx/cf/code/SwitchList
Event: 8.537 loading class com/android/dx/cf/code/SwitchList done


Dynamic libraries:
0x00007ff614fc0000 - 0x00007ff614ff7000 	C:\Program Files\Java\jdk1.8.0_91\bin\java.exe
0x00007ffca5d70000 - 0x00007ffca5f31000 	C:\WINDOWS\SYSTEM32\ntdll.dll
0x00007ffca4a10000 - 0x00007ffca4abd000 	C:\WINDOWS\system32\KERNEL32.DLL
0x00007ffca26a0000 - 0x00007ffca2888000 	C:\WINDOWS\system32\KERNELBASE.dll
0x00007ffca4ad0000 - 0x00007ffca4b77000 	C:\WINDOWS\system32\ADVAPI32.dll
0x00007ffca54d0000 - 0x00007ffca556d000 	C:\WINDOWS\system32\msvcrt.dll
0x00007ffca4ce0000 - 0x00007ffca4d3b000 	C:\WINDOWS\system32\sechost.dll
0x00007ffca5970000 - 0x00007ffca5a8c000 	C:\WINDOWS\system32\RPCRT4.dll
0x00007ffca4b80000 - 0x00007ffca4cd6000 	C:\WINDOWS\system32\USER32.dll
0x00007ffca3170000 - 0x00007ffca32f6000 	C:\WINDOWS\system32\GDI32.dll
0x00007ffc97da0000 - 0x00007ffc98014000 	C:\WINDOWS\WinSxS\amd64_microsoft.windows.common-controls_6595b64144ccf1df_6.0.10586.494_none_a2d8b04ea53e3145\COMCTL32.dll
0x00007ffca5af0000 - 0x00007ffca5d6d000 	C:\WINDOWS\system32\combase.dll
0x00007ffca2890000 - 0x00007ffca28fa000 	C:\WINDOWS\system32\bcryptPrimitives.dll
0x00007ffca5430000 - 0x00007ffca546b000 	C:\WINDOWS\system32\IMM32.DLL
0x00000000619e0000 - 0x0000000061ab2000 	C:\Program Files\Java\jdk1.8.0_91\jre\bin\msvcr100.dll
0x0000000061d90000 - 0x0000000062623000 	C:\Program Files\Java\jdk1.8.0_91\jre\bin\server\jvm.dll
0x00007ffca55e0000 - 0x00007ffca55e8000 	C:\WINDOWS\system32\PSAPI.DLL
0x00007ffc8db70000 - 0x00007ffc8db79000 	C:\WINDOWS\SYSTEM32\WSOCK32.dll
0x00007ffca53c0000 - 0x00007ffca542b000 	C:\WINDOWS\system32\WS2_32.dll
0x00007ffca0920000 - 0x00007ffca0943000 	C:\WINDOWS\SYSTEM32\WINMM.dll
0x00007ffc9ff80000 - 0x00007ffc9ff8a000 	C:\WINDOWS\SYSTEM32\VERSION.dll
0x00007ffca08c0000 - 0x00007ffca08ec000 	C:\WINDOWS\SYSTEM32\WINMMBASE.dll
0x00007ffca2ad0000 - 0x00007ffca2b13000 	C:\WINDOWS\system32\cfgmgr32.dll
0x0000000062d80000 - 0x0000000062d8f000 	C:\Program Files\Java\jdk1.8.0_91\jre\bin\verify.dll
0x0000000062d50000 - 0x0000000062d79000 	C:\Program Files\Java\jdk1.8.0_91\jre\bin\java.dll
0x0000000062d30000 - 0x0000000062d46000 	C:\Program Files\Java\jdk1.8.0_91\jre\bin\zip.dll
0x00007ffca34b0000 - 0x00007ffca4a0c000 	C:\WINDOWS\system32\SHELL32.dll
0x00007ffca2b20000 - 0x00007ffca3165000 	C:\WINDOWS\system32\windows.storage.dll
0x00007ffca5a90000 - 0x00007ffca5ae2000 	C:\WINDOWS\system32\shlwapi.dll
0x00007ffca2400000 - 0x00007ffca240f000 	C:\WINDOWS\system32\kernel.appcore.dll
0x00007ffca2900000 - 0x00007ffca29b5000 	C:\WINDOWS\system32\shcore.dll
0x00007ffca23b0000 - 0x00007ffca23fb000 	C:\WINDOWS\system32\powrprof.dll
0x00007ffca2390000 - 0x00007ffca23a4000 	C:\WINDOWS\system32\profapi.dll

VM Arguments:
jvm_args: -Djava.awt.headless=true -Xmx1024M -Dfile.encoding=windows-1252 -Duser.country=IN -Duser.language=en -Duser.variant 
java_command: com.android.dx.command.Main --dex --num-threads=4 --output F:\Androidwk\AtmLocatorfnder\AtmLocatorfnder\AtmLocatorfnder\app\build\intermediates\pre-dexed\debug\com.android.support-design-23.2.1_9266c0f660512e64fe0efbd6c059ac75886f2ddc.jar F:\Androidwk\AtmLocatorfnder\AtmLocatorfnder\AtmLocatorfnder\app\build\intermediates\exploded-aar\com.android.support\design\23.2.1\jars\classes.jar
java_class_path (initial): C:\Users\AJAY DHIMAN\AppData\Local\Android\Sdk\build-tools\23.0.3\lib\dx.jar
Launcher Type: SUN_STANDARD

Environment Variables:
PATH=C:\ProgramData\Oracle\Java\javapath;C:\Program Files\Java\jdk1.7.0_25\bin;C:\WINDOWS\system32;C:\WINDOWS;C:\WINDOWS\System32\Wbem;C:\WINDOWS\System32\WindowsPowerShell\v1.0\;C:\Program Files (x86)\Common Files\lenovo\easyplussdk\bin;C:\Program Files (x86)\Skype\Phone\;C:\Program Files (x86)\GtkSharp\2.12\bin;C:\Program Files\Java\jdk1.7.0_25\bin;C:\WINDOWS\system32;C:\WINDOWS;C:\WINDOWS\System32\Wbem;C:\WINDOWS\System32\WindowsPowerShell\v1.0\;C:\Program Files (x86)\Common Files\lenovo\easyplussdk\bin;C:\Program Files (x86)\Skype\Phone\
USERNAME=AJAY DHIMAN
OS=Windows_NT
PROCESSOR_IDENTIFIER=Intel64 Family 6 Model 69 Stepping 1, GenuineIntel



---------------  S Y S T E M  ---------------

OS: Windows 10.0 , 64 bit Build 10586 (10.0.10586.0)

CPU:total 4 (2 cores per cpu, 2 threads per core) family 6 model 69 stepping 1, cmov, cx8, fxsr, mmx, sse, sse2, sse3, ssse3, sse4.1, sse4.2, popcnt, avx, avx2, aes, clmul, erms, lzcnt, ht, tsc, tscinvbit, bmi1, bmi2

Memory: 4k page, physical 4122776k(297100k free), swap 5555352k(3524k free)

vm_info: Java HotSpot(TM) 64-Bit Server VM (25.91-b15) for windows-amd64 JRE (1.8.0_91-b15), built on May 20 2016 17:43:15 by "java_re" with MS VC++ 10.0 (VS2010)

time: Tue Aug 02 04:28:54 2016
elapsed time: 8 seconds (0d 0h 0m 8s)

