#
# There is insufficient memory for the Java Runtime Environment to continue.
# Native memory allocation (malloc) failed to allocate 32744 bytes for ChunkPool::allocate
# Possible reasons:
#   The system is out of physical RAM or swap space
#   In 32 bit mode, the process size limit was hit
# Possible solutions:
#   Reduce memory load on the system
#   Increase physical memory or swap space
#   Check if swap backing store is full
#   Use 64 bit Java on a 64 bit OS
#   Decrease Java heap size (-Xmx/-Xms)
#   Decrease number of Java threads
#   Decrease Java thread stack sizes (-Xss)
#   Set larger code cache with -XX:ReservedCodeCacheSize=
# This output file may be truncated or incomplete.
#
#  Out of Memory Error (allocation.cpp:273), pid=2688, tid=916
#
# JRE version: Java(TM) SE Runtime Environment (8.0_91-b15) (build 1.8.0_91-b15)
# Java VM: Java HotSpot(TM) 64-Bit Server VM (25.91-b15 mixed mode windows-amd64 compressed oops)
# Failed to write core dump. Minidumps are not enabled by default on client versions of Windows
#

---------------  T H R E A D  ---------------

Current thread (0x0000000014c29800):  JavaThread "C2 CompilerThread1" daemon [_thread_in_native, id=916, stack(0x0000000016320000,0x0000000016420000)]

Stack: [0x0000000016320000,0x0000000016420000]
[error occurred during error reporting (printing stack bounds), id 0xc0000005]

Native frames: (J=compiled Java code, j=interpreted, Vv=VM code, C=native code)


Current CompileTask:
C2:   4045 1151   !   4       com.android.dx.cf.code.BytecodeArray::parseInstruction (2764 bytes)


---------------  P R O C E S S  ---------------

Java Threads: ( => current thread )
  0x0000000016779000 JavaThread "pool-1-thread-4" [_thread_blocked, id=4804, stack(0x0000000016f20000,0x0000000017020000)]
  0x0000000016778800 JavaThread "pool-1-thread-3" [_thread_blocked, id=7636, stack(0x0000000016e20000,0x0000000016f20000)]
  0x00000000166be000 JavaThread "pool-1-thread-2" [_thread_blocked, id=3252, stack(0x0000000016d20000,0x0000000016e20000)]
  0x00000000166bb800 JavaThread "pool-2-thread-1" [_thread_blocked, id=7040, stack(0x0000000016c20000,0x0000000016d20000)]
  0x00000000166ad800 JavaThread "pool-1-thread-1" [_thread_blocked, id=6052, stack(0x0000000016b20000,0x0000000016c20000)]
  0x0000000016525800 JavaThread "Service Thread" daemon [_thread_blocked, id=8808, stack(0x0000000016920000,0x0000000016a20000)]
  0x0000000014c2c000 JavaThread "C1 CompilerThread2" daemon [_thread_blocked, id=4008, stack(0x0000000016420000,0x0000000016520000)]
=>0x0000000014c29800 JavaThread "C2 CompilerThread1" daemon [_thread_in_native, id=916, stack(0x0000000016320000,0x0000000016420000)]
  0x0000000014bcd000 JavaThread "C2 CompilerThread0" daemon [_thread_blocked, id=5700, stack(0x0000000016220000,0x0000000016320000)]
  0x0000000014bcb000 JavaThread "Attach Listener" daemon [_thread_blocked, id=7804, stack(0x0000000016120000,0x0000000016220000)]
  0x0000000014bc9800 JavaThread "Signal Dispatcher" daemon [_thread_blocked, id=6200, stack(0x0000000016020000,0x0000000016120000)]
  0x0000000014bba800 JavaThread "Finalizer" daemon [_thread_blocked, id=4004, stack(0x0000000015e40000,0x0000000015f40000)]
  0x00000000024f0000 JavaThread "Reference Handler" daemon [_thread_blocked, id=5888, stack(0x0000000015d40000,0x0000000015e40000)]
  0x0000000002401000 JavaThread "main" [_thread_blocked, id=1648, stack(0x0000000002300000,0x0000000002400000)]

Other Threads:
  0x0000000014b97800 VMThread [stack: 0x0000000015c40000,0x0000000015d40000] [id=6236]
  0x0000000016531800 WatcherThread [stack: 0x0000000016a20000,0x0000000016b20000] [id=6444]

VM state:at safepoint (normal execution)

VM Mutex/Monitor currently owned by a thread:  ([mutex/lock_event])
[0x00000000022fc860] Threads_lock - owner thread: 0x0000000014b97800
[0x00000000022fc6e0] Heap_lock - owner thread: 0x00000000166ad800

Heap:
 PSYoungGen      total 18944K, used 16384K [0x00000000eab00000, 0x00000000ec000000, 0x0000000100000000)
  eden space 16384K, 100% used [0x00000000eab00000,0x00000000ebb00000,0x00000000ebb00000)
  from space 2560K, 0% used [0x00000000ebb00000,0x00000000ebb00000,0x00000000ebd80000)
  to   space 2560K, 98% used [0x00000000ebd80000,0x00000000ebff8010,0x00000000ec000000)
 ParOldGen       total 28672K, used 4065K [0x00000000c0000000, 0x00000000c1c00000, 0x00000000eab00000)
  object space 28672K, 14% used [0x00000000c0000000,0x00000000c03f8420,0x00000000c1c00000)
 Metaspace       used 6000K, capacity 6900K, committed 7040K, reserved 1058816K
  class space    used 604K, capacity 620K, committed 640K, reserved 1048576K

Card table byte_map: [0x00000000118c0000,0x0000000011ad0000] byte_map_base: 0x00000000112c0000

Marking Bits: (ParMarkBitMap*) 0x00000000625a2f70
 Begin Bits: [0x0000000012030000, 0x0000000013030000)
 End Bits:   [0x0000000013030000, 0x0000000014030000)

Polling page: 0x0000000000980000

CodeCache: size=245760Kb used=4779Kb max_used=4779Kb free=240980Kb
 bounds [0x0000000002500000, 0x00000000029b0000, 0x0000000011500000]
 total_blobs=1472 nmethods=1203 adapters=182
 compilation: enabled

Compilation events (10 events):
Event: 3.931 Thread 0x0000000014c2c000 1204       3       com.android.dx.ssa.SsaMethod::isRegALocal (90 bytes)
Event: 3.932 Thread 0x0000000014c2c000 nmethod 1204 0x00000000029aa850 code [0x00000000029aaa60, 0x00000000029ab6c8]
Event: 3.932 Thread 0x0000000014c2c000 1205       3       com.android.dx.ssa.SCCP::replaceConstants (209 bytes)
Event: 3.933 Thread 0x0000000014c2c000 nmethod 1205 0x00000000029abad0 code [0x00000000029abde0, 0x00000000029ad938]
Event: 3.933 Thread 0x0000000014c2c000 1208       3       com.android.dx.rop.cst.TypedConstant::getBasicType (8 bytes)
Event: 3.934 Thread 0x0000000014c2c000 nmethod 1208 0x00000000029a7e50 code [0x00000000029a7fc0, 0x00000000029a8268]
Event: 3.934 Thread 0x0000000014c2c000 1209       1       com.android.dx.rop.annotation.Annotation::getType (5 bytes)
Event: 3.934 Thread 0x0000000014c2c000 nmethod 1209 0x000000000299d090 code [0x000000000299d1e0, 0x000000000299d2f0]
Event: 3.938 Thread 0x0000000014c2c000 1211       3       com.android.dx.ssa.SsaMethod$1::visitMoveInsn (17 bytes)
Event: 3.939 Thread 0x0000000014c2c000 nmethod 1211 0x00000000029ae850 code [0x00000000029ae9c0, 0x00000000029aedb0]

GC Heap History (5 events):
Event: 3.091 GC heap before
{Heap before GC invocations=1 (full 0):
 PSYoungGen      total 18944K, used 13381K [0x00000000eab00000, 0x00000000ec000000, 0x0000000100000000)
  eden space 16384K, 81% used [0x00000000eab00000,0x00000000eb811670,0x00000000ebb00000)
  from space 2560K, 0% used [0x00000000ebd80000,0x00000000ebd80000,0x00000000ec000000)
  to   space 2560K, 0% used [0x00000000ebb00000,0x00000000ebb00000,0x00000000ebd80000)
 ParOldGen       total 44032K, used 0K [0x00000000c0000000, 0x00000000c2b00000, 0x00000000eab00000)
  object space 44032K, 0% used [0x00000000c0000000,0x00000000c0000000,0x00000000c2b00000)
 Metaspace       used 5747K, capacity 6704K, committed 6784K, reserved 1060864K
  class space    used 600K, capacity 616K, committed 640K, reserved 1048576K
Event: 3.199 GC heap after
Heap after GC invocations=1 (full 0):
 PSYoungGen      total 18944K, used 2551K [0x00000000eab00000, 0x00000000ec000000, 0x0000000100000000)
  eden space 16384K, 0% used [0x00000000eab00000,0x00000000eab00000,0x00000000ebb00000)
  from space 2560K, 99% used [0x00000000ebb00000,0x00000000ebd7dc78,0x00000000ebd80000)
  to   space 2560K, 0% used [0x00000000ebd80000,0x00000000ebd80000,0x00000000ec000000)
 ParOldGen       total 44032K, used 1411K [0x00000000c0000000, 0x00000000c2b00000, 0x00000000eab00000)
  object space 44032K, 3% used [0x00000000c0000000,0x00000000c0160f98,0x00000000c2b00000)
 Metaspace       used 5747K, capacity 6704K, committed 6784K, reserved 1060864K
  class space    used 600K, capacity 616K, committed 640K, reserved 1048576K
}
Event: 3.199 GC heap before
{Heap before GC invocations=2 (full 1):
 PSYoungGen      total 18944K, used 2551K [0x00000000eab00000, 0x00000000ec000000, 0x0000000100000000)
  eden space 16384K, 0% used [0x00000000eab00000,0x00000000eab00000,0x00000000ebb00000)
  from space 2560K, 99% used [0x00000000ebb00000,0x00000000ebd7dc78,0x00000000ebd80000)
  to   space 2560K, 0% used [0x00000000ebd80000,0x00000000ebd80000,0x00000000ec000000)
 ParOldGen       total 44032K, used 1411K [0x00000000c0000000, 0x00000000c2b00000, 0x00000000eab00000)
  object space 44032K, 3% used [0x00000000c0000000,0x00000000c0160f98,0x00000000c2b00000)
 Metaspace       used 5747K, capacity 6704K, committed 6784K, reserved 1060864K
  class space    used 600K, capacity 616K, committed 640K, reserved 1048576K
Event: 3.267 GC heap after
Heap after GC invocations=2 (full 1):
 PSYoungGen      total 18944K, used 0K [0x00000000eab00000, 0x00000000ec000000, 0x0000000100000000)
  eden space 16384K, 0% used [0x00000000eab00000,0x00000000eab00000,0x00000000ebb00000)
  from space 2560K, 0% used [0x00000000ebb00000,0x00000000ebb00000,0x00000000ebd80000)
  to   space 2560K, 0% used [0x00000000ebd80000,0x00000000ebd80000,0x00000000ec000000)
 ParOldGen       total 28672K, used 3821K [0x00000000c0000000, 0x00000000c1c00000, 0x00000000eab00000)
  object space 28672K, 13% used [0x00000000c0000000,0x00000000c03bb410,0x00000000c1c00000)
 Metaspace       used 5747K, capacity 6704K, committed 6784K, reserved 1058816K
  class space    used 600K, capacity 616K, committed 640K, reserved 1048576K
}
Event: 4.021 GC heap before
{Heap before GC invocations=3 (full 1):
 PSYoungGen      total 18944K, used 16384K [0x00000000eab00000, 0x00000000ec000000, 0x0000000100000000)
  eden space 16384K, 100% used [0x00000000eab00000,0x00000000ebb00000,0x00000000ebb00000)
  from space 2560K, 0% used [0x00000000ebb00000,0x00000000ebb00000,0x00000000ebd80000)
  to   space 2560K, 0% used [0x00000000ebd80000,0x00000000ebd80000,0x00000000ec000000)
 ParOldGen       total 28672K, used 3821K [0x00000000c0000000, 0x00000000c1c00000, 0x00000000eab00000)
  object space 28672K, 13% used [0x00000000c0000000,0x00000000c03bb410,0x00000000c1c00000)
 Metaspace       used 6000K, capacity 6900K, committed 7040K, reserved 1058816K
  class space    used 604K, capacity 620K, committed 640K, reserved 1048576K

Deoptimization events (5 events):
Event: 2.187 Thread 0x0000000002401000 Uncommon trap: reason=unstable_if action=reinterpret pc=0x0000000002736944 method=java.util.HashMap.getNode(ILjava/lang/Object;)Ljava/util/HashMap$Node; @ 62
Event: 3.662 Thread 0x00000000166be000 Uncommon trap: reason=unstable_if action=reinterpret pc=0x00000000028e2c3c method=com.android.dx.util.IntList.binarysearch(I)I @ 105
Event: 3.800 Thread 0x00000000166be000 Uncommon trap: reason=bimorphic action=maybe_recompile pc=0x00000000027d3828 method=java.util.HashMap.getNode(ILjava/lang/Object;)Ljava/util/HashMap$Node; @ 126
Event: 3.848 Thread 0x00000000166be000 Uncommon trap: reason=unstable_if action=reinterpret pc=0x00000000028c2bac method=com.android.dx.rop.code.RegisterSpecSet.put(Lcom/android/dx/rop/code/RegisterSpec;)V @ 77
Event: 3.848 Thread 0x00000000166be000 Uncommon trap: reason=unstable_if action=reinterpret pc=0x00000000028d326c method=com.android.dx.rop.code.RegisterSpecSet.put(Lcom/android/dx/rop/code/RegisterSpec;)V @ 77

Internal exceptions (2 events):
Event: 0.168 Thread 0x0000000002401000 Exception <a 'java/lang/NoSuchMethodError': Method sun.misc.Unsafe.defineClass(Ljava/lang/String;[BII)Ljava/lang/Class; name or signature does not match> (0x00000000eab07cc0) thrown at [C:\re\workspace\8-2-build-windows-amd64-cygwin\jdk8u91\7017\hotspot\srÏπaœ	ç≈?
Event: 0.168 Thread 0x0000000002401000 Exception <a 'java/lang/NoSuchMethodError': Method sun.misc.Unsafe.prefetchRead(Ljava/lang/Object;J)V name or signature does not match> (0x00000000eab07fa8) thrown at [C:\re\workspace\8-2-build-windows-amd64-cygwin\jdk8u91\7017\hotspot\src\share\vm\prims\j

Events (10 events):
Event: 3.800 Thread 0x00000000166be000 DEOPT UNPACKING pc=0x000000000254582a sp=0x0000000016e1eec0 mode 2
Event: 3.848 Thread 0x00000000166be000 Uncommon trap: trap_request=0xffffff65 fr.pc=0x00000000028c2bac
Event: 3.848 Thread 0x00000000166be000 DEOPT PACKING pc=0x00000000028c2bac sp=0x0000000016e1ef20
Event: 3.848 Thread 0x00000000166be000 DEOPT UNPACKING pc=0x000000000254582a sp=0x0000000016e1eea8 mode 2
Event: 3.848 Thread 0x00000000166be000 Uncommon trap: trap_request=0xffffff65 fr.pc=0x00000000028d326c
Event: 3.848 Thread 0x00000000166be000 DEOPT PACKING pc=0x00000000028d326c sp=0x0000000016e1ef10
Event: 3.848 Thread 0x00000000166be000 DEOPT UNPACKING pc=0x000000000254582a sp=0x0000000016e1ee30 mode 2
Event: 3.913 Thread 0x00000000166ad800 DEOPT PACKING pc=0x000000000287e650 sp=0x0000000016c1e760
Event: 3.914 Thread 0x00000000166ad800 DEOPT UNPACKING pc=0x000000000254787f sp=0x0000000016c1e550 mode 0
Event: 3.942 Executing VM operation: ParallelGCFailedAllocation


Dynamic libraries:
0x00007ff614fc0000 - 0x00007ff614ff7000 	C:\Program Files\Java\jdk1.8.0_91\bin\java.exe
0x00007ffca5d70000 - 0x00007ffca5f31000 	C:\WINDOWS\SYSTEM32\ntdll.dll
0x00007ffca4a10000 - 0x00007ffca4abd000 	C:\WINDOWS\system32\KERNEL32.DLL
0x00007ffca26a0000 - 0x00007ffca2888000 	C:\WINDOWS\system32\KERNELBASE.dll
0x00007ffca4ad0000 - 0x00007ffca4b77000 	C:\WINDOWS\system32\ADVAPI32.dll
0x00007ffca54d0000 - 0x00007ffca556d000 	C:\WINDOWS\system32\msvcrt.dll
0x00007ffca4ce0000 - 0x00007ffca4d3b000 	C:\WINDOWS\system32\sechost.dll
0x00007ffca5970000 - 0x00007ffca5a8c000 	C:\WINDOWS\system32\RPCRT4.dll
0x00007ffca4b80000 - 0x00007ffca4cd6000 	C:\WINDOWS\system32\USER32.dll
0x00007ffca3170000 - 0x00007ffca32f6000 	C:\WINDOWS\system32\GDI32.dll
0x00007ffc97da0000 - 0x00007ffc98014000 	C:\WINDOWS\WinSxS\amd64_microsoft.windows.common-controls_6595b64144ccf1df_6.0.10586.494_none_a2d8b04ea53e3145\COMCTL32.dll
0x00007ffca5af0000 - 0x00007ffca5d6d000 	C:\WINDOWS\system32\combase.dll
0x00007ffca2890000 - 0x00007ffca28fa000 	C:\WINDOWS\system32\bcryptPrimitives.dll
0x00007ffca5430000 - 0x00007ffca546b000 	C:\WINDOWS\system32\IMM32.DLL
0x00000000619e0000 - 0x0000000061ab2000 	C:\Program Files\Java\jdk1.8.0_91\jre\bin\msvcr100.dll
0x0000000061d90000 - 0x0000000062623000 	C:\Program Files\Java\jdk1.8.0_91\jre\bin\server\jvm.dll
0x00007ffca55e0000 - 0x00007ffca55e8000 	C:\WINDOWS\system32\PSAPI.DLL
0x00007ffc8db70000 - 0x00007ffc8db79000 	C:\WINDOWS\SYSTEM32\WSOCK32.dll
0x00007ffca53c0000 - 0x00007ffca542b000 	C:\WINDOWS\system32\WS2_32.dll
0x00007ffca0920000 - 0x00007ffca0943000 	C:\WINDOWS\SYSTEM32\WINMM.dll
0x00007ffc9ff80000 - 0x00007ffc9ff8a000 	C:\WINDOWS\SYSTEM32\VERSION.dll
0x00007ffca08c0000 - 0x00007ffca08ec000 	C:\WINDOWS\SYSTEM32\WINMMBASE.dll
0x00007ffca2ad0000 - 0x00007ffca2b13000 	C:\WINDOWS\system32\cfgmgr32.dll
0x0000000062d80000 - 0x0000000062d8f000 	C:\Program Files\Java\jdk1.8.0_91\jre\bin\verify.dll
0x0000000062d50000 - 0x0000000062d79000 	C:\Program Files\Java\jdk1.8.0_91\jre\bin\java.dll
0x0000000062d30000 - 0x0000000062d46000 	C:\Program Files\Java\jdk1.8.0_91\jre\bin\zip.dll
0x00007ffca34b0000 - 0x00007ffca4a0c000 	C:\WINDOWS\system32\SHELL32.dll
0x00007ffca2b20000 - 0x00007ffca3165000 	C:\WINDOWS\system32\windows.storage.dll
0x00007ffca5a90000 - 0x00007ffca5ae2000 	C:\WINDOWS\system32\shlwapi.dll
0x00007ffca2400000 - 0x00007ffca240f000 	C:\WINDOWS\system32\kernel.appcore.dll
0x00007ffca2900000 - 0x00007ffca29b5000 	C:\WINDOWS\system32\shcore.dll
0x00007ffca23b0000 - 0x00007ffca23fb000 	C:\WINDOWS\system32\powrprof.dll
0x00007ffca2390000 - 0x00007ffca23a4000 	C:\WINDOWS\system32\profapi.dll

VM Arguments:
jvm_args: -Djava.awt.headless=true -Xmx1024M -Dfile.encoding=windows-1252 -Duser.country=IN -Duser.language=en -Duser.variant 
java_command: com.android.dx.command.Main --dex --num-threads=4 --output F:\Androidwk\AtmLocatorfnder\AtmLocatorfnder\AtmLocatorfnder\app\build\intermediates\pre-dexed\debug\com.android.support-support-vector-drawable-23.2.1_da392e5446658ce5c9999903cd3ccfd16b66e043.jar F:\Androidwk\AtmLocatorfnder\AtmLocatorfnder\AtmLocatorfnder\app\build\intermediates\exploded-aar\com.android.support\support-vector-drawable\23.2.1\jars\classes.jar
java_class_path (initial): C:\Users\AJAY DHIMAN\AppData\Local\Android\Sdk\build-tools\23.0.3\lib\dx.jar
Launcher Type: SUN_STANDARD

Environment Variables:
PATH=C:\ProgramData\Oracle\Java\javapath;C:\Program Files\Java\jdk1.7.0_25\bin;C:\WINDOWS\system32;C:\WINDOWS;C:\WINDOWS\System32\Wbem;C:\WINDOWS\System32\WindowsPowerShell\v1.0\;C:\Program Files (x86)\Common Files\lenovo\easyplussdk\bin;C:\Program Files (x86)\Skype\Phone\;C:\Program Files (x86)\GtkSharp\2.12\bin;C:\Program Files\Java\jdk1.7.0_25\bin;C:\WINDOWS\system32;C:\WINDOWS;C:\WINDOWS\System32\Wbem;C:\WINDOWS\System32\WindowsPowerShell\v1.0\;C:\Program Files (x86)\Common Files\lenovo\easyplussdk\bin;C:\Program Files (x86)\Skype\Phone\
USERNAME=AJAY DHIMAN
OS=Windows_NT
PROCESSOR_IDENTIFIER=Intel64 Family 6 Model 69 Stepping 1, GenuineIntel



---------------  S Y S T E M  ---------------

OS: Windows 10.0 , 64 bit Build 10586 (10.0.10586.0)

CPU:total 4 (2 cores per cpu, 2 threads per core) family 6 model 69 stepping 1, cmov, cx8, fxsr, mmx, sse, sse2, sse3, ssse3, sse4.1, sse4.2, popcnt, avx, avx2, aes, clmul, erms, lzcnt, ht, tsc, tscinvbit, bmi1, bmi2

Memory: 4k page, physical 4122776k(303812k free), swap 5555352k(4100k free)

vm_info: Java HotSpot(TM) 64-Bit Server VM (25.91-b15) for windows-amd64 JRE (1.8.0_91-b15), built on May 20 2016 17:43:15 by "java_re" with MS VC++ 10.0 (VS2010)

time: Tue Aug 02 03:10:04 2016
elapsed time: 4 seconds (0d 0h 0m 4s)

