#
# There is insufficient memory for the Java Runtime Environment to continue.
# Native memory allocation (malloc) failed to allocate 403056 bytes for Chunk::new
# Possible reasons:
#   The system is out of physical RAM or swap space
#   In 32 bit mode, the process size limit was hit
# Possible solutions:
#   Reduce memory load on the system
#   Increase physical memory or swap space
#   Check if swap backing store is full
#   Use 64 bit Java on a 64 bit OS
#   Decrease Java heap size (-Xmx/-Xms)
#   Decrease number of Java threads
#   Decrease Java thread stack sizes (-Xss)
#   Set larger code cache with -XX:ReservedCodeCacheSize=
# This output file may be truncated or incomplete.
#
#  Out of Memory Error (allocation.cpp:390), pid=8376, tid=1104
#
# JRE version: Java(TM) SE Runtime Environment (8.0_91-b15) (build 1.8.0_91-b15)
# Java VM: Java HotSpot(TM) 64-Bit Server VM (25.91-b15 mixed mode windows-amd64 compressed oops)
# Failed to write core dump. Minidumps are not enabled by default on client versions of Windows
#

---------------  T H R E A D  ---------------

Current thread (0x00000000154d8800):  JavaThread "C2 CompilerThread1" daemon [_thread_in_native, id=1104, stack(0x0000000016b40000,0x0000000016c40000)]

Stack: [0x0000000016b40000,0x0000000016c40000]
[error occurred during error reporting (printing stack bounds), id 0xc0000005]

Native frames: (J=compiled Java code, j=interpreted, Vv=VM code, C=native code)


Current CompileTask:
C2:   2539  887       4       com.android.dx.ssa.back.LivenessAnalyzer::handleTailRecursion (94 bytes)


---------------  P R O C E S S  ---------------

Java Threads: ( => current thread )
  0x0000000016ee1000 JavaThread "pool-1-thread-4" [_thread_in_Java, id=8244, stack(0x0000000017740000,0x0000000017840000)]
  0x0000000016ea6800 JavaThread "pool-1-thread-3" [_thread_in_Java, id=8224, stack(0x0000000017640000,0x0000000017740000)]
  0x0000000016e8e000 JavaThread "pool-1-thread-2" [_thread_blocked, id=2340, stack(0x0000000017540000,0x0000000017640000)]
  0x0000000016e8a000 JavaThread "pool-2-thread-1" [_thread_blocked, id=4264, stack(0x0000000017440000,0x0000000017540000)]
  0x0000000016ecc000 JavaThread "pool-1-thread-1" [_thread_in_Java, id=1240, stack(0x0000000017340000,0x0000000017440000)]
  0x0000000016c55800 JavaThread "Service Thread" daemon [_thread_blocked, id=8460, stack(0x0000000017140000,0x0000000017240000)]
  0x0000000016c48800 JavaThread "C1 CompilerThread2" daemon [_thread_in_native, id=2868, stack(0x0000000017040000,0x0000000017140000)]
=>0x00000000154d8800 JavaThread "C2 CompilerThread1" daemon [_thread_in_native, id=1104, stack(0x0000000016b40000,0x0000000016c40000)]
  0x00000000154e8800 JavaThread "C2 CompilerThread0" daemon [_thread_in_native, id=1980, stack(0x0000000016a40000,0x0000000016b40000)]
  0x00000000154e7000 JavaThread "Attach Listener" daemon [_thread_blocked, id=7176, stack(0x0000000016940000,0x0000000016a40000)]
  0x00000000154e5800 JavaThread "Signal Dispatcher" daemon [_thread_blocked, id=3300, stack(0x0000000016840000,0x0000000016940000)]
  0x0000000002e0b000 JavaThread "Finalizer" daemon [_thread_blocked, id=7788, stack(0x0000000016740000,0x0000000016840000)]
  0x0000000002e00000 JavaThread "Reference Handler" daemon [_thread_blocked, id=3932, stack(0x0000000016640000,0x0000000016740000)]
  0x0000000002d11000 JavaThread "main" [_thread_blocked, id=5476, stack(0x0000000002b10000,0x0000000002c10000)]

Other Threads:
  0x00000000154a7800 VMThread [stack: 0x0000000016540000,0x0000000016640000] [id=6136]
  0x0000000016c4d800 WatcherThread [stack: 0x0000000017240000,0x0000000017340000] [id=8200]

VM state:not at safepoint (normal execution)

VM Mutex/Monitor currently owned by a thread: None

Heap:
 PSYoungGen      total 18944K, used 7105K [0x00000000eab00000, 0x00000000ec000000, 0x0000000100000000)
  eden space 16384K, 27% used [0x00000000eab00000,0x00000000eaf71ca8,0x00000000ebb00000)
  from space 2560K, 99% used [0x00000000ebb00000,0x00000000ebd7eab8,0x00000000ebd80000)
  to   space 2560K, 0% used [0x00000000ebd80000,0x00000000ebd80000,0x00000000ec000000)
 ParOldGen       total 44032K, used 1579K [0x00000000c0000000, 0x00000000c2b00000, 0x00000000eab00000)
  object space 44032K, 3% used [0x00000000c0000000,0x00000000c018afa0,0x00000000c2b00000)
 Metaspace       used 5873K, capacity 6770K, committed 7040K, reserved 1056768K
  class space    used 600K, capacity 618K, committed 640K, reserved 1048576K

Card table byte_map: [0x00000000121d0000,0x00000000123e0000] byte_map_base: 0x0000000011bd0000

Marking Bits: (ParMarkBitMap*) 0x00000000607f2f70
 Begin Bits: [0x0000000012940000, 0x0000000013940000)
 End Bits:   [0x0000000013940000, 0x0000000014940000)

Polling page: 0x0000000000f00000

CodeCache: size=245760Kb used=3611Kb max_used=3611Kb free=242148Kb
 bounds [0x0000000002e10000, 0x00000000031a0000, 0x0000000011e10000]
 total_blobs=1167 nmethods=898 adapters=182
 compilation: enabled

Compilation events (10 events):
Event: 2.531 Thread 0x0000000016c48800 nmethod 892 0x000000000318f050 code [0x000000000318f1e0, 0x000000000318f578]
Event: 2.531 Thread 0x0000000016c48800  910       3       java.util.ArrayList::remove (77 bytes)
Event: 2.532 Thread 0x0000000016c48800 nmethod 910 0x000000000318f6d0 code [0x000000000318f880, 0x000000000318fdc8]
Event: 2.532 Thread 0x0000000016c48800  909       3       com.android.dx.ssa.DeadCodeRemover::isCircularNoSideEffect (140 bytes)
Event: 2.533 Thread 0x0000000016c48800 nmethod 909 0x0000000003190010 code [0x00000000031902a0, 0x0000000003191388]
Event: 2.533 Thread 0x0000000016c48800  912       3       java.util.TreeMap::put (247 bytes)
Event: 2.535 Thread 0x0000000016c48800 nmethod 912 0x0000000003191cd0 code [0x0000000003191f40, 0x0000000003193118]
Event: 2.535 Thread 0x0000000016c48800  915       3       com.android.dx.dex.code.RopTranslator$LocalVariableAwareTranslationVisitor::visitPlainInsn (11 bytes)
Event: 2.536 Thread 0x0000000016c48800 nmethod 915 0x0000000003193850 code [0x0000000003193a60, 0x00000000031945b8]
Event: 2.536 Thread 0x0000000016c48800  916       3       com.android.dx.dex.code.RopTranslator$TranslationVisitor::visitPlainInsn (161 bytes)

GC Heap History (2 events):
Event: 2.452 GC heap before
{Heap before GC invocations=1 (full 0):
 PSYoungGen      total 18944K, used 16384K [0x00000000eab00000, 0x00000000ec000000, 0x0000000100000000)
  eden space 16384K, 100% used [0x00000000eab00000,0x00000000ebb00000,0x00000000ebb00000)
  from space 2560K, 0% used [0x00000000ebd80000,0x00000000ebd80000,0x00000000ec000000)
  to   space 2560K, 0% used [0x00000000ebb00000,0x00000000ebb00000,0x00000000ebd80000)
 ParOldGen       total 44032K, used 0K [0x00000000c0000000, 0x00000000c2b00000, 0x00000000eab00000)
  object space 44032K, 0% used [0x00000000c0000000,0x00000000c0000000,0x00000000c2b00000)
 Metaspace       used 5764K, capacity 6706K, committed 6784K, reserved 1056768K
  class space    used 600K, capacity 618K, committed 640K, reserved 1048576K
Event: 2.458 GC heap after
Heap after GC invocations=1 (full 0):
 PSYoungGen      total 18944K, used 2554K [0x00000000eab00000, 0x00000000ec000000, 0x0000000100000000)
  eden space 16384K, 0% used [0x00000000eab00000,0x00000000eab00000,0x00000000ebb00000)
  from space 2560K, 99% used [0x00000000ebb00000,0x00000000ebd7eab8,0x00000000ebd80000)
  to   space 2560K, 0% used [0x00000000ebd80000,0x00000000ebd80000,0x00000000ec000000)
 ParOldGen       total 44032K, used 1579K [0x00000000c0000000, 0x00000000c2b00000, 0x00000000eab00000)
  object space 44032K, 3% used [0x00000000c0000000,0x00000000c018afa0,0x00000000c2b00000)
 Metaspace       used 5764K, capacity 6706K, committed 6784K, reserved 1056768K
  class space    used 600K, capacity 618K, committed 640K, reserved 1048576K
}

Deoptimization events (6 events):
Event: 2.213 Thread 0x0000000016ee1000 Uncommon trap: reason=class_check action=maybe_recompile pc=0x000000000305f2f0 method=com.android.dx.ssa.NormalSsaInsn.accept(Lcom/android/dx/ssa/SsaInsn$Visitor;)V @ 9
Event: 2.213 Thread 0x0000000016ee1000 Uncommon trap: reason=class_check action=maybe_recompile pc=0x000000000305f2f0 method=com.android.dx.ssa.NormalSsaInsn.accept(Lcom/android/dx/ssa/SsaInsn$Visitor;)V @ 9
Event: 2.213 Thread 0x0000000016ee1000 Uncommon trap: reason=class_check action=maybe_recompile pc=0x000000000305f2f0 method=com.android.dx.ssa.NormalSsaInsn.accept(Lcom/android/dx/ssa/SsaInsn$Visitor;)V @ 9
Event: 2.213 Thread 0x0000000016ee1000 Uncommon trap: reason=class_check action=maybe_recompile pc=0x000000000305f2f0 method=com.android.dx.ssa.NormalSsaInsn.accept(Lcom/android/dx/ssa/SsaInsn$Visitor;)V @ 9
Event: 2.509 Thread 0x0000000016e8e000 Uncommon trap: reason=unstable_if action=reinterpret pc=0x000000000305e8f4 method=java.util.BitSet.ensureCapacity(I)V @ 6
Event: 2.529 Thread 0x0000000016ee1000 Uncommon trap: reason=null_check action=make_not_entrant pc=0x00000000030d8868 method=com.android.dx.rop.type.Type.equals(Ljava/lang/Object;)Z @ 8

Internal exceptions (3 events):
Event: 0.041 Thread 0x0000000002d11000 Exception <a 'java/lang/NoSuchMethodError': Method sun.misc.Unsafe.defineClass(Ljava/lang/String;[BII)Ljava/lang/Class; name or signature does not match> (0x00000000eab07cc0) thrown at [C:\re\workspace\8-2-build-windows-amd64-cygwin\jdk8u91\7017\hotspot\srbdšž"¥?
Event: 0.041 Thread 0x0000000002d11000 Exception <a 'java/lang/NoSuchMethodError': Method sun.misc.Unsafe.prefetchRead(Ljava/lang/Object;J)V name or signature does not match> (0x00000000eab07fa8) thrown at [C:\re\workspace\8-2-build-windows-amd64-cygwin\jdk8u91\7017\hotspot\src\share\vm\prims\jŽçýÔ;@
Event: 2.529 Thread 0x0000000016ee1000 Implicit null exception at 0x00000000030d8762 to 0x00000000030d885a

Events (10 events):
Event: 2.451 Executing VM operation: ParallelGCFailedAllocation
Event: 2.458 Executing VM operation: ParallelGCFailedAllocation done
Event: 2.498 loading class java/util/DualPivotQuicksort
Event: 2.499 loading class java/util/DualPivotQuicksort done
Event: 2.509 Thread 0x0000000016e8e000 Uncommon trap: trap_request=0xffffff65 fr.pc=0x000000000305e8f4
Event: 2.509 Thread 0x0000000016e8e000 DEOPT PACKING pc=0x000000000305e8f4 sp=0x000000001763eac0
Event: 2.509 Thread 0x0000000016e8e000 DEOPT UNPACKING pc=0x0000000002e5582a sp=0x000000001763e9a8 mode 2
Event: 2.529 Thread 0x0000000016ee1000 Uncommon trap: trap_request=0xfffffff4 fr.pc=0x00000000030d8868
Event: 2.529 Thread 0x0000000016ee1000 DEOPT PACKING pc=0x00000000030d8868 sp=0x000000001783ead0
Event: 2.529 Thread 0x0000000016ee1000 DEOPT UNPACKING pc=0x0000000002e5582a sp=0x000000001783ea68 mode 2


Dynamic libraries:
0x00007ff6dab80000 - 0x00007ff6dabb7000 	C:\Program Files\Java\jdk1.8.0_91\bin\java.exe
0x00007ffca5d70000 - 0x00007ffca5f31000 	C:\WINDOWS\SYSTEM32\ntdll.dll
0x00007ffca4a10000 - 0x00007ffca4abd000 	C:\WINDOWS\system32\KERNEL32.DLL
0x00007ffca26a0000 - 0x00007ffca2888000 	C:\WINDOWS\system32\KERNELBASE.dll
0x00007ffca4ad0000 - 0x00007ffca4b77000 	C:\WINDOWS\system32\ADVAPI32.dll
0x00007ffca54d0000 - 0x00007ffca556d000 	C:\WINDOWS\system32\msvcrt.dll
0x00007ffca4ce0000 - 0x00007ffca4d3b000 	C:\WINDOWS\system32\sechost.dll
0x00007ffca5970000 - 0x00007ffca5a8c000 	C:\WINDOWS\system32\RPCRT4.dll
0x00007ffca4b80000 - 0x00007ffca4cd6000 	C:\WINDOWS\system32\USER32.dll
0x00007ffca3170000 - 0x00007ffca32f6000 	C:\WINDOWS\system32\GDI32.dll
0x00007ffc97da0000 - 0x00007ffc98014000 	C:\WINDOWS\WinSxS\amd64_microsoft.windows.common-controls_6595b64144ccf1df_6.0.10586.494_none_a2d8b04ea53e3145\COMCTL32.dll
0x00007ffca5af0000 - 0x00007ffca5d6d000 	C:\WINDOWS\system32\combase.dll
0x00007ffca2890000 - 0x00007ffca28fa000 	C:\WINDOWS\system32\bcryptPrimitives.dll
0x00007ffca5430000 - 0x00007ffca546b000 	C:\WINDOWS\system32\IMM32.DLL
0x000000005fe00000 - 0x000000005fed2000 	C:\Program Files\Java\jdk1.8.0_91\jre\bin\msvcr100.dll
0x000000005ffe0000 - 0x0000000060873000 	C:\Program Files\Java\jdk1.8.0_91\jre\bin\server\jvm.dll
0x00007ffca55e0000 - 0x00007ffca55e8000 	C:\WINDOWS\system32\PSAPI.DLL
0x00007ffc8db70000 - 0x00007ffc8db79000 	C:\WINDOWS\SYSTEM32\WSOCK32.dll
0x00007ffca53c0000 - 0x00007ffca542b000 	C:\WINDOWS\system32\WS2_32.dll
0x00007ffc9ff80000 - 0x00007ffc9ff8a000 	C:\WINDOWS\SYSTEM32\VERSION.dll
0x00007ffca0920000 - 0x00007ffca0943000 	C:\WINDOWS\SYSTEM32\WINMM.dll
0x00007ffca08c0000 - 0x00007ffca08ec000 	C:\WINDOWS\SYSTEM32\winmmbase.dll
0x00007ffca2ad0000 - 0x00007ffca2b13000 	C:\WINDOWS\system32\cfgmgr32.dll
0x0000000061900000 - 0x000000006190f000 	C:\Program Files\Java\jdk1.8.0_91\jre\bin\verify.dll
0x00000000618d0000 - 0x00000000618f9000 	C:\Program Files\Java\jdk1.8.0_91\jre\bin\java.dll
0x00000000618b0000 - 0x00000000618c6000 	C:\Program Files\Java\jdk1.8.0_91\jre\bin\zip.dll
0x00007ffca34b0000 - 0x00007ffca4a0c000 	C:\WINDOWS\system32\SHELL32.dll
0x00007ffca2b20000 - 0x00007ffca3165000 	C:\WINDOWS\system32\windows.storage.dll
0x00007ffca5a90000 - 0x00007ffca5ae2000 	C:\WINDOWS\system32\shlwapi.dll
0x00007ffca2400000 - 0x00007ffca240f000 	C:\WINDOWS\system32\kernel.appcore.dll
0x00007ffca2900000 - 0x00007ffca29b5000 	C:\WINDOWS\system32\shcore.dll
0x00007ffca23b0000 - 0x00007ffca23fb000 	C:\WINDOWS\system32\powrprof.dll
0x00007ffca2390000 - 0x00007ffca23a4000 	C:\WINDOWS\system32\profapi.dll

VM Arguments:
jvm_args: -Djava.awt.headless=true -Xmx1024M -Dfile.encoding=windows-1252 -Duser.country=IN -Duser.language=en -Duser.variant 
java_command: com.android.dx.command.Main --dex --num-threads=4 --output F:\Androidwk\AtmLocatorfnder\AtmLocatorfnder\AtmLocatorfnder\app\build\intermediates\pre-dexed\debug\com.android.support-recyclerview-v7-23.2.1_a1bbca924d2df629e408c297dc66ee17b4b69a3b.jar F:\Androidwk\AtmLocatorfnder\AtmLocatorfnder\AtmLocatorfnder\app\build\intermediates\exploded-aar\com.android.support\recyclerview-v7\23.2.1\jars\classes.jar
java_class_path (initial): C:\Users\AJAY DHIMAN\AppData\Local\Android\Sdk\build-tools\23.0.3\lib\dx.jar
Launcher Type: SUN_STANDARD

Environment Variables:
PATH=C:\ProgramData\Oracle\Java\javapath;C:\Program Files\Java\jdk1.7.0_25\bin;C:\WINDOWS\system32;C:\WINDOWS;C:\WINDOWS\System32\Wbem;C:\WINDOWS\System32\WindowsPowerShell\v1.0\;C:\Program Files (x86)\Common Files\lenovo\easyplussdk\bin;C:\Program Files (x86)\Skype\Phone\;C:\Program Files (x86)\GtkSharp\2.12\bin;C:\Program Files\Java\jdk1.7.0_25\bin;C:\WINDOWS\system32;C:\WINDOWS;C:\WINDOWS\System32\Wbem;C:\WINDOWS\System32\WindowsPowerShell\v1.0\;C:\Program Files (x86)\Common Files\lenovo\easyplussdk\bin;C:\Program Files (x86)\Skype\Phone\
USERNAME=AJAY DHIMAN
OS=Windows_NT
PROCESSOR_IDENTIFIER=Intel64 Family 6 Model 69 Stepping 1, GenuineIntel



---------------  S Y S T E M  ---------------

OS: Windows 10.0 , 64 bit Build 10586 (10.0.10586.0)

CPU:total 4 (2 cores per cpu, 2 threads per core) family 6 model 69 stepping 1, cmov, cx8, fxsr, mmx, sse, sse2, sse3, ssse3, sse4.1, sse4.2, popcnt, avx, avx2, aes, clmul, erms, lzcnt, ht, tsc, tscinvbit, bmi1, bmi2

Memory: 4k page, physical 4122776k(455908k free), swap 5555352k(4428k free)

vm_info: Java HotSpot(TM) 64-Bit Server VM (25.91-b15) for windows-amd64 JRE (1.8.0_91-b15), built on May 20 2016 17:43:15 by "java_re" with MS VC++ 10.0 (VS2010)

time: Tue Aug 02 17:13:37 2016
elapsed time: 2 seconds (0d 0h 0m 2s)

