#
# There is insufficient memory for the Java Runtime Environment to continue.
# Native memory allocation (malloc) failed to allocate 38432 bytes for Chunk::new
# Possible reasons:
#   The system is out of physical RAM or swap space
#   In 32 bit mode, the process size limit was hit
# Possible solutions:
#   Reduce memory load on the system
#   Increase physical memory or swap space
#   Check if swap backing store is full
#   Use 64 bit Java on a 64 bit OS
#   Decrease Java heap size (-Xmx/-Xms)
#   Decrease number of Java threads
#   Decrease Java thread stack sizes (-Xss)
#   Set larger code cache with -XX:ReservedCodeCacheSize=
# This output file may be truncated or incomplete.
#
#  Out of Memory Error (allocation.cpp:390), pid=6168, tid=8036
#
# JRE version: Java(TM) SE Runtime Environment (8.0_91-b15) (build 1.8.0_91-b15)
# Java VM: Java HotSpot(TM) 64-Bit Server VM (25.91-b15 mixed mode windows-amd64 compressed oops)
# Failed to write core dump. Minidumps are not enabled by default on client versions of Windows
#

---------------  T H R E A D  ---------------

Current thread (0x00000000153fc000):  JavaThread "C1 CompilerThread2" daemon [_thread_in_native, id=8036, stack(0x0000000016be0000,0x0000000016ce0000)]

Stack: [0x0000000016be0000,0x0000000016ce0000]
[error occurred during error reporting (printing stack bounds), id 0xc0000005]

Native frames: (J=compiled Java code, j=interpreted, Vv=VM code, C=native code)


Current CompileTask:
C1:   7666  759   !   3       com.android.dx.cf.code.RopperMachine::run (1550 bytes)


---------------  P R O C E S S  ---------------

Java Threads: ( => current thread )
  0x0000000016e4f800 JavaThread "pool-1-thread-4" [_thread_in_vm, id=8052, stack(0x00000000176e0000,0x00000000177e0000)]
  0x0000000016e4f000 JavaThread "pool-1-thread-3" [_thread_in_Java, id=1212, stack(0x00000000175e0000,0x00000000176e0000)]
  0x0000000016e47800 JavaThread "pool-1-thread-2" [_thread_in_Java, id=1736, stack(0x00000000174e0000,0x00000000175e0000)]
  0x0000000016e46800 JavaThread "pool-2-thread-1" [_thread_blocked, id=4880, stack(0x00000000173e0000,0x00000000174e0000)]
  0x0000000016e3b800 JavaThread "pool-1-thread-1" [_thread_in_vm, id=4832, stack(0x00000000172e0000,0x00000000173e0000)]
  0x0000000016ce5800 JavaThread "Service Thread" daemon [_thread_blocked, id=5244, stack(0x00000000170e0000,0x00000000171e0000)]
=>0x00000000153fc000 JavaThread "C1 CompilerThread2" daemon [_thread_in_native, id=8036, stack(0x0000000016be0000,0x0000000016ce0000)]
  0x00000000153a0000 JavaThread "C2 CompilerThread1" daemon [_thread_in_native, id=1640, stack(0x0000000016ae0000,0x0000000016be0000)]
  0x000000001539d000 JavaThread "C2 CompilerThread0" daemon [_thread_in_native, id=5620, stack(0x00000000169e0000,0x0000000016ae0000)]
  0x000000001539b000 JavaThread "Attach Listener" daemon [_thread_blocked, id=4936, stack(0x00000000168e0000,0x00000000169e0000)]
  0x0000000015399800 JavaThread "Signal Dispatcher" daemon [_thread_blocked, id=4148, stack(0x00000000167e0000,0x00000000168e0000)]
  0x000000001538a800 JavaThread "Finalizer" daemon [_thread_blocked, id=6188, stack(0x0000000016600000,0x0000000016700000)]
  0x0000000002cc0000 JavaThread "Reference Handler" daemon [_thread_blocked, id=5468, stack(0x0000000016500000,0x0000000016600000)]
  0x0000000002bd1000 JavaThread "main" [_thread_blocked, id=4004, stack(0x00000000029f0000,0x0000000002af0000)]

Other Threads:
  0x0000000015367800 VMThread [stack: 0x0000000016400000,0x0000000016500000] [id=7900]
  0x0000000016cea800 WatcherThread [stack: 0x00000000171e0000,0x00000000172e0000] [id=1324]

VM state:not at safepoint (normal execution)

VM Mutex/Monitor currently owned by a thread: None

Heap:
 PSYoungGen      total 18944K, used 15697K [0x00000000eab00000, 0x00000000ec000000, 0x0000000100000000)
  eden space 16384K, 95% used [0x00000000eab00000,0x00000000eba545e8,0x00000000ebb00000)
  from space 2560K, 0% used [0x00000000ebd80000,0x00000000ebd80000,0x00000000ec000000)
  to   space 2560K, 0% used [0x00000000ebb00000,0x00000000ebb00000,0x00000000ebd80000)
 ParOldGen       total 44032K, used 0K [0x00000000c0000000, 0x00000000c2b00000, 0x00000000eab00000)
  object space 44032K, 0% used [0x00000000c0000000,0x00000000c0000000,0x00000000c2b00000)
 Metaspace       used 5744K, capacity 6706K, committed 6784K, reserved 1056768K
  class space    used 598K, capacity 618K, committed 640K, reserved 1048576K

Card table byte_map: [0x0000000012090000,0x00000000122a0000] byte_map_base: 0x0000000011a90000

Marking Bits: (ParMarkBitMap*) 0x00000000607c2f70
 Begin Bits: [0x0000000012800000, 0x0000000013800000)
 End Bits:   [0x0000000013800000, 0x0000000014800000)

Polling page: 0x0000000001220000

CodeCache: size=245760Kb used=2963Kb max_used=2963Kb free=242797Kb
 bounds [0x0000000002cd0000, 0x0000000002fc0000, 0x0000000011cd0000]
 total_blobs=1042 nmethods=771 adapters=181
 compilation: enabled

Compilation events (10 events):
Event: 7.622 Thread 0x00000000153fc000  760       3       com.android.dx.cf.code.RopperMachine::getSources (264 bytes)
Event: 7.625 Thread 0x00000000153fc000 nmethod 760 0x0000000002fa6b50 code [0x0000000002fa7160, 0x0000000002fabaf8]
Event: 7.625 Thread 0x00000000153fc000  759   !   3       com.android.dx.cf.code.RopperMachine::run (1550 bytes)
Event: 7.626 Thread 0x00000000153a0000  771       4       java.util.Arrays::copyOf (46 bytes)
Event: 7.629 Thread 0x00000000153a0000 nmethod 771 0x0000000002fb1e90 code [0x0000000002fb1fe0, 0x0000000002fb2178]
Event: 7.635 Thread 0x00000000153a0000  783       4       com.android.dx.ssa.NormalSsaInsn::getLocalAssignment (54 bytes)
Event: 7.635 Thread 0x000000001539d000  784  s    4       java.util.Vector::removeElementAt (115 bytes)
Event: 7.636 Thread 0x00000000153a0000 nmethod 783 0x0000000002fb22d0 code [0x0000000002fb2420, 0x0000000002fb24d8]
Event: 7.636 Thread 0x00000000153a0000  785  s    4       java.util.Stack::pop (19 bytes)
Event: 7.638 Thread 0x000000001539d000 nmethod 784 0x0000000002fb0410 code [0x0000000002fb0560, 0x0000000002fb0818]

GC Heap History (0 events):
No events

Deoptimization events (2 events):
Event: 7.408 Thread 0x0000000016e3b800 Uncommon trap: reason=unstable_if action=reinterpret pc=0x0000000002ea1568 method=java.util.HashMap.getNode(ILjava/lang/Object;)Ljava/util/HashMap$Node; @ 62
Event: 7.521 Thread 0x0000000016e3b800 Uncommon trap: reason=unstable_if action=reinterpret pc=0x0000000002ebd7f0 method=java.util.BitSet.nextSetBit(I)I @ 87

Internal exceptions (2 events):
Event: 3.927 Thread 0x0000000002bd1000 Exception <a 'java/lang/NoSuchMethodError': Method sun.misc.Unsafe.defineClass(Ljava/lang/String;[BII)Ljava/lang/Class; name or signature does not match> (0x00000000eab07cc0) thrown at [C:\re\workspace\8-2-build-windows-amd64-cygwin\jdk8u91\7017\hotspot\srBZ©Wk@
Event: 3.927 Thread 0x0000000002bd1000 Exception <a 'java/lang/NoSuchMethodError': Method sun.misc.Unsafe.prefetchRead(Ljava/lang/Object;J)V name or signature does not match> (0x00000000eab07fa8) thrown at [C:\re\workspace\8-2-build-windows-amd64-cygwin\jdk8u91\7017\hotspot\src\share\vm\prims\j

Events (10 events):
Event: 7.521 Thread 0x0000000016e3b800 DEOPT PACKING pc=0x0000000002ebd7f0 sp=0x00000000173dea80
Event: 7.521 Thread 0x0000000016e3b800 DEOPT UNPACKING pc=0x0000000002d1582a sp=0x00000000173dea18 mode 2
Event: 7.526 loading class com/android/dx/rop/code/LocalItem
Event: 7.526 loading class com/android/dx/rop/code/LocalItem done
Event: 7.536 loading class java/util/DualPivotQuicksort
Event: 7.536 loading class java/util/DualPivotQuicksort done
Event: 7.539 loading class java/util/HashMap$KeySet
Event: 7.539 loading class java/util/HashMap$KeySet done
Event: 7.539 loading class java/util/HashMap$KeyIterator
Event: 7.539 loading class java/util/HashMap$KeyIterator done


Dynamic libraries:
0x00007ff740880000 - 0x00007ff7408b7000 	C:\Program Files\Java\jdk1.8.0_91\bin\java.exe
0x00007ffca5d70000 - 0x00007ffca5f31000 	C:\WINDOWS\SYSTEM32\ntdll.dll
0x00007ffca4a10000 - 0x00007ffca4abd000 	C:\WINDOWS\system32\KERNEL32.DLL
0x00007ffca26a0000 - 0x00007ffca2888000 	C:\WINDOWS\system32\KERNELBASE.dll
0x00007ffca4ad0000 - 0x00007ffca4b77000 	C:\WINDOWS\system32\ADVAPI32.dll
0x00007ffca54d0000 - 0x00007ffca556d000 	C:\WINDOWS\system32\msvcrt.dll
0x00007ffca4ce0000 - 0x00007ffca4d3b000 	C:\WINDOWS\system32\sechost.dll
0x00007ffca5970000 - 0x00007ffca5a8c000 	C:\WINDOWS\system32\RPCRT4.dll
0x00007ffca4b80000 - 0x00007ffca4cd6000 	C:\WINDOWS\system32\USER32.dll
0x00007ffca3170000 - 0x00007ffca32f6000 	C:\WINDOWS\system32\GDI32.dll
0x00007ffc97da0000 - 0x00007ffc98014000 	C:\WINDOWS\WinSxS\amd64_microsoft.windows.common-controls_6595b64144ccf1df_6.0.10586.494_none_a2d8b04ea53e3145\COMCTL32.dll
0x00007ffca5af0000 - 0x00007ffca5d6d000 	C:\WINDOWS\system32\combase.dll
0x00007ffca2890000 - 0x00007ffca28fa000 	C:\WINDOWS\system32\bcryptPrimitives.dll
0x00007ffca5430000 - 0x00007ffca546b000 	C:\WINDOWS\system32\IMM32.DLL
0x000000005faf0000 - 0x000000005fbc2000 	C:\Program Files\Java\jdk1.8.0_91\jre\bin\msvcr100.dll
0x000000005ffb0000 - 0x0000000060843000 	C:\Program Files\Java\jdk1.8.0_91\jre\bin\server\jvm.dll
0x00007ffca55e0000 - 0x00007ffca55e8000 	C:\WINDOWS\system32\PSAPI.DLL
0x00007ffc8db70000 - 0x00007ffc8db79000 	C:\WINDOWS\SYSTEM32\WSOCK32.dll
0x00007ffca53c0000 - 0x00007ffca542b000 	C:\WINDOWS\system32\WS2_32.dll
0x00007ffca0920000 - 0x00007ffca0943000 	C:\WINDOWS\SYSTEM32\WINMM.dll
0x00007ffc9ff80000 - 0x00007ffc9ff8a000 	C:\WINDOWS\SYSTEM32\VERSION.dll
0x00007ffca08c0000 - 0x00007ffca08ec000 	C:\WINDOWS\SYSTEM32\WINMMBASE.dll
0x00007ffca2ad0000 - 0x00007ffca2b13000 	C:\WINDOWS\system32\cfgmgr32.dll
0x000000005ffa0000 - 0x000000005ffaf000 	C:\Program Files\Java\jdk1.8.0_91\jre\bin\verify.dll
0x000000005ff70000 - 0x000000005ff99000 	C:\Program Files\Java\jdk1.8.0_91\jre\bin\java.dll
0x000000005ff50000 - 0x000000005ff66000 	C:\Program Files\Java\jdk1.8.0_91\jre\bin\zip.dll
0x00007ffca34b0000 - 0x00007ffca4a0c000 	C:\WINDOWS\system32\SHELL32.dll
0x00007ffca2b20000 - 0x00007ffca3165000 	C:\WINDOWS\system32\windows.storage.dll
0x00007ffca5a90000 - 0x00007ffca5ae2000 	C:\WINDOWS\system32\shlwapi.dll
0x00007ffca2400000 - 0x00007ffca240f000 	C:\WINDOWS\system32\kernel.appcore.dll
0x00007ffca2900000 - 0x00007ffca29b5000 	C:\WINDOWS\system32\shcore.dll
0x00007ffca23b0000 - 0x00007ffca23fb000 	C:\WINDOWS\system32\powrprof.dll
0x00007ffca2390000 - 0x00007ffca23a4000 	C:\WINDOWS\system32\profapi.dll

VM Arguments:
jvm_args: -Djava.awt.headless=true -Xmx1024M -Dfile.encoding=windows-1252 -Duser.country=IN -Duser.language=en -Duser.variant 
java_command: com.android.dx.command.Main --dex --num-threads=4 --output F:\Androidwk\AtmLocatorfnder\AtmLocatorfnder\AtmLocatorfnder\app\build\intermediates\pre-dexed\debug\com.google.android.gms-play-services-tasks-9.0.1_8eb6f7dd6b8ae635cb52088bd32b8ace1e205307.jar F:\Androidwk\AtmLocatorfnder\AtmLocatorfnder\AtmLocatorfnder\app\build\intermediates\exploded-aar\com.google.android.gms\play-services-tasks\9.0.1\jars\classes.jar
java_class_path (initial): C:\Users\AJAY DHIMAN\AppData\Local\Android\Sdk\build-tools\23.0.3\lib\dx.jar
Launcher Type: SUN_STANDARD

Environment Variables:
PATH=C:\ProgramData\Oracle\Java\javapath;C:\Program Files\Java\jdk1.7.0_25\bin;C:\WINDOWS\system32;C:\WINDOWS;C:\WINDOWS\System32\Wbem;C:\WINDOWS\System32\WindowsPowerShell\v1.0\;C:\Program Files (x86)\Common Files\lenovo\easyplussdk\bin;C:\Program Files (x86)\Skype\Phone\;C:\Program Files (x86)\GtkSharp\2.12\bin;C:\Program Files\Java\jdk1.7.0_25\bin;C:\WINDOWS\system32;C:\WINDOWS;C:\WINDOWS\System32\Wbem;C:\WINDOWS\System32\WindowsPowerShell\v1.0\;C:\Program Files (x86)\Common Files\lenovo\easyplussdk\bin;C:\Program Files (x86)\Skype\Phone\
USERNAME=AJAY DHIMAN
OS=Windows_NT
PROCESSOR_IDENTIFIER=Intel64 Family 6 Model 69 Stepping 1, GenuineIntel



---------------  S Y S T E M  ---------------

OS: Windows 10.0 , 64 bit Build 10586 (10.0.10586.0)

CPU:total 4 (2 cores per cpu, 2 threads per core) family 6 model 69 stepping 1, cmov, cx8, fxsr, mmx, sse, sse2, sse3, ssse3, sse4.1, sse4.2, popcnt, avx, avx2, aes, clmul, erms, lzcnt, ht, tsc, tscinvbit, bmi1, bmi2

Memory: 4k page, physical 4122776k(194180k free), swap 5555352k(4680k free)

vm_info: Java HotSpot(TM) 64-Bit Server VM (25.91-b15) for windows-amd64 JRE (1.8.0_91-b15), built on May 20 2016 17:43:15 by "java_re" with MS VC++ 10.0 (VS2010)

time: Mon Aug 01 20:45:14 2016
elapsed time: 7 seconds (0d 0h 0m 7s)

