#
# There is insufficient memory for the Java Runtime Environment to continue.
# Native memory allocation (malloc) failed to allocate 666816 bytes for Chunk::new
# Possible reasons:
#   The system is out of physical RAM or swap space
#   In 32 bit mode, the process size limit was hit
# Possible solutions:
#   Reduce memory load on the system
#   Increase physical memory or swap space
#   Check if swap backing store is full
#   Use 64 bit Java on a 64 bit OS
#   Decrease Java heap size (-Xmx/-Xms)
#   Decrease number of Java threads
#   Decrease Java thread stack sizes (-Xss)
#   Set larger code cache with -XX:ReservedCodeCacheSize=
# This output file may be truncated or incomplete.
#
#  Out of Memory Error (allocation.cpp:390), pid=7260, tid=6476
#
# JRE version: Java(TM) SE Runtime Environment (8.0_91-b15) (build 1.8.0_91-b15)
# Java VM: Java HotSpot(TM) 64-Bit Server VM (25.91-b15 mixed mode windows-amd64 compressed oops)
# Failed to write core dump. Minidumps are not enabled by default on client versions of Windows
#

---------------  T H R E A D  ---------------

Current thread (0x00000000153be000):  JavaThread "C2 CompilerThread0" daemon [_thread_in_native, id=6476, stack(0x00000000169f0000,0x0000000016af0000)]

Stack: [0x00000000169f0000,0x0000000016af0000]
[error occurred during error reporting (printing stack bounds), id 0xc0000005]

Native frames: (J=compiled Java code, j=interpreted, Vv=VM code, C=native code)


Current CompileTask:
C2:   9355 2359       4       com.android.dx.dex.code.DalvCode::finishProcessingIfNecessary (69 bytes)


---------------  P R O C E S S  ---------------

Java Threads: ( => current thread )
  0x0000000016cf1800 JavaThread "Service Thread" daemon [_thread_blocked, id=6960, stack(0x00000000170f0000,0x00000000171f0000)]
  0x000000001541a000 JavaThread "C1 CompilerThread2" daemon [_thread_blocked, id=1324, stack(0x0000000016bf0000,0x0000000016cf0000)]
  0x00000000153fc800 JavaThread "C2 CompilerThread1" daemon [_thread_in_native, id=7800, stack(0x0000000016af0000,0x0000000016bf0000)]
=>0x00000000153be000 JavaThread "C2 CompilerThread0" daemon [_thread_in_native, id=6476, stack(0x00000000169f0000,0x0000000016af0000)]
  0x00000000153bc000 JavaThread "Attach Listener" daemon [_thread_blocked, id=3708, stack(0x00000000168f0000,0x00000000169f0000)]
  0x00000000153ba800 JavaThread "Signal Dispatcher" daemon [_thread_blocked, id=3812, stack(0x00000000167f0000,0x00000000168f0000)]
  0x0000000002ce5000 JavaThread "Finalizer" daemon [_thread_blocked, id=3940, stack(0x0000000016610000,0x0000000016710000)]
  0x0000000002ce0000 JavaThread "Reference Handler" daemon [_thread_blocked, id=6212, stack(0x0000000016510000,0x0000000016610000)]
  0x0000000002bf1000 JavaThread "main" [_thread_in_Java, id=2784, stack(0x00000000029f0000,0x0000000002af0000)]

Other Threads:
  0x0000000015388000 VMThread [stack: 0x0000000016410000,0x0000000016510000] [id=7460]
  0x0000000016cf5000 WatcherThread [stack: 0x00000000171f0000,0x00000000172f0000] [id=6680]

VM state:not at safepoint (normal execution)

VM Mutex/Monitor currently owned by a thread: None

Heap:
 PSYoungGen      total 144384K, used 9642K [0x00000000eab00000, 0x00000000f4500000, 0x0000000100000000)
  eden space 131072K, 0% used [0x00000000eab00000,0x00000000eac1d0e8,0x00000000f2b00000)
  from space 13312K, 63% used [0x00000000f3800000,0x00000000f404d858,0x00000000f4500000)
  to   space 13312K, 0% used [0x00000000f2b00000,0x00000000f2b00000,0x00000000f3800000)
 ParOldGen       total 44032K, used 23126K [0x00000000c0000000, 0x00000000c2b00000, 0x00000000eab00000)
  object space 44032K, 52% used [0x00000000c0000000,0x00000000c1695970,0x00000000c2b00000)
 Metaspace       used 6833K, capacity 7512K, committed 7680K, reserved 1056768K
  class space    used 639K, capacity 656K, committed 768K, reserved 1048576K

Card table byte_map: [0x00000000120b0000,0x00000000122c0000] byte_map_base: 0x0000000011ab0000

Marking Bits: (ParMarkBitMap*) 0x00000000607c2f70
 Begin Bits: [0x0000000012820000, 0x0000000013820000)
 End Bits:   [0x0000000013820000, 0x0000000014820000)

Polling page: 0x00000000028f0000

CodeCache: size=245760Kb used=9080Kb max_used=9080Kb free=236679Kb
 bounds [0x0000000002cf0000, 0x00000000035e0000, 0x0000000011cf0000]
 total_blobs=2557 nmethods=2288 adapters=181
 compilation: enabled

Compilation events (10 events):
Event: 9.339 Thread 0x000000001541a000 2372       1       com.android.dx.rop.cst.CstString::getBytes (5 bytes)
Event: 9.339 Thread 0x000000001541a000 nmethod 2372 0x00000000035ba8d0 code [0x00000000035baa20, 0x00000000035bab30]
Event: 9.339 Thread 0x000000001541a000 2373       3       com.android.dex.Leb128::writeUnsignedLeb128 (46 bytes)
Event: 9.339 Thread 0x000000001541a000 nmethod 2373 0x00000000035bc6d0 code [0x00000000035bc860, 0x00000000035bcbf8]
Event: 9.339 Thread 0x000000001541a000 2374       3       com.android.dx.dex.file.StringDataItem::writeTo0 (103 bytes)
Event: 9.341 Thread 0x000000001541a000 nmethod 2374 0x00000000035d45d0 code [0x00000000035d4900, 0x00000000035d6288]
Event: 9.341 Thread 0x000000001541a000 2375       3       com.android.dx.util.ByteArray::getBytes (39 bytes)
Event: 9.342 Thread 0x000000001541a000 nmethod 2375 0x00000000035bc0d0 code [0x00000000035bc260, 0x00000000035bc598]
Event: 9.342 Thread 0x000000001541a000 2376       3       com.android.dx.util.ByteArrayAnnotatedOutput::write (61 bytes)
Event: 9.342 Thread 0x000000001541a000 nmethod 2376 0x00000000035d6fd0 code [0x00000000035d7160, 0x00000000035d7628]

GC Heap History (10 events):
Event: 4.625 GC heap before
{Heap before GC invocations=2 (full 0):
 PSYoungGen      total 18944K, used 18917K [0x00000000eab00000, 0x00000000ed000000, 0x0000000100000000)
  eden space 16384K, 100% used [0x00000000eab00000,0x00000000ebb00000,0x00000000ebb00000)
  from space 2560K, 98% used [0x00000000ebb00000,0x00000000ebd795c0,0x00000000ebd80000)
  to   space 2560K, 0% used [0x00000000ecd80000,0x00000000ecd80000,0x00000000ed000000)
 ParOldGen       total 44032K, used 1261K [0x00000000c0000000, 0x00000000c2b00000, 0x00000000eab00000)
  object space 44032K, 2% used [0x00000000c0000000,0x00000000c013b7e8,0x00000000c2b00000)
 Metaspace       used 5955K, capacity 6834K, committed 7040K, reserved 1056768K
  class space    used 596K, capacity 618K, committed 640K, reserved 1048576K
Event: 4.672 GC heap after
Heap after GC invocations=2 (full 0):
 PSYoungGen      total 35328K, used 2528K [0x00000000eab00000, 0x00000000ed000000, 0x0000000100000000)
  eden space 32768K, 0% used [0x00000000eab00000,0x00000000eab00000,0x00000000ecb00000)
  from space 2560K, 98% used [0x00000000ecd80000,0x00000000ecff8038,0x00000000ed000000)
  to   space 2560K, 0% used [0x00000000ecb00000,0x00000000ecb00000,0x00000000ecd80000)
 ParOldGen       total 44032K, used 3320K [0x00000000c0000000, 0x00000000c2b00000, 0x00000000eab00000)
  object space 44032K, 7% used [0x00000000c0000000,0x00000000c033e018,0x00000000c2b00000)
 Metaspace       used 5955K, capacity 6834K, committed 7040K, reserved 1056768K
  class space    used 596K, capacity 618K, committed 640K, reserved 1048576K
}
Event: 5.277 GC heap before
{Heap before GC invocations=3 (full 0):
 PSYoungGen      total 35328K, used 35296K [0x00000000eab00000, 0x00000000ed000000, 0x0000000100000000)
  eden space 32768K, 100% used [0x00000000eab00000,0x00000000ecb00000,0x00000000ecb00000)
  from space 2560K, 98% used [0x00000000ecd80000,0x00000000ecff8038,0x00000000ed000000)
  to   space 2560K, 0% used [0x00000000ecb00000,0x00000000ecb00000,0x00000000ecd80000)
 ParOldGen       total 44032K, used 3320K [0x00000000c0000000, 0x00000000c2b00000, 0x00000000eab00000)
  object space 44032K, 7% used [0x00000000c0000000,0x00000000c033e018,0x00000000c2b00000)
 Metaspace       used 6138K, capacity 7026K, committed 7296K, reserved 1056768K
  class space    used 597K, capacity 618K, committed 640K, reserved 1048576K
Event: 5.367 GC heap after
Heap after GC invocations=3 (full 0):
 PSYoungGen      total 35328K, used 2544K [0x00000000eab00000, 0x00000000ef000000, 0x0000000100000000)
  eden space 32768K, 0% used [0x00000000eab00000,0x00000000eab00000,0x00000000ecb00000)
  from space 2560K, 99% used [0x00000000ecb00000,0x00000000ecd7c028,0x00000000ecd80000)
  to   space 2560K, 0% used [0x00000000eed80000,0x00000000eed80000,0x00000000ef000000)
 ParOldGen       total 44032K, used 8008K [0x00000000c0000000, 0x00000000c2b00000, 0x00000000eab00000)
  object space 44032K, 18% used [0x00000000c0000000,0x00000000c07d2358,0x00000000c2b00000)
 Metaspace       used 6138K, capacity 7026K, committed 7296K, reserved 1056768K
  class space    used 597K, capacity 618K, committed 640K, reserved 1048576K
}
Event: 5.714 GC heap before
{Heap before GC invocations=4 (full 0):
 PSYoungGen      total 35328K, used 35312K [0x00000000eab00000, 0x00000000ef000000, 0x0000000100000000)
  eden space 32768K, 100% used [0x00000000eab00000,0x00000000ecb00000,0x00000000ecb00000)
  from space 2560K, 99% used [0x00000000ecb00000,0x00000000ecd7c028,0x00000000ecd80000)
  to   space 2560K, 0% used [0x00000000eed80000,0x00000000eed80000,0x00000000ef000000)
 ParOldGen       total 44032K, used 8008K [0x00000000c0000000, 0x00000000c2b00000, 0x00000000eab00000)
  object space 44032K, 18% used [0x00000000c0000000,0x00000000c07d2358,0x00000000c2b00000)
 Metaspace       used 6200K, capacity 7090K, committed 7296K, reserved 1056768K
  class space    used 597K, capacity 618K, committed 640K, reserved 1048576K
Event: 5.790 GC heap after
Heap after GC invocations=4 (full 0):
 PSYoungGen      total 68096K, used 2544K [0x00000000eab00000, 0x00000000ef000000, 0x0000000100000000)
  eden space 65536K, 0% used [0x00000000eab00000,0x00000000eab00000,0x00000000eeb00000)
  from space 2560K, 99% used [0x00000000eed80000,0x00000000eeffc028,0x00000000ef000000)
  to   space 2560K, 0% used [0x00000000eeb00000,0x00000000eeb00000,0x00000000eed80000)
 ParOldGen       total 44032K, used 12454K [0x00000000c0000000, 0x00000000c2b00000, 0x00000000eab00000)
  object space 44032K, 28% used [0x00000000c0000000,0x00000000c0c29a58,0x00000000c2b00000)
 Metaspace       used 6200K, capacity 7090K, committed 7296K, reserved 1056768K
  class space    used 597K, capacity 618K, committed 640K, reserved 1048576K
}
Event: 6.784 GC heap before
{Heap before GC invocations=5 (full 0):
 PSYoungGen      total 68096K, used 68080K [0x00000000eab00000, 0x00000000ef000000, 0x0000000100000000)
  eden space 65536K, 100% used [0x00000000eab00000,0x00000000eeb00000,0x00000000eeb00000)
  from space 2560K, 99% used [0x00000000eed80000,0x00000000eeffc028,0x00000000ef000000)
  to   space 2560K, 0% used [0x00000000eeb00000,0x00000000eeb00000,0x00000000eed80000)
 ParOldGen       total 44032K, used 12454K [0x00000000c0000000, 0x00000000c2b00000, 0x00000000eab00000)
  object space 44032K, 28% used [0x00000000c0000000,0x00000000c0c29a58,0x00000000c2b00000)
 Metaspace       used 6318K, capacity 7154K, committed 7296K, reserved 1056768K
  class space    used 601K, capacity 618K, committed 640K, reserved 1048576K
Event: 6.824 GC heap after
Heap after GC invocations=5 (full 0):
 PSYoungGen      total 68096K, used 2528K [0x00000000eab00000, 0x00000000f4500000, 0x0000000100000000)
  eden space 65536K, 0% used [0x00000000eab00000,0x00000000eab00000,0x00000000eeb00000)
  from space 2560K, 98% used [0x00000000eeb00000,0x00000000eed78038,0x00000000eed80000)
  to   space 13312K, 0% used [0x00000000f3800000,0x00000000f3800000,0x00000000f4500000)
 ParOldGen       total 44032K, used 23118K [0x00000000c0000000, 0x00000000c2b00000, 0x00000000eab00000)
  object space 44032K, 52% used [0x00000000c0000000,0x00000000c1693970,0x00000000c2b00000)
 Metaspace       used 6318K, capacity 7154K, committed 7296K, reserved 1056768K
  class space    used 601K, capacity 618K, committed 640K, reserved 1048576K
}
Event: 9.103 GC heap before
{Heap before GC invocations=6 (full 0):
 PSYoungGen      total 68096K, used 67971K [0x00000000eab00000, 0x00000000f4500000, 0x0000000100000000)
  eden space 65536K, 99% used [0x00000000eab00000,0x00000000eeae8fa0,0x00000000eeb00000)
  from space 2560K, 98% used [0x00000000eeb00000,0x00000000eed78038,0x00000000eed80000)
  to   space 13312K, 0% used [0x00000000f3800000,0x00000000f3800000,0x00000000f4500000)
 ParOldGen       total 44032K, used 23118K [0x00000000c0000000, 0x00000000c2b00000, 0x00000000eab00000)
  object space 44032K, 52% used [0x00000000c0000000,0x00000000c1693970,0x00000000c2b00000)
 Metaspace       used 6772K, capacity 7448K, committed 7680K, reserved 1056768K
  class space    used 638K, capacity 656K, committed 768K, reserved 1048576K
Event: 9.170 GC heap after
Heap after GC invocations=6 (full 0):
 PSYoungGen      total 144384K, used 8502K [0x00000000eab00000, 0x00000000f4500000, 0x0000000100000000)
  eden space 131072K, 0% used [0x00000000eab00000,0x00000000eab00000,0x00000000f2b00000)
  from space 13312K, 63% used [0x00000000f3800000,0x00000000f404d858,0x00000000f4500000)
  to   space 13312K, 0% used [0x00000000f2b00000,0x00000000f2b00000,0x00000000f3800000)
 ParOldGen       total 44032K, used 23126K [0x00000000c0000000, 0x00000000c2b00000, 0x00000000eab00000)
  object space 44032K, 52% used [0x00000000c0000000,0x00000000c1695970,0x00000000c2b00000)
 Metaspace       used 6772K, capacity 7448K, committed 7680K, reserved 1056768K
  class space    used 638K, capacity 656K, committed 768K, reserved 1048576K
}

Deoptimization events (10 events):
Event: 8.631 Thread 0x0000000002bf1000 Uncommon trap: reason=bimorphic action=maybe_recompile pc=0x00000000034609f8 method=java.util.TreeMap.compare(Ljava/lang/Object;Ljava/lang/Object;)I @ 12
Event: 8.631 Thread 0x0000000002bf1000 Uncommon trap: reason=unstable_if action=reinterpret pc=0x00000000034602bc method=java.util.TreeMap.put(Ljava/lang/Object;Ljava/lang/Object;)Ljava/lang/Object; @ 163
Event: 8.923 Thread 0x0000000002bf1000 Uncommon trap: reason=unstable_if action=reinterpret pc=0x000000000351296c method=com.android.dx.dex.code.OutputFinisher.findOpcodeForInsn(Lcom/android/dx/dex/code/DalvInsn;Lcom/android/dx/dex/code/Dop;)Lcom/android/dx/dex/code/Dop; @ 1
Event: 8.925 Thread 0x0000000002bf1000 Uncommon trap: reason=unstable_if action=reinterpret pc=0x0000000003502068 method=com.android.dx.dex.code.OutputFinisher.findOpcodeForInsn(Lcom/android/dx/dex/code/DalvInsn;Lcom/android/dx/dex/code/Dop;)Lcom/android/dx/dex/code/Dop; @ 1
Event: 8.925 Thread 0x0000000002bf1000 Uncommon trap: reason=unstable_if action=reinterpret pc=0x00000000035102c8 method=com.android.dx.dex.code.OutputFinisher.align64bits([Lcom/android/dx/dex/code/Dop;)V @ 205
Event: 8.926 Thread 0x0000000002bf1000 Uncommon trap: reason=unstable_if action=reinterpret pc=0x00000000034ab200 method=com.android.dx.dex.code.OutputFinisher.findOpcodeForInsn(Lcom/android/dx/dex/code/DalvInsn;Lcom/android/dx/dex/code/Dop;)Lcom/android/dx/dex/code/Dop; @ 1
Event: 8.927 Thread 0x0000000002bf1000 Uncommon trap: reason=unstable_if action=reinterpret pc=0x0000000003511c00 method=com.android.dx.dex.code.OutputFinisher.massageInstructions([Lcom/android/dx/dex/code/Dop;)V @ 4
Event: 9.171 Thread 0x0000000002bf1000 Uncommon trap: reason=unstable_if action=reinterpret pc=0x000000000353ebc4 method=com.android.dx.util.ByteArrayAnnotatedOutput.writeByte(I)V @ 13
Event: 9.338 Thread 0x0000000002bf1000 Uncommon trap: reason=unstable_if action=reinterpret pc=0x000000000355a2b0 method=com.android.dx.util.ByteArrayAnnotatedOutput.writeUleb128(I)I @ 4
Event: 9.338 Thread 0x0000000002bf1000 Uncommon trap: reason=unstable_if action=reinterpret pc=0x000000000354a988 method=com.android.dx.util.ByteArrayAnnotatedOutput.writeByte(I)V @ 13

Internal exceptions (5 events):
Event: 0.098 Thread 0x0000000002bf1000 Exception <a 'java/lang/NoSuchMethodError': Method sun.misc.Unsafe.defineClass(Ljava/lang/String;[BII)Ljava/lang/Class; name or signature does not match> (0x00000000eab07cc0) thrown at [C:\re\workspace\8-2-build-windows-amd64-cygwin\jdk8u91\7017\hotspot\srðxíQ1¹?
Event: 0.098 Thread 0x0000000002bf1000 Exception <a 'java/lang/NoSuchMethodError': Method sun.misc.Unsafe.prefetchRead(Ljava/lang/Object;J)V name or signature does not match> (0x00000000eab07fa8) thrown at [C:\re\workspace\8-2-build-windows-amd64-cygwin\jdk8u91\7017\hotspot\src\share\vm\prims\jÙPRŸ4@
Event: 7.051 Thread 0x0000000016f7d000 Exception <a 'java/lang/ArrayIndexOutOfBoundsException': 18> (0x00000000eb96d288) thrown at [C:\re\workspace\8-2-build-windows-amd64-cygwin\jdk8u91\7017\hotspot\src\share\vm\interpreter\interpreterRuntime.cpp, line 366]
Event: 7.052 Thread 0x0000000016f7d000 Exception <a 'java/lang/ArrayIndexOutOfBoundsException': 145> (0x00000000eb96ee08) thrown at [C:\re\workspace\8-2-build-windows-amd64-cygwin\jdk8u91\7017\hotspot\src\share\vm\interpreter\interpreterRuntime.cpp, line 366]
Event: 7.053 Thread 0x0000000016f7d000 Exception <a 'java/lang/ArrayIndexOutOfBoundsException'> (0x00000000eb9700f0) thrown at [C:\re\workspace\8-2-build-windows-amd64-cygwin\jdk8u91\7017\hotspot\src\share\vm\runtime\sharedRuntime.cpp, line 605]

Events (10 events):
Event: 9.319 Thread 0x0000000002bf1000 DEOPT PACKING pc=0x000000000359da4f sp=0x0000000002aee890
Event: 9.319 Thread 0x0000000002bf1000 DEOPT UNPACKING pc=0x0000000002d3787f sp=0x0000000002aee668 mode 0
Event: 9.321 Thread 0x0000000002bf1000 DEOPT PACKING pc=0x000000000359da4f sp=0x0000000002aee890
Event: 9.321 Thread 0x0000000002bf1000 DEOPT UNPACKING pc=0x0000000002d3787f sp=0x0000000002aee668 mode 0
Event: 9.338 Thread 0x0000000002bf1000 Uncommon trap: trap_request=0xffffff65 fr.pc=0x000000000355a2b0
Event: 9.338 Thread 0x0000000002bf1000 DEOPT PACKING pc=0x000000000355a2b0 sp=0x0000000002aeeb30
Event: 9.338 Thread 0x0000000002bf1000 DEOPT UNPACKING pc=0x0000000002d3582a sp=0x0000000002aeeb00 mode 2
Event: 9.338 Thread 0x0000000002bf1000 Uncommon trap: trap_request=0xffffff65 fr.pc=0x000000000354a988
Event: 9.338 Thread 0x0000000002bf1000 DEOPT PACKING pc=0x000000000354a988 sp=0x0000000002aeead0
Event: 9.338 Thread 0x0000000002bf1000 DEOPT UNPACKING pc=0x0000000002d3582a sp=0x0000000002aeea20 mode 2


Dynamic libraries:
0x00007ff740880000 - 0x00007ff7408b7000 	C:\Program Files\Java\jdk1.8.0_91\bin\java.exe
0x00007ffca5d70000 - 0x00007ffca5f31000 	C:\WINDOWS\SYSTEM32\ntdll.dll
0x00007ffca4a10000 - 0x00007ffca4abd000 	C:\WINDOWS\system32\KERNEL32.DLL
0x00007ffca26a0000 - 0x00007ffca2888000 	C:\WINDOWS\system32\KERNELBASE.dll
0x00007ffca4ad0000 - 0x00007ffca4b77000 	C:\WINDOWS\system32\ADVAPI32.dll
0x00007ffca54d0000 - 0x00007ffca556d000 	C:\WINDOWS\system32\msvcrt.dll
0x00007ffca4ce0000 - 0x00007ffca4d3b000 	C:\WINDOWS\system32\sechost.dll
0x00007ffca5970000 - 0x00007ffca5a8c000 	C:\WINDOWS\system32\RPCRT4.dll
0x00007ffca4b80000 - 0x00007ffca4cd6000 	C:\WINDOWS\system32\USER32.dll
0x00007ffca3170000 - 0x00007ffca32f6000 	C:\WINDOWS\system32\GDI32.dll
0x00007ffc97da0000 - 0x00007ffc98014000 	C:\WINDOWS\WinSxS\amd64_microsoft.windows.common-controls_6595b64144ccf1df_6.0.10586.494_none_a2d8b04ea53e3145\COMCTL32.dll
0x00007ffca5af0000 - 0x00007ffca5d6d000 	C:\WINDOWS\system32\combase.dll
0x00007ffca2890000 - 0x00007ffca28fa000 	C:\WINDOWS\system32\bcryptPrimitives.dll
0x00007ffca5430000 - 0x00007ffca546b000 	C:\WINDOWS\system32\IMM32.DLL
0x000000005faf0000 - 0x000000005fbc2000 	C:\Program Files\Java\jdk1.8.0_91\jre\bin\msvcr100.dll
0x000000005ffb0000 - 0x0000000060843000 	C:\Program Files\Java\jdk1.8.0_91\jre\bin\server\jvm.dll
0x00007ffca55e0000 - 0x00007ffca55e8000 	C:\WINDOWS\system32\PSAPI.DLL
0x00007ffc8db70000 - 0x00007ffc8db79000 	C:\WINDOWS\SYSTEM32\WSOCK32.dll
0x00007ffca53c0000 - 0x00007ffca542b000 	C:\WINDOWS\system32\WS2_32.dll
0x00007ffca0920000 - 0x00007ffca0943000 	C:\WINDOWS\SYSTEM32\WINMM.dll
0x00007ffc9ff80000 - 0x00007ffc9ff8a000 	C:\WINDOWS\SYSTEM32\VERSION.dll
0x00007ffca08c0000 - 0x00007ffca08ec000 	C:\WINDOWS\SYSTEM32\WINMMBASE.dll
0x00007ffca2ad0000 - 0x00007ffca2b13000 	C:\WINDOWS\system32\cfgmgr32.dll
0x000000005ffa0000 - 0x000000005ffaf000 	C:\Program Files\Java\jdk1.8.0_91\jre\bin\verify.dll
0x000000005ff70000 - 0x000000005ff99000 	C:\Program Files\Java\jdk1.8.0_91\jre\bin\java.dll
0x000000005ff50000 - 0x000000005ff66000 	C:\Program Files\Java\jdk1.8.0_91\jre\bin\zip.dll
0x00007ffca34b0000 - 0x00007ffca4a0c000 	C:\WINDOWS\system32\SHELL32.dll
0x00007ffca2b20000 - 0x00007ffca3165000 	C:\WINDOWS\system32\windows.storage.dll
0x00007ffca5a90000 - 0x00007ffca5ae2000 	C:\WINDOWS\system32\shlwapi.dll
0x00007ffca2400000 - 0x00007ffca240f000 	C:\WINDOWS\system32\kernel.appcore.dll
0x00007ffca2900000 - 0x00007ffca29b5000 	C:\WINDOWS\system32\shcore.dll
0x00007ffca23b0000 - 0x00007ffca23fb000 	C:\WINDOWS\system32\powrprof.dll
0x00007ffca2390000 - 0x00007ffca23a4000 	C:\WINDOWS\system32\profapi.dll

VM Arguments:
jvm_args: -Djava.awt.headless=true -Xmx1024M -Dfile.encoding=windows-1252 -Duser.country=IN -Duser.language=en -Duser.variant 
java_command: com.android.dx.command.Main --dex --num-threads=4 --output F:\Androidwk\AtmLocatorfnder\AtmLocatorfnder\AtmLocatorfnder\app\build\intermediates\pre-dexed\debug\com.google.android.gms-play-services-analytics-impl-9.0.1_e3545f3e98aeca26dda1e4d9689c93ee151d83f7.jar F:\Androidwk\AtmLocatorfnder\AtmLocatorfnder\AtmLocatorfnder\app\build\intermediates\exploded-aar\com.google.android.gms\play-services-analytics-impl\9.0.1\jars\classes.jar
java_class_path (initial): C:\Users\AJAY DHIMAN\AppData\Local\Android\Sdk\build-tools\23.0.3\lib\dx.jar
Launcher Type: SUN_STANDARD

Environment Variables:
PATH=C:\ProgramData\Oracle\Java\javapath;C:\Program Files\Java\jdk1.7.0_25\bin;C:\WINDOWS\system32;C:\WINDOWS;C:\WINDOWS\System32\Wbem;C:\WINDOWS\System32\WindowsPowerShell\v1.0\;C:\Program Files (x86)\Common Files\lenovo\easyplussdk\bin;C:\Program Files (x86)\Skype\Phone\;C:\Program Files (x86)\GtkSharp\2.12\bin;C:\Program Files\Java\jdk1.7.0_25\bin;C:\WINDOWS\system32;C:\WINDOWS;C:\WINDOWS\System32\Wbem;C:\WINDOWS\System32\WindowsPowerShell\v1.0\;C:\Program Files (x86)\Common Files\lenovo\easyplussdk\bin;C:\Program Files (x86)\Skype\Phone\
USERNAME=AJAY DHIMAN
OS=Windows_NT
PROCESSOR_IDENTIFIER=Intel64 Family 6 Model 69 Stepping 1, GenuineIntel



---------------  S Y S T E M  ---------------

OS: Windows 10.0 , 64 bit Build 10586 (10.0.10586.0)

CPU:total 4 (2 cores per cpu, 2 threads per core) family 6 model 69 stepping 1, cmov, cx8, fxsr, mmx, sse, sse2, sse3, ssse3, sse4.1, sse4.2, popcnt, avx, avx2, aes, clmul, erms, lzcnt, ht, tsc, tscinvbit, bmi1, bmi2

Memory: 4k page, physical 4122776k(292360k free), swap 5555352k(5312k free)

vm_info: Java HotSpot(TM) 64-Bit Server VM (25.91-b15) for windows-amd64 JRE (1.8.0_91-b15), built on May 20 2016 17:43:15 by "java_re" with MS VC++ 10.0 (VS2010)

time: Mon Aug 01 20:58:14 2016
elapsed time: 9 seconds (0d 0h 0m 9s)

